<?xml version="1.0" encoding="utf-8"?><testsuites name="pytest tests"><testsuite name="pytest" errors="0" failures="0" skipped="0" tests="11" time="59.786" timestamp="2026-02-20T21:40:27.499534+00:00" hostname="agent-env-3ea01ac0-1817-4a02-8bbe-913434c9ebdd"><testcase classname="backend.tests.test_ai_assistant_context.TestAPIHealth" name="test_health_check" time="0.208" /><testcase classname="backend.tests.test_ai_assistant_context.TestAIAssistantContextAwareness" name="test_ai_assistant_revenue_question" time="3.097" /><testcase classname="backend.tests.test_ai_assistant_context.TestAIAssistantContextAwareness" name="test_ai_assistant_jobs_question" time="1.185" /><testcase classname="backend.tests.test_ai_assistant_context.TestAIAssistantContextAwareness" name="test_ai_assistant_customer_question" time="2.683" /><testcase classname="backend.tests.test_ai_assistant_context.TestDocumentComposer" name="test_document_composer_proposal" time="22.620" /><testcase classname="backend.tests.test_ai_assistant_context.TestDocumentComposer" name="test_document_composer_thank_you_letter" time="10.331" /><testcase classname="backend.tests.test_ai_assistant_context.TestBusinessCopywriter" name="test_business_copywriter_about_us" time="9.225" /><testcase classname="backend.tests.test_ai_assistant_context.TestBusinessCopywriter" name="test_business_copywriter_tagline" time="5.026" /><testcase classname="backend.tests.test_ai_assistant_context.TestBusinessCopywriter" name="test_business_copywriter_social_post" time="5.003" /><testcase classname="backend.tests.test_ai_assistant_context.TestAuthRequired" name="test_ai_assistant_requires_auth" time="0.150" /><testcase classname="backend.tests.test_ai_assistant_context.TestAuthRequired" name="test_ai_generate_requires_auth" time="0.156" /></testsuite></testsuites>