<?xml version="1.0" encoding="utf-8"?><testsuites name="pytest tests"><testsuite name="pytest" errors="0" failures="0" skipped="0" tests="15" time="3.199" timestamp="2026-03-15T22:54:22.311046+00:00" hostname="agent-env-625c8273-3fea-4041-8d6a-3e0884a1d50c"><testcase classname="backend.tests.test_ai_credit_system.TestCreditBalance" name="test_get_credit_balance" time="0.469" /><testcase classname="backend.tests.test_ai_credit_system.TestCreditPreflight" name="test_preflight_returns_cost_and_balances" time="0.060" /><testcase classname="backend.tests.test_ai_credit_system.TestCreditPreflight" name="test_preflight_warning_logic_low_balance" time="0.137" /><testcase classname="backend.tests.test_ai_credit_system.TestCreditPreflight" name="test_preflight_high_cost_action_warning" time="0.071" /><testcase classname="backend.tests.test_ai_credit_system.TestCreditPreflight" name="test_preflight_will_use_purchased_warning" time="0.063" /><testcase classname="backend.tests.test_ai_credit_system.TestCreditPreferences" name="test_get_credit_preferences" time="0.059" /><testcase classname="backend.tests.test_ai_credit_system.TestCreditPreferences" name="test_update_credit_preferences" time="0.183" /><testcase classname="backend.tests.test_ai_credit_system.TestCreditCosts" name="test_get_all_credit_costs" time="0.054" /><testcase classname="backend.tests.test_ai_credit_system.TestCreditCosts" name="test_get_specific_action_cost" time="0.062" /><testcase classname="backend.tests.test_ai_credit_system.TestAdminSummary" name="test_admin_summary_returns_usage_data" time="0.070" /><testcase classname="backend.tests.test_ai_credit_system.TestAIEndpointCreditDeduction" name="test_generate_with_invalid_tool_no_deduction" time="1.599" /><testcase classname="backend.tests.test_ai_credit_system.TestAIEndpointCreditDeduction" name="test_insufficient_credits_blocks_action" time="0.061" /><testcase classname="backend.tests.test_ai_credit_system.TestCreditHistory" name="test_get_credit_history" time="0.056" /><testcase classname="backend.tests.test_ai_credit_system.TestCreditPacks" name="test_get_credit_packs" time="0.054" /><testcase classname="backend.tests.test_ai_credit_system.TestMonthlyVsPurchasedDeduction" name="test_monthly_deducted_first" time="0.055" /></testsuite></testsuites>