<?xml version="1.0" encoding="utf-8"?><testsuites name="pytest tests"><testsuite name="pytest" errors="0" failures="0" skipped="0" tests="13" time="3.551" timestamp="2026-02-20T23:11:37.919039+00:00" hostname="agent-env-3ea01ac0-1817-4a02-8bbe-913434c9ebdd"><testcase classname="backend.tests.test_ai_document_workflow.TestPDFGeneration" name="test_generate_pdf_basic" time="0.655" /><testcase classname="backend.tests.test_ai_document_workflow.TestPDFGeneration" name="test_generate_pdf_with_markdown" time="0.131" /><testcase classname="backend.tests.test_ai_document_workflow.TestPDFGeneration" name="test_generate_pdf_requires_auth" time="0.106" /><testcase classname="backend.tests.test_ai_document_workflow.TestPDFGeneration" name="test_generate_pdf_empty_content" time="0.139" /><testcase classname="backend.tests.test_ai_document_workflow.TestSaveToLibrary" name="test_save_ai_document_basic" time="0.118" /><testcase classname="backend.tests.test_ai_document_workflow.TestSaveToLibrary" name="test_save_ai_document_verify_persistence" time="0.233" /><testcase classname="backend.tests.test_ai_document_workflow.TestSaveToLibrary" name="test_save_ai_document_requires_auth" time="0.131" /><testcase classname="backend.tests.test_ai_document_workflow.TestSaveToLibrary" name="test_save_ai_document_with_different_categories" time="0.455" /><testcase classname="backend.tests.test_ai_document_workflow.TestDocumentDownload" name="test_download_ai_generated_document" time="0.272" /><testcase classname="backend.tests.test_ai_document_workflow.TestSendToPortal" name="test_send_to_portal_requires_customer" time="0.323" /><testcase classname="backend.tests.test_ai_document_workflow.TestSendToPortal" name="test_send_to_portal_with_valid_customer" time="0.388" /><testcase classname="backend.tests.test_ai_document_workflow.TestDocumentLibraryIntegration" name="test_list_documents_includes_ai_generated" time="0.257" /><testcase classname="backend.tests.test_ai_document_workflow.TestDocumentLibraryIntegration" name="test_get_document_with_include_data" time="0.233" /></testsuite></testsuites>