<?xml version="1.0" encoding="utf-8"?><testsuites name="pytest tests"><testsuite name="pytest" errors="0" failures="0" skipped="0" tests="6" time="141.561" timestamp="2026-02-18T11:43:32.748686+00:00" hostname="agent-env-0d13b327-d07a-4bcb-8b63-db1fcb64f916"><testcase classname="backend.tests.test_ai_tools_comprehensive.TestAPIHealth" name="test_health_check" time="26.838" /><testcase classname="backend.tests.test_ai_tools_comprehensive.TestTextGenerationTools" name="test_idea_brainstormer" time="55.599" /><testcase classname="backend.tests.test_ai_tools_comprehensive.TestAIAssistant" name="test_assistant_basic_question" time="9.201" /><testcase classname="backend.tests.test_ai_tools_comprehensive.TestAIEmailGenerator" name="test_generate_quote_email" time="20.766" /><testcase classname="backend.tests.test_ai_tools_comprehensive.TestAIHistory" name="test_get_history" time="16.826" /><testcase classname="backend.tests.test_ai_tools_comprehensive.TestErrorHandling" name="test_unknown_tool_returns_400" time="12.273" /></testsuite></testsuites>