<?xml version="1.0" encoding="utf-8"?><testsuites name="pytest tests"><testsuite name="pytest" errors="0" failures="0" skipped="0" tests="27" time="509.946" timestamp="2026-02-18T11:38:26.177970+00:00" hostname="agent-env-0d13b327-d07a-4bcb-8b63-db1fcb64f916"><testcase classname="backend.tests.test_ai_tools_comprehensive.TestAPIHealth" name="test_health_check" time="0.156" /><testcase classname="backend.tests.test_ai_tools_comprehensive.TestTextGenerationTools" name="test_idea_brainstormer" time="43.503" /><testcase classname="backend.tests.test_ai_tools_comprehensive.TestTextGenerationTools" name="test_permit_research" time="48.719" /><testcase classname="backend.tests.test_ai_tools_comprehensive.TestTextGenerationTools" name="test_blog_creator" time="32.509" /><testcase classname="backend.tests.test_ai_tools_comprehensive.TestTextGenerationTools" name="test_completed_job_post" time="19.430" /><testcase classname="backend.tests.test_ai_tools_comprehensive.TestTextGenerationTools" name="test_business_copywriter" time="6.487" /><testcase classname="backend.tests.test_ai_tools_comprehensive.TestTextGenerationTools" name="test_branding_kit_generator" time="43.568" /><testcase classname="backend.tests.test_ai_tools_comprehensive.TestTextGenerationTools" name="test_document_composer" time="40.560" /><testcase classname="backend.tests.test_ai_tools_comprehensive.TestTextGenerationTools" name="test_social_job_post" time="6.091" /><testcase classname="backend.tests.test_ai_tools_comprehensive.TestTextGenerationTools" name="test_social_pack_generator" time="18.299" /><testcase classname="backend.tests.test_ai_tools_comprehensive.TestTextGenerationTools" name="test_content_calendar" time="28.091" /><testcase classname="backend.tests.test_ai_tools_comprehensive.TestTextGenerationTools" name="test_campaign_builder" time="45.988" /><testcase classname="backend.tests.test_ai_tools_comprehensive.TestImageGenerationTools" name="test_logo_refresher" time="55.652" /><testcase classname="backend.tests.test_ai_tools_comprehensive.TestImageGenerationTools" name="test_text_to_image" time="30.018" /><testcase classname="backend.tests.test_ai_tools_comprehensive.TestImageGenerationTools" name="test_vehicle_wrap_mockup" time="16.702" /><testcase classname="backend.tests.test_ai_tools_comprehensive.TestImageGenerationTools" name="test_logo_creator" time="12.376" /><testcase classname="backend.tests.test_ai_tools_comprehensive.TestImageGenerationTools" name="test_ai_sign_designer" time="12.476" /><testcase classname="backend.tests.test_ai_tools_comprehensive.TestImageGenerationTools" name="test_mockup_creator" time="15.428" /><testcase classname="backend.tests.test_ai_tools_comprehensive.TestAIAssistant" name="test_assistant_basic_question" time="11.631" /><testcase classname="backend.tests.test_ai_tools_comprehensive.TestAIAssistant" name="test_assistant_with_history" time="10.757" /><testcase classname="backend.tests.test_ai_tools_comprehensive.TestAIEmailGenerator" name="test_generate_quote_email" time="3.773" /><testcase classname="backend.tests.test_ai_tools_comprehensive.TestAIEmailGenerator" name="test_generate_invoice_reminder" time="2.493" /><testcase classname="backend.tests.test_ai_tools_comprehensive.TestAIEmailGenerator" name="test_generate_thank_you_email" time="3.824" /><testcase classname="backend.tests.test_ai_tools_comprehensive.TestAIHistory" name="test_get_history" time="0.984" /><testcase classname="backend.tests.test_ai_tools_comprehensive.TestAIHistory" name="test_get_history_with_tool_filter" time="0.112" /><testcase classname="backend.tests.test_ai_tools_comprehensive.TestErrorHandling" name="test_unknown_tool_returns_400" time="0.130" /><testcase classname="backend.tests.test_ai_tools_comprehensive.TestErrorHandling" name="test_invalid_email_type" time="0.125" /></testsuite></testsuites>