<?xml version="1.0" encoding="utf-8"?><testsuites name="pytest tests"><testsuite name="pytest" errors="0" failures="1" skipped="0" tests="16" time="606.240" timestamp="2026-02-08T01:29:25.994277+00:00" hostname="agent-env-4b274706-937a-4991-aa15-1b49fef48e44"><testcase classname="tests.test_all_ai_tools.TestHealthAndSetup" name="test_api_health" time="0.082" /><testcase classname="tests.test_all_ai_tools.TestVisionTools" name="test_photo_enhancer_with_image" time="79.954" /><testcase classname="tests.test_all_ai_tools.TestVisionTools" name="test_vectorization_analyzer_with_image" time="9.016" /><testcase classname="tests.test_all_ai_tools.TestVisionTools" name="test_font_identifier_with_image" time="17.441" /><testcase classname="tests.test_all_ai_tools.TestImageGenerationTools" name="test_ai_sign_designer_generates_images" time="17.042" /><testcase classname="tests.test_all_ai_tools.TestImageGenerationTools" name="test_ai_banner_designer_generates_images" time="15.058" /><testcase classname="tests.test_all_ai_tools.TestImageGenerationTools" name="test_mockup_creator_generates_images" time="12.093" /><testcase classname="tests.test_all_ai_tools.TestBrandingTools" name="test_logo_creator_generates_images" time="17.761" /><testcase classname="tests.test_all_ai_tools.TestBrandingTools" name="test_branding_kit_generator_text" time="49.540" /><testcase classname="tests.test_all_ai_tools.TestBusinessTools" name="test_business_copywriter" time="22.356" /><testcase classname="tests.test_all_ai_tools.TestBusinessTools" name="test_document_composer" time="25.793" /><testcase classname="tests.test_all_ai_tools.TestBusinessTools" name="test_pricing_intelligence" time="54.949" /><testcase classname="tests.test_all_ai_tools.TestMarketingTools" name="test_social_job_post_creator" time="29.635" /><testcase classname="tests.test_all_ai_tools.TestMarketingTools" name="test_social_media_pack_generator" time="66.927" /><testcase classname="tests.test_all_ai_tools.TestMarketingTools" name="test_content_calendar_creator" time="68.085" /><testcase classname="tests.test_all_ai_tools.TestMarketingTools" name="test_campaign_builder" time="120.176"><failure message="requests.exceptions.ReadTimeout: HTTPSConnectionPool(host='signguy-auth.preview.emergentagent.com', port=443): Read timed out. (read timeout=120)">/root/.venv/lib/python3.11/site-packages/urllib3/connectionpool.py:534: in _make_request
    response = conn.getresponse()
               ^^^^^^^^^^^^^^^^^^
/root/.venv/lib/python3.11/site-packages/urllib3/connection.py:571: in getresponse
    httplib_response = super().getresponse()
                       ^^^^^^^^^^^^^^^^^^^^^
/usr/local/lib/python3.11/http/client.py:1395: in getresponse
    response.begin()
/usr/local/lib/python3.11/http/client.py:325: in begin
    version, status, reason = self._read_status()
                              ^^^^^^^^^^^^^^^^^^^
/usr/local/lib/python3.11/http/client.py:286: in _read_status
    line = str(self.fp.readline(_MAXLINE + 1), "iso-8859-1")
               ^^^^^^^^^^^^^^^^^^^^^^^^^^^^^^
/usr/local/lib/python3.11/socket.py:718: in readinto
    return self._sock.recv_into(b)
           ^^^^^^^^^^^^^^^^^^^^^^^
/usr/local/lib/python3.11/ssl.py:1314: in recv_into
    return self.read(nbytes, buffer)
           ^^^^^^^^^^^^^^^^^^^^^^^^^
/usr/local/lib/python3.11/ssl.py:1166: in read
    return self._sslobj.read(len, buffer)
           ^^^^^^^^^^^^^^^^^^^^^^^^^^^^^^
E   TimeoutError: The read operation timed out

The above exception was the direct cause of the following exception:
/root/.venv/lib/python3.11/site-packages/requests/adapters.py:644: in send
    resp = conn.urlopen(
/root/.venv/lib/python3.11/site-packages/urllib3/connectionpool.py:841: in urlopen
    retries = retries.increment(
/root/.venv/lib/python3.11/site-packages/urllib3/util/retry.py:490: in increment
    raise reraise(type(error), error, _stacktrace)
          ^^^^^^^^^^^^^^^^^^^^^^^^^^^^^^^^^^^^^^^^
/root/.venv/lib/python3.11/site-packages/urllib3/util/util.py:39: in reraise
    raise value
/root/.venv/lib/python3.11/site-packages/urllib3/connectionpool.py:787: in urlopen
    response = self._make_request(
/root/.venv/lib/python3.11/site-packages/urllib3/connectionpool.py:536: in _make_request
    self._raise_timeout(err=e, url=url, timeout_value=read_timeout)
/root/.venv/lib/python3.11/site-packages/urllib3/connectionpool.py:367: in _raise_timeout
    raise ReadTimeoutError(
E   urllib3.exceptions.ReadTimeoutError: HTTPSConnectionPool(host='signguy-auth.preview.emergentagent.com', port=443): Read timed out. (read timeout=120)

During handling of the above exception, another exception occurred:
tests/test_all_ai_tools.py:411: in test_campaign_builder
    response = requests.post(
/root/.venv/lib/python3.11/site-packages/requests/api.py:115: in post
    return request("post", url, data=data, json=json, **kwargs)
           ^^^^^^^^^^^^^^^^^^^^^^^^^^^^^^^^^^^^^^^^^^^^^^^^^^^^
/root/.venv/lib/python3.11/site-packages/requests/api.py:59: in request
    return session.request(method=method, url=url, **kwargs)
           ^^^^^^^^^^^^^^^^^^^^^^^^^^^^^^^^^^^^^^^^^^^^^^^^^
/root/.venv/lib/python3.11/site-packages/requests/sessions.py:589: in request
    resp = self.send(prep, **send_kwargs)
           ^^^^^^^^^^^^^^^^^^^^^^^^^^^^^^
/root/.venv/lib/python3.11/site-packages/requests/sessions.py:703: in send
    r = adapter.send(request, **kwargs)
        ^^^^^^^^^^^^^^^^^^^^^^^^^^^^^^^
/root/.venv/lib/python3.11/site-packages/requests/adapters.py:690: in send
    raise ReadTimeout(e, request=request)
E   requests.exceptions.ReadTimeout: HTTPSConnectionPool(host='signguy-auth.preview.emergentagent.com', port=443): Read timed out. (read timeout=120)</failure></testcase></testsuite></testsuites>