<?xml version="1.0" encoding="utf-8"?><testsuites name="pytest tests"><testsuite name="pytest" errors="0" failures="0" skipped="0" tests="29" time="4.373" timestamp="2026-04-20T04:55:59.078964+00:00" hostname="agent-env-17b7095d-a7ff-4c57-ab00-28ba3e043cf7"><testcase classname="backend.tests.test_apparel_pricing.TestApparelBreakdown" name="test_baseline_breakdown_fields" time="0.749" /><testcase classname="backend.tests.test_apparel_pricing" name="test_quantity_tier[1-1_4]" time="0.114" /><testcase classname="backend.tests.test_apparel_pricing" name="test_quantity_tier[24-5_24]" time="0.108" /><testcase classname="backend.tests.test_apparel_pricing" name="test_quantity_tier[50-50_99]" time="0.107" /><testcase classname="backend.tests.test_apparel_pricing" name="test_quantity_tier[100-100_plus]" time="0.110" /><testcase classname="backend.tests.test_apparel_pricing" name="test_quantity_tier[150-100_plus]" time="0.101" /><testcase classname="backend.tests.test_apparel_pricing.TestBrandSwitch" name="test_gildan_vs_bella" time="0.211" /><testcase classname="backend.tests.test_apparel_pricing.TestPlacement" name="test_front_vs_back_vs_fb" time="0.325" /><testcase classname="backend.tests.test_apparel_pricing.TestPlacement" name="test_hat_placements" time="0.112" /><testcase classname="backend.tests.test_apparel_pricing.TestProductSwitch" name="test_hoodie" time="0.112" /><testcase classname="backend.tests.test_apparel_pricing.TestProductSwitch" name="test_hat_standard" time="0.110" /><testcase classname="backend.tests.test_apparel_pricing.TestAddOns" name="test_plus_size" time="0.101" /><testcase classname="backend.tests.test_apparel_pricing.TestAddOns" name="test_custom_names_garment" time="0.105" /><testcase classname="backend.tests.test_apparel_pricing.TestAddOns" name="test_custom_names_hat" time="0.111" /><testcase classname="backend.tests.test_apparel_pricing.TestAddOns" name="test_specialty_finish_garment" time="0.112" /><testcase classname="backend.tests.test_apparel_pricing.TestAddOns" name="test_two_tone_hat" time="0.112" /><testcase classname="backend.tests.test_apparel_pricing.TestAddOns" name="test_leather_patch" time="0.120" /><testcase classname="backend.tests.test_apparel_pricing.TestAddOns" name="test_bag_and_fold" time="0.107" /><testcase classname="backend.tests.test_apparel_pricing.TestSetup" name="test_artwork_needed_complex" time="0.112" /><testcase classname="backend.tests.test_apparel_pricing.TestRush" name="test_rush_applied" time="0.234" /><testcase classname="backend.tests.test_apparel_pricing.TestManualOverride" name="test_override" time="0.111" /><testcase classname="backend.tests.test_apparel_pricing.TestCostPlusMethods" name="test_embroidery" time="0.107" /><testcase classname="backend.tests.test_apparel_pricing.TestCostPlusMethods" name="test_dtg" time="0.105" /><testcase classname="backend.tests.test_apparel_pricing.TestCostPlusMethods" name="test_direct_screen_print" time="0.100" /><testcase classname="backend.tests.test_apparel_pricing.TestShopTableMethods" name="test_htv" time="0.108" /><testcase classname="backend.tests.test_apparel_pricing.TestShopTableMethods" name="test_screen_print_transfer" time="0.118" /><testcase classname="backend.tests.test_apparel_pricing.TestShopTableMethods" name="test_dtf_transfer" time="0.101" /><testcase classname="backend.tests.test_apparel_pricing.TestSchemaAndDefaults" name="test_schema_fields" time="0.121" /><testcase classname="backend.tests.test_apparel_pricing.TestSchemaAndDefaults" name="test_defaults_apparel_block" time="0.132" /></testsuite></testsuites>