<?xml version="1.0" encoding="utf-8"?><testsuites name="pytest tests"><testsuite name="pytest" errors="19" failures="0" skipped="0" tests="27" time="5.143" timestamp="2026-02-20T02:20:19.775818+00:00" hostname="agent-env-319d9b1a-f887-4ead-b690-b915cc137eaa"><testcase classname="backend.tests.test_approvals.TestApprovalsStats" name="test_stats_returns_200" time="0.622"><error message="failed on setup with &quot;AssertionError: Token not in response&#10;assert 'token' in {'access_token': 'eyJhbGciOiJIUzI1NiIsInR5cCI6IkpXVCJ9.eyJzdWIiOiI3NjQ4ZDlhZC1mY2I1LTQ5Y2MtYTJmZS0zYzQwOTU2NzViMDEiLCJleHAiOjE3NzE2NDA0MjB9.qH4OU1bcdk8ikPXgwWyF3PD4cH76mfLWM4DKpmxG9Jw', 'expires_in': 86400, 'token_type': 'bearer'}&quot;">backend/tests/test_approvals.py:35: in auth_token
    assert "token" in data, "Token not in response"
E   AssertionError: Token not in response
E   assert 'token' in {'access_token': 'eyJhbGciOiJIUzI1NiIsInR5cCI6IkpXVCJ9.eyJzdWIiOiI3NjQ4ZDlhZC1mY2I1LTQ5Y2MtYTJmZS0zYzQwOTU2NzViMDEiLCJleHAiOjE3NzE2NDA0MjB9.qH4OU1bcdk8ikPXgwWyF3PD4cH76mfLWM4DKpmxG9Jw', 'expires_in': 86400, 'token_type': 'bearer'}</error></testcase><testcase classname="backend.tests.test_approvals.TestApprovalsStats" name="test_stats_has_required_fields" time="0.000"><error message="failed on setup with &quot;AssertionError: Token not in response&#10;assert 'token' in {'access_token': 'eyJhbGciOiJIUzI1NiIsInR5cCI6IkpXVCJ9.eyJzdWIiOiI3NjQ4ZDlhZC1mY2I1LTQ5Y2MtYTJmZS0zYzQwOTU2NzViMDEiLCJleHAiOjE3NzE2NDA0MjB9.qH4OU1bcdk8ikPXgwWyF3PD4cH76mfLWM4DKpmxG9Jw', 'expires_in': 86400, 'token_type': 'bearer'}&quot;">backend/tests/test_approvals.py:35: in auth_token
    assert "token" in data, "Token not in response"
E   AssertionError: Token not in response
E   assert 'token' in {'access_token': 'eyJhbGciOiJIUzI1NiIsInR5cCI6IkpXVCJ9.eyJzdWIiOiI3NjQ4ZDlhZC1mY2I1LTQ5Y2MtYTJmZS0zYzQwOTU2NzViMDEiLCJleHAiOjE3NzE2NDA0MjB9.qH4OU1bcdk8ikPXgwWyF3PD4cH76mfLWM4DKpmxG9Jw', 'expires_in': 86400, 'token_type': 'bearer'}</error></testcase><testcase classname="backend.tests.test_approvals.TestApprovalsStats" name="test_stats_requires_auth" time="0.156" /><testcase classname="backend.tests.test_approvals.TestApprovalsCustomersList" name="test_customers_list_returns_200" time="0.408"><error message="failed on setup with &quot;AssertionError: Token not in response&#10;assert 'token' in {'access_token': 'eyJhbGciOiJIUzI1NiIsInR5cCI6IkpXVCJ9.eyJzdWIiOiI3NjQ4ZDlhZC1mY2I1LTQ5Y2MtYTJmZS0zYzQwOTU2NzViMDEiLCJleHAiOjE3NzE2NDA0MjF9._yvbRntqKTBKvOy6gHGIhk7pEvSGOeP--m-Ajrghw44', 'expires_in': 86400, 'token_type': 'bearer'}&quot;">backend/tests/test_approvals.py:35: in auth_token
    assert "token" in data, "Token not in response"
E   AssertionError: Token not in response
E   assert 'token' in {'access_token': 'eyJhbGciOiJIUzI1NiIsInR5cCI6IkpXVCJ9.eyJzdWIiOiI3NjQ4ZDlhZC1mY2I1LTQ5Y2MtYTJmZS0zYzQwOTU2NzViMDEiLCJleHAiOjE3NzE2NDA0MjF9._yvbRntqKTBKvOy6gHGIhk7pEvSGOeP--m-Ajrghw44', 'expires_in': 86400, 'token_type': 'bearer'}</error></testcase><testcase classname="backend.tests.test_approvals.TestApprovalsCustomersList" name="test_customers_list_returns_array" time="0.000"><error message="failed on setup with &quot;AssertionError: Token not in response&#10;assert 'token' in {'access_token': 'eyJhbGciOiJIUzI1NiIsInR5cCI6IkpXVCJ9.eyJzdWIiOiI3NjQ4ZDlhZC1mY2I1LTQ5Y2MtYTJmZS0zYzQwOTU2NzViMDEiLCJleHAiOjE3NzE2NDA0MjF9._yvbRntqKTBKvOy6gHGIhk7pEvSGOeP--m-Ajrghw44', 'expires_in': 86400, 'token_type': 'bearer'}&quot;">backend/tests/test_approvals.py:35: in auth_token
    assert "token" in data, "Token not in response"
E   AssertionError: Token not in response
E   assert 'token' in {'access_token': 'eyJhbGciOiJIUzI1NiIsInR5cCI6IkpXVCJ9.eyJzdWIiOiI3NjQ4ZDlhZC1mY2I1LTQ5Y2MtYTJmZS0zYzQwOTU2NzViMDEiLCJleHAiOjE3NzE2NDA0MjF9._yvbRntqKTBKvOy6gHGIhk7pEvSGOeP--m-Ajrghw44', 'expires_in': 86400, 'token_type': 'bearer'}</error></testcase><testcase classname="backend.tests.test_approvals.TestApprovalsCustomersList" name="test_customers_have_required_fields" time="0.000"><error message="failed on setup with &quot;AssertionError: Token not in response&#10;assert 'token' in {'access_token': 'eyJhbGciOiJIUzI1NiIsInR5cCI6IkpXVCJ9.eyJzdWIiOiI3NjQ4ZDlhZC1mY2I1LTQ5Y2MtYTJmZS0zYzQwOTU2NzViMDEiLCJleHAiOjE3NzE2NDA0MjF9._yvbRntqKTBKvOy6gHGIhk7pEvSGOeP--m-Ajrghw44', 'expires_in': 86400, 'token_type': 'bearer'}&quot;">backend/tests/test_approvals.py:35: in auth_token
    assert "token" in data, "Token not in response"
E   AssertionError: Token not in response
E   assert 'token' in {'access_token': 'eyJhbGciOiJIUzI1NiIsInR5cCI6IkpXVCJ9.eyJzdWIiOiI3NjQ4ZDlhZC1mY2I1LTQ5Y2MtYTJmZS0zYzQwOTU2NzViMDEiLCJleHAiOjE3NzE2NDA0MjF9._yvbRntqKTBKvOy6gHGIhk7pEvSGOeP--m-Ajrghw44', 'expires_in': 86400, 'token_type': 'bearer'}</error></testcase><testcase classname="backend.tests.test_approvals.TestApprovalsCustomersList" name="test_customers_list_requires_auth" time="0.151" /><testcase classname="backend.tests.test_approvals.TestApprovalsJobsList" name="test_jobs_list_returns_200" time="0.367"><error message="failed on setup with &quot;AssertionError: Token not in response&#10;assert 'token' in {'access_token': 'eyJhbGciOiJIUzI1NiIsInR5cCI6IkpXVCJ9.eyJzdWIiOiI3NjQ4ZDlhZC1mY2I1LTQ5Y2MtYTJmZS0zYzQwOTU2NzViMDEiLCJleHAiOjE3NzE2NDA0MjF9._yvbRntqKTBKvOy6gHGIhk7pEvSGOeP--m-Ajrghw44', 'expires_in': 86400, 'token_type': 'bearer'}&quot;">backend/tests/test_approvals.py:35: in auth_token
    assert "token" in data, "Token not in response"
E   AssertionError: Token not in response
E   assert 'token' in {'access_token': 'eyJhbGciOiJIUzI1NiIsInR5cCI6IkpXVCJ9.eyJzdWIiOiI3NjQ4ZDlhZC1mY2I1LTQ5Y2MtYTJmZS0zYzQwOTU2NzViMDEiLCJleHAiOjE3NzE2NDA0MjF9._yvbRntqKTBKvOy6gHGIhk7pEvSGOeP--m-Ajrghw44', 'expires_in': 86400, 'token_type': 'bearer'}</error></testcase><testcase classname="backend.tests.test_approvals.TestApprovalsJobsList" name="test_jobs_list_returns_array" time="0.000"><error message="failed on setup with &quot;AssertionError: Token not in response&#10;assert 'token' in {'access_token': 'eyJhbGciOiJIUzI1NiIsInR5cCI6IkpXVCJ9.eyJzdWIiOiI3NjQ4ZDlhZC1mY2I1LTQ5Y2MtYTJmZS0zYzQwOTU2NzViMDEiLCJleHAiOjE3NzE2NDA0MjF9._yvbRntqKTBKvOy6gHGIhk7pEvSGOeP--m-Ajrghw44', 'expires_in': 86400, 'token_type': 'bearer'}&quot;">backend/tests/test_approvals.py:35: in auth_token
    assert "token" in data, "Token not in response"
E   AssertionError: Token not in response
E   assert 'token' in {'access_token': 'eyJhbGciOiJIUzI1NiIsInR5cCI6IkpXVCJ9.eyJzdWIiOiI3NjQ4ZDlhZC1mY2I1LTQ5Y2MtYTJmZS0zYzQwOTU2NzViMDEiLCJleHAiOjE3NzE2NDA0MjF9._yvbRntqKTBKvOy6gHGIhk7pEvSGOeP--m-Ajrghw44', 'expires_in': 86400, 'token_type': 'bearer'}</error></testcase><testcase classname="backend.tests.test_approvals.TestApprovalsJobsList" name="test_jobs_have_required_fields" time="0.000"><error message="failed on setup with &quot;AssertionError: Token not in response&#10;assert 'token' in {'access_token': 'eyJhbGciOiJIUzI1NiIsInR5cCI6IkpXVCJ9.eyJzdWIiOiI3NjQ4ZDlhZC1mY2I1LTQ5Y2MtYTJmZS0zYzQwOTU2NzViMDEiLCJleHAiOjE3NzE2NDA0MjF9._yvbRntqKTBKvOy6gHGIhk7pEvSGOeP--m-Ajrghw44', 'expires_in': 86400, 'token_type': 'bearer'}&quot;">backend/tests/test_approvals.py:35: in auth_token
    assert "token" in data, "Token not in response"
E   AssertionError: Token not in response
E   assert 'token' in {'access_token': 'eyJhbGciOiJIUzI1NiIsInR5cCI6IkpXVCJ9.eyJzdWIiOiI3NjQ4ZDlhZC1mY2I1LTQ5Y2MtYTJmZS0zYzQwOTU2NzViMDEiLCJleHAiOjE3NzE2NDA0MjF9._yvbRntqKTBKvOy6gHGIhk7pEvSGOeP--m-Ajrghw44', 'expires_in': 86400, 'token_type': 'bearer'}</error></testcase><testcase classname="backend.tests.test_approvals.TestApprovalsJobsList" name="test_jobs_list_filters_by_customer" time="0.000"><error message="failed on setup with &quot;AssertionError: Token not in response&#10;assert 'token' in {'access_token': 'eyJhbGciOiJIUzI1NiIsInR5cCI6IkpXVCJ9.eyJzdWIiOiI3NjQ4ZDlhZC1mY2I1LTQ5Y2MtYTJmZS0zYzQwOTU2NzViMDEiLCJleHAiOjE3NzE2NDA0MjF9._yvbRntqKTBKvOy6gHGIhk7pEvSGOeP--m-Ajrghw44', 'expires_in': 86400, 'token_type': 'bearer'}&quot;">backend/tests/test_approvals.py:35: in auth_token
    assert "token" in data, "Token not in response"
E   AssertionError: Token not in response
E   assert 'token' in {'access_token': 'eyJhbGciOiJIUzI1NiIsInR5cCI6IkpXVCJ9.eyJzdWIiOiI3NjQ4ZDlhZC1mY2I1LTQ5Y2MtYTJmZS0zYzQwOTU2NzViMDEiLCJleHAiOjE3NzE2NDA0MjF9._yvbRntqKTBKvOy6gHGIhk7pEvSGOeP--m-Ajrghw44', 'expires_in': 86400, 'token_type': 'bearer'}</error></testcase><testcase classname="backend.tests.test_approvals.TestApprovalsJobsList" name="test_jobs_list_requires_auth" time="0.134" /><testcase classname="backend.tests.test_approvals.TestApprovalsList" name="test_approvals_list_returns_200" time="0.410"><error message="failed on setup with &quot;AssertionError: Token not in response&#10;assert 'token' in {'access_token': 'eyJhbGciOiJIUzI1NiIsInR5cCI6IkpXVCJ9.eyJzdWIiOiI3NjQ4ZDlhZC1mY2I1LTQ5Y2MtYTJmZS0zYzQwOTU2NzViMDEiLCJleHAiOjE3NzE2NDA0MjJ9.787AauMV0CXiQ-RfP8mJiGcqPbCZ3ZU4r6veYr84lz4', 'expires_in': 86400, 'token_type': 'bearer'}&quot;">backend/tests/test_approvals.py:35: in auth_token
    assert "token" in data, "Token not in response"
E   AssertionError: Token not in response
E   assert 'token' in {'access_token': 'eyJhbGciOiJIUzI1NiIsInR5cCI6IkpXVCJ9.eyJzdWIiOiI3NjQ4ZDlhZC1mY2I1LTQ5Y2MtYTJmZS0zYzQwOTU2NzViMDEiLCJleHAiOjE3NzE2NDA0MjJ9.787AauMV0CXiQ-RfP8mJiGcqPbCZ3ZU4r6veYr84lz4', 'expires_in': 86400, 'token_type': 'bearer'}</error></testcase><testcase classname="backend.tests.test_approvals.TestApprovalsList" name="test_approvals_list_returns_array" time="0.000"><error message="failed on setup with &quot;AssertionError: Token not in response&#10;assert 'token' in {'access_token': 'eyJhbGciOiJIUzI1NiIsInR5cCI6IkpXVCJ9.eyJzdWIiOiI3NjQ4ZDlhZC1mY2I1LTQ5Y2MtYTJmZS0zYzQwOTU2NzViMDEiLCJleHAiOjE3NzE2NDA0MjJ9.787AauMV0CXiQ-RfP8mJiGcqPbCZ3ZU4r6veYr84lz4', 'expires_in': 86400, 'token_type': 'bearer'}&quot;">backend/tests/test_approvals.py:35: in auth_token
    assert "token" in data, "Token not in response"
E   AssertionError: Token not in response
E   assert 'token' in {'access_token': 'eyJhbGciOiJIUzI1NiIsInR5cCI6IkpXVCJ9.eyJzdWIiOiI3NjQ4ZDlhZC1mY2I1LTQ5Y2MtYTJmZS0zYzQwOTU2NzViMDEiLCJleHAiOjE3NzE2NDA0MjJ9.787AauMV0CXiQ-RfP8mJiGcqPbCZ3ZU4r6veYr84lz4', 'expires_in': 86400, 'token_type': 'bearer'}</error></testcase><testcase classname="backend.tests.test_approvals.TestApprovalsList" name="test_approvals_list_filters_by_status" time="0.002"><error message="failed on setup with &quot;AssertionError: Token not in response&#10;assert 'token' in {'access_token': 'eyJhbGciOiJIUzI1NiIsInR5cCI6IkpXVCJ9.eyJzdWIiOiI3NjQ4ZDlhZC1mY2I1LTQ5Y2MtYTJmZS0zYzQwOTU2NzViMDEiLCJleHAiOjE3NzE2NDA0MjJ9.787AauMV0CXiQ-RfP8mJiGcqPbCZ3ZU4r6veYr84lz4', 'expires_in': 86400, 'token_type': 'bearer'}&quot;">backend/tests/test_approvals.py:35: in auth_token
    assert "token" in data, "Token not in response"
E   AssertionError: Token not in response
E   assert 'token' in {'access_token': 'eyJhbGciOiJIUzI1NiIsInR5cCI6IkpXVCJ9.eyJzdWIiOiI3NjQ4ZDlhZC1mY2I1LTQ5Y2MtYTJmZS0zYzQwOTU2NzViMDEiLCJleHAiOjE3NzE2NDA0MjJ9.787AauMV0CXiQ-RfP8mJiGcqPbCZ3ZU4r6veYr84lz4', 'expires_in': 86400, 'token_type': 'bearer'}</error></testcase><testcase classname="backend.tests.test_approvals.TestApprovalsList" name="test_approvals_list_requires_auth" time="0.120" /><testcase classname="backend.tests.test_approvals.TestApprovalsCreate" name="test_create_approval_requires_customer_job" time="0.383"><error message="failed on setup with &quot;AssertionError: Token not in response&#10;assert 'token' in {'access_token': 'eyJhbGciOiJIUzI1NiIsInR5cCI6IkpXVCJ9.eyJzdWIiOiI3NjQ4ZDlhZC1mY2I1LTQ5Y2MtYTJmZS0zYzQwOTU2NzViMDEiLCJleHAiOjE3NzE2NDA0MjJ9.787AauMV0CXiQ-RfP8mJiGcqPbCZ3ZU4r6veYr84lz4', 'expires_in': 86400, 'token_type': 'bearer'}&quot;">backend/tests/test_approvals.py:35: in auth_token
    assert "token" in data, "Token not in response"
E   AssertionError: Token not in response
E   assert 'token' in {'access_token': 'eyJhbGciOiJIUzI1NiIsInR5cCI6IkpXVCJ9.eyJzdWIiOiI3NjQ4ZDlhZC1mY2I1LTQ5Y2MtYTJmZS0zYzQwOTU2NzViMDEiLCJleHAiOjE3NzE2NDA0MjJ9.787AauMV0CXiQ-RfP8mJiGcqPbCZ3ZU4r6veYr84lz4', 'expires_in': 86400, 'token_type': 'bearer'}</error></testcase><testcase classname="backend.tests.test_approvals.TestApprovalsCreate" name="test_create_approval_validates_customer" time="0.000"><error message="failed on setup with &quot;AssertionError: Token not in response&#10;assert 'token' in {'access_token': 'eyJhbGciOiJIUzI1NiIsInR5cCI6IkpXVCJ9.eyJzdWIiOiI3NjQ4ZDlhZC1mY2I1LTQ5Y2MtYTJmZS0zYzQwOTU2NzViMDEiLCJleHAiOjE3NzE2NDA0MjJ9.787AauMV0CXiQ-RfP8mJiGcqPbCZ3ZU4r6veYr84lz4', 'expires_in': 86400, 'token_type': 'bearer'}&quot;">backend/tests/test_approvals.py:35: in auth_token
    assert "token" in data, "Token not in response"
E   AssertionError: Token not in response
E   assert 'token' in {'access_token': 'eyJhbGciOiJIUzI1NiIsInR5cCI6IkpXVCJ9.eyJzdWIiOiI3NjQ4ZDlhZC1mY2I1LTQ5Y2MtYTJmZS0zYzQwOTU2NzViMDEiLCJleHAiOjE3NzE2NDA0MjJ9.787AauMV0CXiQ-RfP8mJiGcqPbCZ3ZU4r6veYr84lz4', 'expires_in': 86400, 'token_type': 'bearer'}</error></testcase><testcase classname="backend.tests.test_approvals.TestApprovalsCreate" name="test_create_approval_success" time="0.000"><error message="failed on setup with &quot;AssertionError: Token not in response&#10;assert 'token' in {'access_token': 'eyJhbGciOiJIUzI1NiIsInR5cCI6IkpXVCJ9.eyJzdWIiOiI3NjQ4ZDlhZC1mY2I1LTQ5Y2MtYTJmZS0zYzQwOTU2NzViMDEiLCJleHAiOjE3NzE2NDA0MjJ9.787AauMV0CXiQ-RfP8mJiGcqPbCZ3ZU4r6veYr84lz4', 'expires_in': 86400, 'token_type': 'bearer'}&quot;">backend/tests/test_approvals.py:35: in auth_token
    assert "token" in data, "Token not in response"
E   AssertionError: Token not in response
E   assert 'token' in {'access_token': 'eyJhbGciOiJIUzI1NiIsInR5cCI6IkpXVCJ9.eyJzdWIiOiI3NjQ4ZDlhZC1mY2I1LTQ5Y2MtYTJmZS0zYzQwOTU2NzViMDEiLCJleHAiOjE3NzE2NDA0MjJ9.787AauMV0CXiQ-RfP8mJiGcqPbCZ3ZU4r6veYr84lz4', 'expires_in': 86400, 'token_type': 'bearer'}</error></testcase><testcase classname="backend.tests.test_approvals.TestApprovalsCreate" name="test_create_approval_requires_auth" time="0.103" /><testcase classname="backend.tests.test_approvals.TestApprovalsCreate" name="test_cleanup_created_proof" time="0.000"><error message="failed on setup with &quot;AssertionError: Token not in response&#10;assert 'token' in {'access_token': 'eyJhbGciOiJIUzI1NiIsInR5cCI6IkpXVCJ9.eyJzdWIiOiI3NjQ4ZDlhZC1mY2I1LTQ5Y2MtYTJmZS0zYzQwOTU2NzViMDEiLCJleHAiOjE3NzE2NDA0MjJ9.787AauMV0CXiQ-RfP8mJiGcqPbCZ3ZU4r6veYr84lz4', 'expires_in': 86400, 'token_type': 'bearer'}&quot;">backend/tests/test_approvals.py:35: in auth_token
    assert "token" in data, "Token not in response"
E   AssertionError: Token not in response
E   assert 'token' in {'access_token': 'eyJhbGciOiJIUzI1NiIsInR5cCI6IkpXVCJ9.eyJzdWIiOiI3NjQ4ZDlhZC1mY2I1LTQ5Y2MtYTJmZS0zYzQwOTU2NzViMDEiLCJleHAiOjE3NzE2NDA0MjJ9.787AauMV0CXiQ-RfP8mJiGcqPbCZ3ZU4r6veYr84lz4', 'expires_in': 86400, 'token_type': 'bearer'}</error></testcase><testcase classname="backend.tests.test_approvals.TestApprovalsGetSingle" name="test_get_nonexistent_proof_returns_404" time="0.424"><error message="failed on setup with &quot;AssertionError: Token not in response&#10;assert 'token' in {'access_token': 'eyJhbGciOiJIUzI1NiIsInR5cCI6IkpXVCJ9.eyJzdWIiOiI3NjQ4ZDlhZC1mY2I1LTQ5Y2MtYTJmZS0zYzQwOTU2NzViMDEiLCJleHAiOjE3NzE2NDA0MjN9.N7QmOeE5yUL7EO56U7TTHpUL_R6h5phFG7KltD82K9k', 'expires_in': 86400, 'token_type': 'bearer'}&quot;">backend/tests/test_approvals.py:35: in auth_token
    assert "token" in data, "Token not in response"
E   AssertionError: Token not in response
E   assert 'token' in {'access_token': 'eyJhbGciOiJIUzI1NiIsInR5cCI6IkpXVCJ9.eyJzdWIiOiI3NjQ4ZDlhZC1mY2I1LTQ5Y2MtYTJmZS0zYzQwOTU2NzViMDEiLCJleHAiOjE3NzE2NDA0MjN9.N7QmOeE5yUL7EO56U7TTHpUL_R6h5phFG7KltD82K9k', 'expires_in': 86400, 'token_type': 'bearer'}</error></testcase><testcase classname="backend.tests.test_approvals.TestApprovalsGetSingle" name="test_get_proof_requires_auth" time="0.187" /><testcase classname="backend.tests.test_approvals.TestApprovalsDelete" name="test_delete_nonexistent_proof_returns_404" time="0.377"><error message="failed on setup with &quot;AssertionError: Token not in response&#10;assert 'token' in {'access_token': 'eyJhbGciOiJIUzI1NiIsInR5cCI6IkpXVCJ9.eyJzdWIiOiI3NjQ4ZDlhZC1mY2I1LTQ5Y2MtYTJmZS0zYzQwOTU2NzViMDEiLCJleHAiOjE3NzE2NDA0MjN9.N7QmOeE5yUL7EO56U7TTHpUL_R6h5phFG7KltD82K9k', 'expires_in': 86400, 'token_type': 'bearer'}&quot;">backend/tests/test_approvals.py:35: in auth_token
    assert "token" in data, "Token not in response"
E   AssertionError: Token not in response
E   assert 'token' in {'access_token': 'eyJhbGciOiJIUzI1NiIsInR5cCI6IkpXVCJ9.eyJzdWIiOiI3NjQ4ZDlhZC1mY2I1LTQ5Y2MtYTJmZS0zYzQwOTU2NzViMDEiLCJleHAiOjE3NzE2NDA0MjN9.N7QmOeE5yUL7EO56U7TTHpUL_R6h5phFG7KltD82K9k', 'expires_in': 86400, 'token_type': 'bearer'}</error></testcase><testcase classname="backend.tests.test_approvals.TestApprovalsDelete" name="test_delete_proof_requires_auth" time="0.175" /><testcase classname="backend.tests.test_approvals.TestApprovalsResend" name="test_resend_nonexistent_proof_returns_404" time="0.634"><error message="failed on setup with &quot;AssertionError: Token not in response&#10;assert 'token' in {'access_token': 'eyJhbGciOiJIUzI1NiIsInR5cCI6IkpXVCJ9.eyJzdWIiOiI3NjQ4ZDlhZC1mY2I1LTQ5Y2MtYTJmZS0zYzQwOTU2NzViMDEiLCJleHAiOjE3NzE2NDA0MjR9.H4T2SjMWJ7HMLt0eSnxhjXxAAKpPhF0Lw82su8BqC58', 'expires_in': 86400, 'token_type': 'bearer'}&quot;">backend/tests/test_approvals.py:35: in auth_token
    assert "token" in data, "Token not in response"
E   AssertionError: Token not in response
E   assert 'token' in {'access_token': 'eyJhbGciOiJIUzI1NiIsInR5cCI6IkpXVCJ9.eyJzdWIiOiI3NjQ4ZDlhZC1mY2I1LTQ5Y2MtYTJmZS0zYzQwOTU2NzViMDEiLCJleHAiOjE3NzE2NDA0MjR9.H4T2SjMWJ7HMLt0eSnxhjXxAAKpPhF0Lw82su8BqC58', 'expires_in': 86400, 'token_type': 'bearer'}</error></testcase><testcase classname="backend.tests.test_approvals.TestApprovalsResend" name="test_resend_requires_auth" time="0.125" /></testsuite></testsuites>