<?xml version="1.0" encoding="utf-8"?><testsuites name="pytest tests"><testsuite name="pytest" errors="0" failures="0" skipped="0" tests="22" time="6.161" timestamp="2026-02-07T11:05:54.410568+00:00" hostname="agent-env-4b274706-937a-4991-aa15-1b49fef48e44"><testcase classname="backend.tests.test_auth.TestHealthCheck" name="test_health_endpoint" time="0.088" /><testcase classname="backend.tests.test_auth.TestUserRegistration" name="test_register_new_user_success" time="0.336" /><testcase classname="backend.tests.test_auth.TestUserRegistration" name="test_register_without_company_name" time="0.270" /><testcase classname="backend.tests.test_auth.TestUserRegistration" name="test_register_duplicate_email_fails" time="0.331" /><testcase classname="backend.tests.test_auth.TestUserRegistration" name="test_register_invalid_email_format" time="0.044" /><testcase classname="backend.tests.test_auth.TestUserRegistration" name="test_register_missing_required_fields" time="0.090" /><testcase classname="backend.tests.test_auth.TestUserLogin" name="test_login_success" time="0.538" /><testcase classname="backend.tests.test_auth.TestUserLogin" name="test_login_wrong_password" time="0.536" /><testcase classname="backend.tests.test_auth.TestUserLogin" name="test_login_nonexistent_email" time="0.328" /><testcase classname="backend.tests.test_auth.TestUserLogin" name="test_login_case_insensitive_email" time="0.524" /><testcase classname="backend.tests.test_auth.TestJWTTokenValidation" name="test_get_current_user_with_valid_token" time="0.301" /><testcase classname="backend.tests.test_auth.TestJWTTokenValidation" name="test_get_current_user_without_token" time="0.314" /><testcase classname="backend.tests.test_auth.TestJWTTokenValidation" name="test_get_current_user_with_invalid_token" time="0.343" /><testcase classname="backend.tests.test_auth.TestJWTTokenValidation" name="test_get_current_user_with_malformed_header" time="0.305" /><testcase classname="backend.tests.test_auth.TestProtectedRoutes" name="test_users_me_requires_auth" time="0.341" /><testcase classname="backend.tests.test_auth.TestProtectedRoutes" name="test_update_profile_requires_auth" time="0.377" /><testcase classname="backend.tests.test_auth.TestUserProfileUpdate" name="test_update_full_name" time="0.361" /><testcase classname="backend.tests.test_auth.TestUserProfileUpdate" name="test_update_company_name" time="0.321" /><testcase classname="backend.tests.test_auth.TestPublicEndpoints" name="test_health_is_public" time="0.041" /><testcase classname="backend.tests.test_auth.TestPublicEndpoints" name="test_root_is_public" time="0.046" /><testcase classname="backend.tests.test_auth.TestPublicEndpoints" name="test_register_is_public" time="0.035" /><testcase classname="backend.tests.test_auth.TestPublicEndpoints" name="test_login_is_public" time="0.044" /></testsuite></testsuites>