<?xml version="1.0" encoding="utf-8"?><testsuites name="pytest tests"><testsuite name="pytest" errors="0" failures="7" skipped="0" tests="69" time="8.847" timestamp="2026-02-13T04:45:48.757838+00:00" hostname="agent-env-26812b9c-785e-4f90-8a82-b45a3ae126f4"><testcase classname="tests.test_backend_refactoring.TestHealthAndRoot" name="test_health_endpoint" time="0.069" /><testcase classname="tests.test_backend_refactoring.TestHealthAndRoot" name="test_root_endpoint" time="0.050" /><testcase classname="tests.test_backend_refactoring.TestAuthRoutes" name="test_register_new_user" time="0.462" /><testcase classname="tests.test_backend_refactoring.TestAuthRoutes" name="test_register_duplicate_email_fails" time="0.340" /><testcase classname="tests.test_backend_refactoring.TestAuthRoutes" name="test_login_valid_credentials" time="0.314" /><testcase classname="tests.test_backend_refactoring.TestAuthRoutes" name="test_login_invalid_credentials" time="0.053" /><testcase classname="tests.test_backend_refactoring.TestAuthRoutes" name="test_login_with_remember_me" time="0.279" /><testcase classname="tests.test_backend_refactoring.TestUserRoutes" name="test_get_current_user" time="0.399" /><testcase classname="tests.test_backend_refactoring.TestUserRoutes" name="test_get_user_permissions" time="0.037" /><testcase classname="tests.test_backend_refactoring.TestUserRoutes" name="test_unauthorized_access_rejected" time="0.035" /><testcase classname="tests.test_backend_refactoring.TestCustomerRoutes" name="test_create_customer" time="0.298" /><testcase classname="tests.test_backend_refactoring.TestCustomerRoutes" name="test_get_customers_list" time="0.036" /><testcase classname="tests.test_backend_refactoring.TestCustomerRoutes" name="test_get_customer_by_id" time="0.118" /><testcase classname="tests.test_backend_refactoring.TestCustomerRoutes" name="test_update_customer" time="0.092" /><testcase classname="tests.test_backend_refactoring.TestCustomerRoutes" name="test_get_customer_summary" time="0.078" /><testcase classname="tests.test_backend_refactoring.TestCustomerRoutes" name="test_search_customers" time="0.041" /><testcase classname="tests.test_backend_refactoring.TestQuoteRoutes" name="test_create_quote" time="0.374" /><testcase classname="tests.test_backend_refactoring.TestQuoteRoutes" name="test_get_quotes_list" time="0.042" /><testcase classname="tests.test_backend_refactoring.TestQuoteRoutes" name="test_get_quote_by_id" time="0.083" /><testcase classname="tests.test_backend_refactoring.TestQuoteRoutes" name="test_update_quote" time="0.062" /><testcase classname="tests.test_backend_refactoring.TestQuoteRoutes" name="test_send_quote" time="0.037" /><testcase classname="tests.test_backend_refactoring.TestJobRoutes" name="test_create_job" time="0.346" /><testcase classname="tests.test_backend_refactoring.TestJobRoutes" name="test_get_jobs_list" time="0.046" /><testcase classname="tests.test_backend_refactoring.TestJobRoutes" name="test_get_job_by_id" time="0.073" /><testcase classname="tests.test_backend_refactoring.TestJobRoutes" name="test_get_job_details" time="0.058" /><testcase classname="tests.test_backend_refactoring.TestJobRoutes" name="test_update_job" time="0.044" /><testcase classname="tests.test_backend_refactoring.TestJobRoutes" name="test_add_job_item" time="0.041"><failure message="assert 422 == 200&#10; +  where 422 = &lt;Response [422]&gt;.status_code">tests/test_backend_refactoring.py:475: in test_add_job_item
    assert response.status_code == 200
E   assert 422 == 200
E    +  where 422 = &lt;Response [422]&gt;.status_code</failure></testcase><testcase classname="tests.test_backend_refactoring.TestJobRoutes" name="test_get_job_items" time="0.049" /><testcase classname="tests.test_backend_refactoring.TestJobRoutes" name="test_add_job_note" time="0.048" /><testcase classname="tests.test_backend_refactoring.TestJobRoutes" name="test_get_job_notes" time="0.035" /><testcase classname="tests.test_backend_refactoring.TestJobRoutes" name="test_get_job_activities" time="0.036" /><testcase classname="tests.test_backend_refactoring.TestJobRoutes" name="test_complete_job" time="0.038" /><testcase classname="tests.test_backend_refactoring.TestJobRoutes" name="test_archive_job" time="0.037" /><testcase classname="tests.test_backend_refactoring.TestJobRoutes" name="test_unarchive_job" time="0.042" /><testcase classname="tests.test_backend_refactoring.TestInvoiceRoutes" name="test_create_invoice" time="0.419" /><testcase classname="tests.test_backend_refactoring.TestInvoiceRoutes" name="test_get_invoices_list" time="0.068" /><testcase classname="tests.test_backend_refactoring.TestInvoiceRoutes" name="test_get_invoice_by_id" time="0.121" /><testcase classname="tests.test_backend_refactoring.TestInvoiceRoutes" name="test_update_invoice" time="0.052" /><testcase classname="tests.test_backend_refactoring.TestInvoiceRoutes" name="test_send_invoice" time="0.037" /><testcase classname="tests.test_backend_refactoring.TestInvoiceRoutes" name="test_record_payment" time="0.117" /><testcase classname="tests.test_backend_refactoring.TestInvoiceRoutes" name="test_get_invoice_payments" time="0.065" /><testcase classname="tests.test_backend_refactoring.TestPricingRoutes" name="test_calculate_rigid_signs" time="0.423"><failure message="assert 520 == 200&#10; +  where 520 = &lt;Response [520]&gt;.status_code">tests/test_backend_refactoring.py:662: in test_calculate_rigid_signs
    assert response.status_code == 200
E   assert 520 == 200
E    +  where 520 = &lt;Response [520]&gt;.status_code</failure></testcase><testcase classname="tests.test_backend_refactoring.TestPricingRoutes" name="test_calculate_cut_vinyl" time="0.046"><failure message="assert 520 == 200&#10; +  where 520 = &lt;Response [520]&gt;.status_code">tests/test_backend_refactoring.py:680: in test_calculate_cut_vinyl
    assert response.status_code == 200
E   assert 520 == 200
E    +  where 520 = &lt;Response [520]&gt;.status_code</failure></testcase><testcase classname="tests.test_backend_refactoring.TestPricingRoutes" name="test_calculate_apparel" time="0.048"><failure message="assert 520 == 200&#10; +  where 520 = &lt;Response [520]&gt;.status_code">tests/test_backend_refactoring.py:696: in test_calculate_apparel
    assert response.status_code == 200
E   assert 520 == 200
E    +  where 520 = &lt;Response [520]&gt;.status_code</failure></testcase><testcase classname="tests.test_backend_refactoring.TestPricingRoutes" name="test_get_pricing_defaults" time="0.034"><failure message="assert 520 == 200&#10; +  where 520 = &lt;Response [520]&gt;.status_code">tests/test_backend_refactoring.py:704: in test_get_pricing_defaults
    assert response.status_code == 200
E   assert 520 == 200
E    +  where 520 = &lt;Response [520]&gt;.status_code</failure></testcase><testcase classname="tests.test_backend_refactoring.TestPricingRoutes" name="test_get_materials" time="0.039" /><testcase classname="tests.test_backend_refactoring.TestPricingRoutes" name="test_pricing_requires_auth" time="0.033" /><testcase classname="tests.test_backend_refactoring.TestPortalRoutes" name="test_portal_register" time="0.628" /><testcase classname="tests.test_backend_refactoring.TestPortalRoutes" name="test_portal_login_invalid" time="0.044" /><testcase classname="tests.test_backend_refactoring.TestEmployeeRoutes" name="test_create_employee" time="0.039" /><testcase classname="tests.test_backend_refactoring.TestEmployeeRoutes" name="test_get_employees_list" time="0.045" /><testcase classname="tests.test_backend_refactoring.TestEmployeeRoutes" name="test_get_employee_by_id" time="0.110" /><testcase classname="tests.test_backend_refactoring.TestEmployeeRoutes" name="test_update_employee" time="0.035" /><testcase classname="tests.test_backend_refactoring.TestTimeclockRoutes" name="test_clock_in" time="0.079" /><testcase classname="tests.test_backend_refactoring.TestTimeclockRoutes" name="test_get_today_logs" time="0.036" /><testcase classname="tests.test_backend_refactoring.TestTimeclockRoutes" name="test_get_clock_status" time="0.039" /><testcase classname="tests.test_backend_refactoring.TestTimeclockRoutes" name="test_clock_out" time="0.039" /><testcase classname="tests.test_backend_refactoring.TestTimeclockRoutes" name="test_get_shift_summary" time="0.035" /><testcase classname="tests.test_backend_refactoring.TestPayrollRoutes" name="test_create_payroll_transaction" time="0.070"><failure message="assert 520 == 200&#10; +  where 520 = &lt;Response [520]&gt;.status_code">tests/test_backend_refactoring.py:921: in test_create_payroll_transaction
    assert response.status_code == 200
E   assert 520 == 200
E    +  where 520 = &lt;Response [520]&gt;.status_code</failure></testcase><testcase classname="tests.test_backend_refactoring.TestPayrollRoutes" name="test_get_payroll_transactions" time="0.036" /><testcase classname="tests.test_backend_refactoring.TestPayrollRoutes" name="test_get_payroll_balance" time="0.035" /><testcase classname="tests.test_backend_refactoring.TestWebstoreRoutes" name="test_create_product" time="0.307" /><testcase classname="tests.test_backend_refactoring.TestWebstoreRoutes" name="test_get_products_list" time="0.045" /><testcase classname="tests.test_backend_refactoring.TestWebstoreRoutes" name="test_create_webstore" time="0.039" /><testcase classname="tests.test_backend_refactoring.TestWebstoreRoutes" name="test_get_webstores_list" time="0.077" /><testcase classname="tests.test_backend_refactoring.TestWebstoreRoutes" name="test_add_product_to_webstore" time="0.116" /><testcase classname="tests.test_backend_refactoring.TestWebstoreRoutes" name="test_get_webstore_products" time="0.036" /><testcase classname="tests.test_backend_refactoring.TestQuoteToJobConversion" name="test_convert_quote_to_job" time="0.405" /><testcase classname="tests.test_backend_refactoring.TestInvoiceFromJob" name="test_create_invoice_from_job" time="0.470"><failure message="assert 520 == 200&#10; +  where 520 = &lt;Response [520]&gt;.status_code">tests/test_backend_refactoring.py:1137: in test_create_invoice_from_job
    assert invoice_resp.status_code == 200
E   assert 520 == 200
E    +  where 520 = &lt;Response [520]&gt;.status_code</failure></testcase></testsuite></testsuites>