<?xml version="1.0" encoding="utf-8"?><testsuites name="pytest tests"><testsuite name="pytest" errors="0" failures="0" skipped="0" tests="69" time="7.966" timestamp="2026-02-13T04:53:20.598408+00:00" hostname="agent-env-26812b9c-785e-4f90-8a82-b45a3ae126f4"><testcase classname="tests.test_backend_refactoring.TestHealthAndRoot" name="test_health_endpoint" time="0.055" /><testcase classname="tests.test_backend_refactoring.TestHealthAndRoot" name="test_root_endpoint" time="0.040" /><testcase classname="tests.test_backend_refactoring.TestAuthRoutes" name="test_register_new_user" time="0.299" /><testcase classname="tests.test_backend_refactoring.TestAuthRoutes" name="test_register_duplicate_email_fails" time="0.312" /><testcase classname="tests.test_backend_refactoring.TestAuthRoutes" name="test_login_valid_credentials" time="0.265" /><testcase classname="tests.test_backend_refactoring.TestAuthRoutes" name="test_login_invalid_credentials" time="0.040" /><testcase classname="tests.test_backend_refactoring.TestAuthRoutes" name="test_login_with_remember_me" time="0.260" /><testcase classname="tests.test_backend_refactoring.TestUserRoutes" name="test_get_current_user" time="0.306" /><testcase classname="tests.test_backend_refactoring.TestUserRoutes" name="test_get_user_permissions" time="0.080" /><testcase classname="tests.test_backend_refactoring.TestUserRoutes" name="test_unauthorized_access_rejected" time="0.038" /><testcase classname="tests.test_backend_refactoring.TestCustomerRoutes" name="test_create_customer" time="0.337" /><testcase classname="tests.test_backend_refactoring.TestCustomerRoutes" name="test_get_customers_list" time="0.045" /><testcase classname="tests.test_backend_refactoring.TestCustomerRoutes" name="test_get_customer_by_id" time="0.088" /><testcase classname="tests.test_backend_refactoring.TestCustomerRoutes" name="test_update_customer" time="0.042" /><testcase classname="tests.test_backend_refactoring.TestCustomerRoutes" name="test_get_customer_summary" time="0.042" /><testcase classname="tests.test_backend_refactoring.TestCustomerRoutes" name="test_search_customers" time="0.041" /><testcase classname="tests.test_backend_refactoring.TestQuoteRoutes" name="test_create_quote" time="0.352" /><testcase classname="tests.test_backend_refactoring.TestQuoteRoutes" name="test_get_quotes_list" time="0.040" /><testcase classname="tests.test_backend_refactoring.TestQuoteRoutes" name="test_get_quote_by_id" time="0.124" /><testcase classname="tests.test_backend_refactoring.TestQuoteRoutes" name="test_update_quote" time="0.048" /><testcase classname="tests.test_backend_refactoring.TestQuoteRoutes" name="test_send_quote" time="0.044" /><testcase classname="tests.test_backend_refactoring.TestJobRoutes" name="test_create_job" time="0.394" /><testcase classname="tests.test_backend_refactoring.TestJobRoutes" name="test_get_jobs_list" time="0.058" /><testcase classname="tests.test_backend_refactoring.TestJobRoutes" name="test_get_job_by_id" time="0.094" /><testcase classname="tests.test_backend_refactoring.TestJobRoutes" name="test_get_job_details" time="0.051" /><testcase classname="tests.test_backend_refactoring.TestJobRoutes" name="test_update_job" time="0.043" /><testcase classname="tests.test_backend_refactoring.TestJobRoutes" name="test_add_job_item" time="0.047" /><testcase classname="tests.test_backend_refactoring.TestJobRoutes" name="test_get_job_items" time="0.057" /><testcase classname="tests.test_backend_refactoring.TestJobRoutes" name="test_add_job_note" time="0.042" /><testcase classname="tests.test_backend_refactoring.TestJobRoutes" name="test_get_job_notes" time="0.047" /><testcase classname="tests.test_backend_refactoring.TestJobRoutes" name="test_get_job_activities" time="0.048" /><testcase classname="tests.test_backend_refactoring.TestJobRoutes" name="test_complete_job" time="0.046" /><testcase classname="tests.test_backend_refactoring.TestJobRoutes" name="test_archive_job" time="0.057" /><testcase classname="tests.test_backend_refactoring.TestJobRoutes" name="test_unarchive_job" time="0.045" /><testcase classname="tests.test_backend_refactoring.TestInvoiceRoutes" name="test_create_invoice" time="0.383" /><testcase classname="tests.test_backend_refactoring.TestInvoiceRoutes" name="test_get_invoices_list" time="0.038" /><testcase classname="tests.test_backend_refactoring.TestInvoiceRoutes" name="test_get_invoice_by_id" time="0.093" /><testcase classname="tests.test_backend_refactoring.TestInvoiceRoutes" name="test_update_invoice" time="0.048" /><testcase classname="tests.test_backend_refactoring.TestInvoiceRoutes" name="test_send_invoice" time="0.041" /><testcase classname="tests.test_backend_refactoring.TestInvoiceRoutes" name="test_record_payment" time="0.047" /><testcase classname="tests.test_backend_refactoring.TestInvoiceRoutes" name="test_get_invoice_payments" time="0.037" /><testcase classname="tests.test_backend_refactoring.TestPricingRoutes" name="test_calculate_rigid_signs" time="0.334" /><testcase classname="tests.test_backend_refactoring.TestPricingRoutes" name="test_calculate_cut_vinyl" time="0.041" /><testcase classname="tests.test_backend_refactoring.TestPricingRoutes" name="test_calculate_apparel" time="0.058" /><testcase classname="tests.test_backend_refactoring.TestPricingRoutes" name="test_get_pricing_defaults" time="0.042" /><testcase classname="tests.test_backend_refactoring.TestPricingRoutes" name="test_get_materials" time="0.047" /><testcase classname="tests.test_backend_refactoring.TestPricingRoutes" name="test_pricing_requires_auth" time="0.039" /><testcase classname="tests.test_backend_refactoring.TestPortalRoutes" name="test_portal_register" time="0.573" /><testcase classname="tests.test_backend_refactoring.TestPortalRoutes" name="test_portal_login_invalid" time="0.035" /><testcase classname="tests.test_backend_refactoring.TestEmployeeRoutes" name="test_create_employee" time="0.039" /><testcase classname="tests.test_backend_refactoring.TestEmployeeRoutes" name="test_get_employees_list" time="0.038" /><testcase classname="tests.test_backend_refactoring.TestEmployeeRoutes" name="test_get_employee_by_id" time="0.073" /><testcase classname="tests.test_backend_refactoring.TestEmployeeRoutes" name="test_update_employee" time="0.039" /><testcase classname="tests.test_backend_refactoring.TestTimeclockRoutes" name="test_clock_in" time="0.066" /><testcase classname="tests.test_backend_refactoring.TestTimeclockRoutes" name="test_get_today_logs" time="0.075" /><testcase classname="tests.test_backend_refactoring.TestTimeclockRoutes" name="test_get_clock_status" time="0.033" /><testcase classname="tests.test_backend_refactoring.TestTimeclockRoutes" name="test_clock_out" time="0.037" /><testcase classname="tests.test_backend_refactoring.TestTimeclockRoutes" name="test_get_shift_summary" time="0.036" /><testcase classname="tests.test_backend_refactoring.TestPayrollRoutes" name="test_create_payroll_transaction" time="0.078" /><testcase classname="tests.test_backend_refactoring.TestPayrollRoutes" name="test_get_payroll_transactions" time="0.034" /><testcase classname="tests.test_backend_refactoring.TestPayrollRoutes" name="test_get_payroll_balance" time="0.036" /><testcase classname="tests.test_backend_refactoring.TestWebstoreRoutes" name="test_create_product" time="0.340" /><testcase classname="tests.test_backend_refactoring.TestWebstoreRoutes" name="test_get_products_list" time="0.050" /><testcase classname="tests.test_backend_refactoring.TestWebstoreRoutes" name="test_create_webstore" time="0.040" /><testcase classname="tests.test_backend_refactoring.TestWebstoreRoutes" name="test_get_webstores_list" time="0.038" /><testcase classname="tests.test_backend_refactoring.TestWebstoreRoutes" name="test_add_product_to_webstore" time="0.109" /><testcase classname="tests.test_backend_refactoring.TestWebstoreRoutes" name="test_get_webstore_products" time="0.039" /><testcase classname="tests.test_backend_refactoring.TestQuoteToJobConversion" name="test_convert_quote_to_job" time="0.404" /><testcase classname="tests.test_backend_refactoring.TestInvoiceFromJob" name="test_create_invoice_from_job" time="0.409" /></testsuite></testsuites>