<?xml version="1.0" encoding="utf-8"?><testsuites name="pytest tests"><testsuite name="pytest" errors="0" failures="0" skipped="0" tests="14" time="5.879" timestamp="2026-02-24T07:25:17.333134+00:00" hostname="agent-env-241a95c7-cd86-4f08-b080-ae953dd68e49"><testcase classname="backend.tests.test_billing_webstore_refactor.TestBillingCheckout" name="test_checkout_tier1_creates_subscription_mode" time="0.721" /><testcase classname="backend.tests.test_billing_webstore_refactor.TestBillingCheckout" name="test_checkout_extended_trial_creates_payment_mode" time="0.643" /><testcase classname="backend.tests.test_billing_webstore_refactor.TestBillingCheckout" name="test_checkout_tier2_subscription_mode" time="0.753" /><testcase classname="backend.tests.test_billing_webstore_refactor.TestStorefrontSanitization" name="test_storefront_does_not_expose_tenant_id" time="0.099" /><testcase classname="backend.tests.test_billing_webstore_refactor.TestStorefrontSanitization" name="test_storefront_products_sanitized" time="0.104" /><testcase classname="backend.tests.test_billing_webstore_refactor.TestOrderValidation" name="test_order_rejects_invalid_product_id" time="0.103" /><testcase classname="backend.tests.test_billing_webstore_refactor.TestOrderValidation" name="test_order_rejects_zero_quantity" time="0.096" /><testcase classname="backend.tests.test_billing_webstore_refactor.TestOrderValidation" name="test_order_rejects_negative_quantity" time="0.102" /><testcase classname="backend.tests.test_billing_webstore_refactor.TestCreateJobIdempotent" name="test_create_job_returns_existing_job_id" time="0.424" /><testcase classname="backend.tests.test_billing_webstore_refactor.TestEnumQueryParameters" name="test_products_category_enum" time="0.796" /><testcase classname="backend.tests.test_billing_webstore_refactor.TestEnumQueryParameters" name="test_products_invalid_category_rejected" time="0.365" /><testcase classname="backend.tests.test_billing_webstore_refactor.TestEnumQueryParameters" name="test_webstores_store_type_enum" time="0.470" /><testcase classname="backend.tests.test_billing_webstore_refactor.TestProductUpdatedAt" name="test_product_update_sets_updated_at" time="0.573" /><testcase classname="backend.tests.test_billing_webstore_refactor.TestOrderCreatesJobWithBackReferences" name="test_order_creates_job_with_back_reference" time="0.564" /></testsuite></testsuites>