<?xml version="1.0" encoding="utf-8"?><testsuites name="pytest tests"><testsuite name="pytest" errors="0" failures="0" skipped="0" tests="3" time="21.143" timestamp="2026-04-30T06:09:13.176384+00:00" hostname="agent-env-37c5acec-3a25-464b-b63c-298b9107f4da"><testcase classname="backend.tests.test_branding_and_marketing_tools.TestAIGenerateMarketingTools" name="test_completed_job_post_text_only_no_500" time="12.894" /><testcase classname="backend.tests.test_branding_and_marketing_tools.TestAIGenerateMarketingTools" name="test_social_pack_generator_new_fields" time="3.409" /><testcase classname="backend.tests.test_branding_and_marketing_tools.TestAIGenerateMarketingTools" name="test_content_calendar_new_fields" time="4.771" /></testsuite></testsuites>