<?xml version="1.0" encoding="utf-8"?><testsuites name="pytest tests"><testsuite name="pytest" errors="0" failures="4" skipped="0" tests="16" time="15.328" timestamp="2026-02-16T23:32:25.573752+00:00" hostname="agent-env-ed9b9a23-900c-4b7a-83bd-23ccd469118e"><testcase classname="backend.tests.test_bug_fixes_iteration22.TestAuthentication" name="test_login_success" time="0.524" /><testcase classname="backend.tests.test_bug_fixes_iteration22.TestAuthentication" name="test_get_user_profile" time="0.308" /><testcase classname="backend.tests.test_bug_fixes_iteration22.TestTierUpgrade" name="test_tenant_tier_is_business" time="0.583"><failure message="assert 404 == 200&#10; +  where 404 = &lt;Response [404]&gt;.status_code">backend/tests/test_bug_fixes_iteration22.py:71: in test_tenant_tier_is_business
    assert response.status_code == 200
E   assert 404 == 200
E    +  where 404 = &lt;Response [404]&gt;.status_code</failure></testcase><testcase classname="backend.tests.test_bug_fixes_iteration22.TestPayrollAccess" name="test_payroll_employees_endpoint" time="0.575" /><testcase classname="backend.tests.test_bug_fixes_iteration22.TestPayrollAccess" name="test_payroll_transactions_endpoint" time="0.210" /><testcase classname="backend.tests.test_bug_fixes_iteration22.TestPayrollAccess" name="test_payroll_report_endpoint" time="0.286" /><testcase classname="backend.tests.test_bug_fixes_iteration22.TestFinancialsAccess" name="test_sales_entries_endpoint" time="0.552"><failure message="AssertionError: Sales entries failed: 404 - {&quot;detail&quot;:&quot;Not Found&quot;}&#10;assert 404 == 200&#10; +  where 404 = &lt;Response [404]&gt;.status_code">backend/tests/test_bug_fixes_iteration22.py:133: in test_sales_entries_endpoint
    assert response.status_code == 200, f"Sales entries failed: {response.status_code} - {response.text}"
E   AssertionError: Sales entries failed: 404 - {"detail":"Not Found"}
E   assert 404 == 200
E    +  where 404 = &lt;Response [404]&gt;.status_code</failure></testcase><testcase classname="backend.tests.test_bug_fixes_iteration22.TestFinancialsAccess" name="test_expense_entries_endpoint" time="0.154"><failure message="AssertionError: Expense entries failed: 404 - {&quot;detail&quot;:&quot;Not Found&quot;}&#10;assert 404 == 200&#10; +  where 404 = &lt;Response [404]&gt;.status_code">backend/tests/test_bug_fixes_iteration22.py:140: in test_expense_entries_endpoint
    assert response.status_code == 200, f"Expense entries failed: {response.status_code} - {response.text}"
E   AssertionError: Expense entries failed: 404 - {"detail":"Not Found"}
E   assert 404 == 200
E    +  where 404 = &lt;Response [404]&gt;.status_code</failure></testcase><testcase classname="backend.tests.test_bug_fixes_iteration22.TestFinancialsAccess" name="test_financial_summary_endpoint" time="0.139"><failure message="AssertionError: Financial summary failed: 404 - {&quot;detail&quot;:&quot;Not Found&quot;}&#10;assert 404 == 200&#10; +  where 404 = &lt;Response [404]&gt;.status_code">backend/tests/test_bug_fixes_iteration22.py:147: in test_financial_summary_endpoint
    assert response.status_code == 200, f"Financial summary failed: {response.status_code} - {response.text}"
E   AssertionError: Financial summary failed: 404 - {"detail":"Not Found"}
E   assert 404 == 200
E    +  where 404 = &lt;Response [404]&gt;.status_code</failure></testcase><testcase classname="backend.tests.test_bug_fixes_iteration22.TestPricingCalculator" name="test_complexity_affects_price_digital_print" time="0.676" /><testcase classname="backend.tests.test_bug_fixes_iteration22.TestPricingCalculator" name="test_complexity_affects_price_rigid_signs" time="0.387" /><testcase classname="backend.tests.test_bug_fixes_iteration22.TestPricingCalculator" name="test_setup_fee_not_multiplied_by_quantity" time="0.308" /><testcase classname="backend.tests.test_bug_fixes_iteration22.TestAITools" name="test_ai_history_endpoint" time="0.510" /><testcase classname="backend.tests.test_bug_fixes_iteration22.TestAITools" name="test_ai_generate_tagline" time="9.202" /><testcase classname="backend.tests.test_bug_fixes_iteration22.TestJobsEndpoints" name="test_jobs_list_endpoint" time="0.570" /><testcase classname="backend.tests.test_bug_fixes_iteration22.TestJobsEndpoints" name="test_job_details_endpoint" time="0.169" /></testsuite></testsuites>