<?xml version="1.0" encoding="utf-8"?><testsuites name="pytest tests"><testsuite name="pytest" errors="0" failures="2" skipped="0" tests="16" time="4.942" timestamp="2026-03-12T20:32:14.783020+00:00" hostname="agent-env-060262ef-6625-4eda-b79e-e3c927886ad5"><testcase classname="backend.tests.test_cors_fix.TestCORSHeaders" name="test_options_preflight_login_returns_200" time="0.135"><failure message="AssertionError: OPTIONS preflight failed with 204: &#10;assert 204 == 200&#10; +  where 204 = &lt;Response [204]&gt;.status_code">backend/tests/test_cors_fix.py:41: in test_options_preflight_login_returns_200
    assert response.status_code == 200, f"OPTIONS preflight failed with {response.status_code}: {response.text}"
E   AssertionError: OPTIONS preflight failed with 204: 
E   assert 204 == 200
E    +  where 204 = &lt;Response [204]&gt;.status_code</failure></testcase><testcase classname="backend.tests.test_cors_fix.TestCORSHeaders" name="test_options_preflight_has_correct_allow_origin" time="0.088" /><testcase classname="backend.tests.test_cors_fix.TestCORSHeaders" name="test_options_preflight_no_credentials_header" time="0.071" /><testcase classname="backend.tests.test_cors_fix.TestCORSHeaders" name="test_options_preflight_allows_post_method" time="0.081" /><testcase classname="backend.tests.test_cors_fix.TestCORSHeaders" name="test_post_response_has_cors_headers" time="0.184" /><testcase classname="backend.tests.test_cors_fix.TestCORSHeaders" name="test_options_preflight_users_me" time="0.074"><failure message="AssertionError: OPTIONS /api/users/me failed: 204&#10;assert 204 == 200&#10; +  where 204 = &lt;Response [204]&gt;.status_code">backend/tests/test_cors_fix.py:119: in test_options_preflight_users_me
    assert response.status_code == 200, f"OPTIONS /api/users/me failed: {response.status_code}"
E   AssertionError: OPTIONS /api/users/me failed: 204
E   assert 204 == 200
E    +  where 204 = &lt;Response [204]&gt;.status_code</failure></testcase><testcase classname="backend.tests.test_cors_fix.TestLoginWithAdminCredentials" name="test_login_admin_success" time="0.466" /><testcase classname="backend.tests.test_cors_fix.TestLoginWithAdminCredentials" name="test_login_admin_get_user_profile" time="0.576" /><testcase classname="backend.tests.test_cors_fix.TestLoginWithAdminCredentials" name="test_login_admin_get_permissions" time="0.471" /><testcase classname="backend.tests.test_cors_fix.TestLoginWithTestCredentials" name="test_login_test_user_success" time="0.356" /><testcase classname="backend.tests.test_cors_fix.TestLoginWithRememberMe" name="test_login_with_remember_me_true" time="0.390" /><testcase classname="backend.tests.test_cors_fix.TestLoginWithRememberMe" name="test_login_with_remember_me_false" time="0.387" /><testcase classname="backend.tests.test_cors_fix.TestLoginInvalidCredentials" name="test_login_wrong_password" time="0.338" /><testcase classname="backend.tests.test_cors_fix.TestLoginInvalidCredentials" name="test_login_nonexistent_email" time="0.177" /><testcase classname="backend.tests.test_cors_fix.TestRegistrationFlow" name="test_register_new_user_success" time="0.753" /><testcase classname="backend.tests.test_cors_fix.TestHealthEndpoint" name="test_health_returns_healthy" time="0.168" /></testsuite></testsuites>