<?xml version="1.0" encoding="utf-8"?><testsuites name="pytest tests"><testsuite name="pytest" errors="0" failures="0" skipped="0" tests="28" time="11.506" timestamp="2026-02-10T10:59:42.228453+00:00" hostname="agent-env-e48b1c00-8a0c-45d6-b442-46d2e4b0194d"><testcase classname="backend.tests.test_customer_portal.TestPortalAuth" name="test_portal_login_success" time="0.284" /><testcase classname="backend.tests.test_customer_portal.TestPortalAuth" name="test_portal_login_invalid_password" time="0.279" /><testcase classname="backend.tests.test_customer_portal.TestPortalAuth" name="test_portal_login_nonexistent_email" time="0.035" /><testcase classname="backend.tests.test_customer_portal.TestPortalAuth" name="test_portal_register_already_registered" time="0.055" /><testcase classname="backend.tests.test_customer_portal.TestPortalProfile" name="test_get_profile" time="0.311" /><testcase classname="backend.tests.test_customer_portal.TestPortalProfile" name="test_update_profile" time="0.317" /><testcase classname="backend.tests.test_customer_portal.TestPortalProfile" name="test_update_tax_exempt_status" time="0.551" /><testcase classname="backend.tests.test_customer_portal.TestPortalProfile" name="test_profile_without_auth" time="0.064" /><testcase classname="backend.tests.test_customer_portal.TestPortalDashboard" name="test_get_dashboard" time="0.410" /><testcase classname="backend.tests.test_customer_portal.TestPortalOrders" name="test_get_orders" time="0.491" /><testcase classname="backend.tests.test_customer_portal.TestPortalOrders" name="test_get_orders_with_status_filter" time="0.446" /><testcase classname="backend.tests.test_customer_portal.TestPortalQuotes" name="test_get_quotes" time="0.526" /><testcase classname="backend.tests.test_customer_portal.TestPortalQuotes" name="test_get_quotes_with_status_filter" time="0.447" /><testcase classname="backend.tests.test_customer_portal.TestPortalInvoices" name="test_get_invoices" time="0.476" /><testcase classname="backend.tests.test_customer_portal.TestPortalInvoices" name="test_get_invoices_with_status_filter" time="0.435" /><testcase classname="backend.tests.test_customer_portal.TestPortalMessages" name="test_get_conversations" time="0.445" /><testcase classname="backend.tests.test_customer_portal.TestPortalMessages" name="test_create_conversation" time="0.385" /><testcase classname="backend.tests.test_customer_portal.TestPortalMessages" name="test_get_conversation_messages" time="0.491" /><testcase classname="backend.tests.test_customer_portal.TestPortalMessages" name="test_send_message" time="0.477" /><testcase classname="backend.tests.test_customer_portal.TestPortalProofs" name="test_get_proofs" time="0.400" /><testcase classname="backend.tests.test_customer_portal.TestPortalProofs" name="test_get_proofs_with_status_filter" time="0.386" /><testcase classname="backend.tests.test_customer_portal.TestPortalAppointments" name="test_get_appointments" time="0.401" /><testcase classname="backend.tests.test_customer_portal.TestPortalAppointments" name="test_get_upcoming_appointments" time="0.537" /><testcase classname="backend.tests.test_customer_portal.TestPortalNotifications" name="test_get_notifications" time="0.380" /><testcase classname="backend.tests.test_customer_portal.TestPortalNotifications" name="test_get_unread_notifications" time="0.375" /><testcase classname="backend.tests.test_customer_portal.TestPortalNotifications" name="test_mark_all_read" time="0.481" /><testcase classname="backend.tests.test_customer_portal.TestPortalPasswordChange" name="test_change_password_wrong_current" time="0.772" /><testcase classname="backend.tests.test_customer_portal.TestPortalPasswordChange" name="test_change_password_too_short" time="0.767" /></testsuite></testsuites>