<?xml version="1.0" encoding="utf-8"?><testsuites name="pytest tests"><testsuite name="pytest" errors="0" failures="0" skipped="0" tests="17" time="6.306" timestamp="2026-02-16T22:49:56.946376+00:00" hostname="agent-env-ed9b9a23-900c-4b7a-83bd-23ccd469118e"><testcase classname="tests.test_employee_portal.TestEmployeePortalAuth" name="test_employee_login_success" time="0.299" /><testcase classname="tests.test_employee_portal.TestEmployeePortalAuth" name="test_employee_login_invalid_email" time="0.113" /><testcase classname="tests.test_employee_portal.TestEmployeePortalAuth" name="test_employee_login_invalid_pin" time="0.188" /><testcase classname="tests.test_employee_portal.TestEmployeeProfile" name="test_get_profile_success" time="0.261" /><testcase classname="tests.test_employee_portal.TestEmployeeProfile" name="test_get_profile_unauthorized" time="0.274" /><testcase classname="tests.test_employee_portal.TestEmployeeProfile" name="test_get_profile_invalid_token" time="0.200" /><testcase classname="tests.test_employee_portal.TestTimeClock" name="test_get_time_clock_status" time="0.532" /><testcase classname="tests.test_employee_portal.TestTimeClock" name="test_punch_clock_in" time="0.247" /><testcase classname="tests.test_employee_portal.TestTimeClock" name="test_punch_break_start" time="0.460" /><testcase classname="tests.test_employee_portal.TestTimeClock" name="test_punch_break_end" time="0.278" /><testcase classname="tests.test_employee_portal.TestTimeClock" name="test_punch_clock_out" time="0.269" /><testcase classname="tests.test_employee_portal.TestTimeClock" name="test_punch_invalid_action" time="0.505" /><testcase classname="tests.test_employee_portal.TestTimeClock" name="test_get_time_clock_history" time="0.379" /><testcase classname="tests.test_employee_portal.TestPaySummary" name="test_get_pay_summary" time="0.534" /><testcase classname="tests.test_employee_portal.TestPaySummary" name="test_get_pay_summary_unauthorized" time="0.256" /><testcase classname="tests.test_employee_portal.TestTasks" name="test_get_tasks" time="0.887" /><testcase classname="tests.test_employee_portal.TestTasks" name="test_get_tasks_include_completed" time="0.473" /></testsuite></testsuites>