<?xml version="1.0" encoding="utf-8"?><testsuites name="pytest tests"><testsuite name="pytest" errors="0" failures="0" skipped="0" tests="2" time="1.403" timestamp="2026-03-07T05:39:32.715862+00:00" hostname="agent-env-ecce6543-1b58-4a02-87a5-8e2a7109085f"><testcase classname="backend.tests.test_invoice_from_job_line_items.TestInvoiceFromJobLineItems" name="test_create_job_with_line_items" time="0.615" /><testcase classname="backend.tests.test_invoice_from_job_line_items.TestInvoiceFromJobLineItems" name="test_create_invoice_from_job_copies_line_items" time="0.697" /></testsuite></testsuites>