<?xml version="1.0" encoding="utf-8"?><testsuites name="pytest tests"><testsuite name="pytest" errors="0" failures="0" skipped="0" tests="21" time="4.251" timestamp="2026-06-05T08:57:35.628369+00:00" hostname="agent-env-a7152711-5565-4a6f-b92f-d7040759b9ff"><testcase classname="backend.tests.test_iteration171_phase7_storefront.TestStorefrontStatusPage" name="test_pending_store_returns_status_page" time="0.254" /><testcase classname="backend.tests.test_iteration171_phase7_storefront.TestStorefrontStatusPage" name="test_status_page_has_limited_fields" time="0.126" /><testcase classname="backend.tests.test_iteration171_phase7_storefront.TestStorefrontStatusPage" name="test_status_page_branding_present" time="0.112" /><testcase classname="backend.tests.test_iteration171_phase7_storefront.TestStorefrontStatusPage" name="test_disabled_store_returns_status_page" time="0.929" /><testcase classname="backend.tests.test_iteration171_phase7_storefront.TestStorefrontPreview" name="test_preview_without_auth_401" time="0.119" /><testcase classname="backend.tests.test_iteration171_phase7_storefront.TestStorefrontPreview" name="test_preview_with_admin_auth_200" time="0.641" /><testcase classname="backend.tests.test_iteration171_phase7_storefront.TestStorefrontPreview" name="test_preview_response_has_store_fields" time="0.134" /><testcase classname="backend.tests.test_iteration171_phase7_storefront.TestStorefrontPreview" name="test_preview_response_hides_internal_fields" time="0.113" /><testcase classname="backend.tests.test_iteration171_phase7_storefront.TestStorefrontPreview" name="test_preview_logs_admin_preview_accessed_event" time="0.131" /><testcase classname="backend.tests.test_iteration171_phase7_storefront.TestStorefrontProducts" name="test_products_pending_store_404" time="0.113" /><testcase classname="backend.tests.test_iteration171_phase7_storefront.TestStorefrontProducts" name="test_products_admin_preview_bypasses_gate" time="0.103" /><testcase classname="backend.tests.test_iteration171_phase7_storefront.TestStorefrontProducts" name="test_products_admin_preview_returns_valid_structure" time="0.109" /><testcase classname="backend.tests.test_iteration171_phase7_storefront.TestStorefrontProducts" name="test_products_disabled_store_404" time="0.350" /><testcase classname="backend.tests.test_iteration171_phase7_storefront.TestStageEvents" name="test_status_changed_event_on_put" time="0.253" /><testcase classname="backend.tests.test_iteration171_phase7_storefront.TestStageEvents" name="test_status_changed_event_has_required_fields" time="0.004" /><testcase classname="backend.tests.test_iteration171_phase7_storefront.TestStageEvents" name="test_stage_stamped_event_on_patch_admin_progress" time="0.119" /><testcase classname="backend.tests.test_iteration171_phase7_storefront.TestStageEvents" name="test_stage_stamped_event_has_stamps_applied" time="0.003" /><testcase classname="backend.tests.test_iteration171_phase7_storefront.TestStageEvents" name="test_admin_preview_accessed_event_present" time="0.003" /><testcase classname="backend.tests.test_iteration171_phase7_storefront.TestStageEvents" name="test_stage_events_collection_total_not_zero" time="0.003" /><testcase classname="backend.tests.test_iteration171_phase7_storefront.TestWebstoreV2AfterStatusChange" name="test_get_webstore_with_pending_status" time="0.110" /><testcase classname="backend.tests.test_iteration171_phase7_storefront.TestWebstoreV2AfterStatusChange" name="test_get_webstore_with_completed_status_no_500" time="0.352" /></testsuite></testsuites>