<?xml version="1.0" encoding="utf-8"?><testsuites name="pytest tests"><testsuite name="pytest" errors="0" failures="0" skipped="0" tests="11" time="2.129" timestamp="2026-04-11T19:26:10.360638+00:00" hostname="agent-env-4beddcfd-cd65-4e54-8102-28301f58e229"><testcase classname="backend.tests.test_iteration98_checkout_gating.TestStripeConnectStatus" name="test_stripe_connect_status_returns_connected_false" time="0.838" /><testcase classname="backend.tests.test_iteration98_checkout_gating.TestPublicStorefrontCheckoutGating" name="test_storefront_returns_checkout_gating_fields" time="0.116" /><testcase classname="backend.tests.test_iteration98_checkout_gating.TestPublicStorefrontCheckoutGating" name="test_storefront_checkout_disabled_when_stripe_not_connected" time="0.115" /><testcase classname="backend.tests.test_iteration98_checkout_gating.TestPublicStorefrontCheckoutGating" name="test_storefront_returns_store_details" time="0.107" /><testcase classname="backend.tests.test_iteration98_checkout_gating.TestPublicStorefrontCheckoutGating" name="test_storefront_does_not_expose_sensitive_fields" time="0.107" /><testcase classname="backend.tests.test_iteration98_checkout_gating.TestStorefrontProducts" name="test_storefront_products_returns_list" time="0.129" /><testcase classname="backend.tests.test_iteration98_checkout_gating.TestStorefrontProducts" name="test_storefront_products_contain_expected_fields" time="0.127" /><testcase classname="backend.tests.test_iteration98_checkout_gating.TestStorefrontProducts" name="test_storefront_products_do_not_expose_base_cost" time="0.161" /><testcase classname="backend.tests.test_iteration98_checkout_gating.TestCheckoutGatingBehavior" name="test_webstore_checkout_fails_when_stripe_not_connected" time="0.116" /><testcase classname="backend.tests.test_iteration98_checkout_gating.TestCheckoutGatingBehavior" name="test_storefront_404_for_nonexistent_store" time="0.134" /><testcase classname="backend.tests.test_iteration98_checkout_gating.TestStorefrontEdgeCases" name="test_storefront_products_empty_for_nonexistent_store" time="0.114" /></testsuite></testsuites>