<?xml version="1.0" encoding="utf-8"?><testsuites name="pytest tests"><testsuite name="pytest" errors="0" failures="0" skipped="0" tests="13" time="2.709" timestamp="2026-06-08T11:14:26.112078+00:00" hostname="agent-env-174c7d1f-afb0-4a95-bdc5-744df1aa7006"><testcase classname="backend.tests.test_iteration185_customers_quotes_permissions.TestPermissions" name="test_login_returns_token" time="0.622" /><testcase classname="backend.tests.test_iteration185_customers_quotes_permissions.TestPermissions" name="test_platform_creator_role_in_user_info" time="0.108" /><testcase classname="backend.tests.test_iteration185_customers_quotes_permissions.TestPermissions" name="test_invoices_endpoint_accessible" time="0.104" /><testcase classname="backend.tests.test_iteration185_customers_quotes_permissions.TestPermissions" name="test_financials_reports_accessible" time="0.123" /><testcase classname="backend.tests.test_iteration185_customers_quotes_permissions.TestPermissions" name="test_customers_endpoint_accessible" time="0.120" /><testcase classname="backend.tests.test_iteration185_customers_quotes_permissions.TestCustomerUpdate" name="test_create_customer_returns_tenant_id" time="0.225" /><testcase classname="backend.tests.test_iteration185_customers_quotes_permissions.TestCustomerUpdate" name="test_put_customer_response_includes_tenant_id" time="0.551" /><testcase classname="backend.tests.test_iteration185_customers_quotes_permissions.TestCustomerUpdate" name="test_put_customer_response_structure" time="0.231" /><testcase classname="backend.tests.test_iteration185_customers_quotes_permissions.TestQuotesCustomerFilter" name="test_get_quotes_accessible" time="0.106" /><testcase classname="backend.tests.test_iteration185_customers_quotes_permissions.TestQuotesCustomerFilter" name="test_quotes_have_customer_id_field" time="0.109" /><testcase classname="backend.tests.test_iteration185_customers_quotes_permissions.TestQuotesCustomerFilter" name="test_get_customers_for_filter" time="0.114" /><testcase classname="backend.tests.test_iteration185_customers_quotes_permissions.TestPendingCustomerActions" name="test_pending_actions_endpoint_accessible" time="0.110" /><testcase classname="backend.tests.test_iteration185_customers_quotes_permissions.TestPendingCustomerActions" name="test_pending_actions_not_403" time="0.115" /></testsuite></testsuites>