<?xml version="1.0" encoding="utf-8"?><testsuites name="pytest tests"><testsuite name="pytest" errors="0" failures="0" skipped="0" tests="25" time="30.926" timestamp="2026-05-18T01:10:30.773048+00:00" hostname="agent-env-bced7143-ee85-475a-8f6f-0b3805d2bf34"><testcase classname="backend.tests.test_iteration146_wrap_phase2d" name="test_get_returns_production_install_blocks" time="0.735" /><testcase classname="backend.tests.test_iteration146_wrap_phase2d" name="test_production_subset_sets_timestamps_and_preserves" time="0.979" /><testcase classname="backend.tests.test_iteration146_wrap_phase2d" name="test_production_checklist_off_clears_and_idempotent" time="0.502" /><testcase classname="backend.tests.test_iteration146_wrap_phase2d" name="test_production_invalid_status_returns_400" time="0.118" /><testcase classname="backend.tests.test_iteration146_wrap_phase2d" name="test_tasks_load_defaults_idempotent" time="1.541" /><testcase classname="backend.tests.test_iteration146_wrap_phase2d" name="test_task_add_update_delete" time="0.582" /><testcase classname="backend.tests.test_iteration146_wrap_phase2d" name="test_install_subset_and_preserves" time="0.615" /><testcase classname="backend.tests.test_iteration146_wrap_phase2d" name="test_install_customer_signoff_idempotent_and_clear" time="20.803" /><testcase classname="backend.tests.test_iteration146_wrap_phase2d" name="test_final_signoff_autoflip" time="0.862" /><testcase classname="backend.tests.test_iteration146_wrap_phase2d" name="test_install_checklist_partial_merge" time="0.351" /><testcase classname="backend.tests.test_iteration146_wrap_phase2d" name="test_install_invalid_status_returns_400" time="0.108" /><testcase classname="backend.tests.test_iteration146_wrap_phase2d" name="test_issues_crud_and_idempotent_resolved_at" time="0.622" /><testcase classname="backend.tests.test_iteration146_wrap_phase2d" name="test_issue_invalid_type_returns_400" time="0.140" /><testcase classname="backend.tests.test_iteration146_wrap_phase2d" name="test_pipeline_state_production_install" time="1.313" /><testcase classname="backend.tests.test_iteration146_wrap_phase2d" name="test_non_wrap_guard[PUT-/production-body0]" time="0.165" /><testcase classname="backend.tests.test_iteration146_wrap_phase2d" name="test_non_wrap_guard[POST-/production/tasks-body1]" time="0.130" /><testcase classname="backend.tests.test_iteration146_wrap_phase2d" name="test_non_wrap_guard[POST-/production/tasks/load-defaults-None]" time="0.113" /><testcase classname="backend.tests.test_iteration146_wrap_phase2d" name="test_non_wrap_guard[PUT-/production/tasks/some-id-body3]" time="0.106" /><testcase classname="backend.tests.test_iteration146_wrap_phase2d" name="test_non_wrap_guard[DELETE-/production/tasks/some-id-None]" time="0.125" /><testcase classname="backend.tests.test_iteration146_wrap_phase2d" name="test_non_wrap_guard[PUT-/install-body5]" time="0.106" /><testcase classname="backend.tests.test_iteration146_wrap_phase2d" name="test_non_wrap_guard[POST-/install/issues-body6]" time="0.107" /><testcase classname="backend.tests.test_iteration146_wrap_phase2d" name="test_non_wrap_guard[PUT-/install/issues/some-id-body7]" time="0.117" /><testcase classname="backend.tests.test_iteration146_wrap_phase2d" name="test_non_wrap_guard[DELETE-/install/issues/some-id-None]" time="0.135" /><testcase classname="backend.tests.test_iteration146_wrap_phase2d" name="test_no_mongo_id_anywhere" time="0.241" /><testcase classname="backend.tests.test_iteration146_wrap_phase2d" name="test_regression_phase2abc" time="0.246" /></testsuite></testsuites>