<?xml version="1.0" encoding="utf-8"?><testsuites name="pytest tests"><testsuite name="pytest" errors="0" failures="0" skipped="0" tests="37" time="8.375" timestamp="2026-04-26T21:38:41.178431+00:00" hostname="agent-env-370673ea-d174-4dfb-8dd2-b4f95be03015"><testcase classname="backend.tests.test_iteration130_artwork_products_questionnaires_signatures.TestFileUpload" name="test_2_6_A_upload_png" time="0.963" /><testcase classname="backend.tests.test_iteration130_artwork_products_questionnaires_signatures.TestFileUpload" name="test_2_6_B_upload_jpg" time="0.257" /><testcase classname="backend.tests.test_iteration130_artwork_products_questionnaires_signatures.TestFileUpload" name="test_2_6_C_upload_pdf" time="0.261" /><testcase classname="backend.tests.test_iteration130_artwork_products_questionnaires_signatures.TestFileUpload" name="test_2_6_D_upload_svg" time="0.251" /><testcase classname="backend.tests.test_iteration130_artwork_products_questionnaires_signatures.TestFileUpload" name="test_2_6_E_upload_ai" time="0.279" /><testcase classname="backend.tests.test_iteration130_artwork_products_questionnaires_signatures.TestFileUpload" name="test_2_6_F_file_content" time="0.233" /><testcase classname="backend.tests.test_iteration130_artwork_products_questionnaires_signatures.TestFileUpload" name="test_2_6_G_file_list" time="0.121" /><testcase classname="backend.tests.test_iteration130_artwork_products_questionnaires_signatures.TestFileUpload" name="test_2_6_H_promote_to_shared" time="0.215" /><testcase classname="backend.tests.test_iteration130_artwork_products_questionnaires_signatures.TestFileUpload" name="test_2_6_I_file_delete" time="0.247" /><testcase classname="backend.tests.test_iteration130_artwork_products_questionnaires_signatures.TestDrawings" name="test_2_6_J_drawing_create" time="0.263" /><testcase classname="backend.tests.test_iteration130_artwork_products_questionnaires_signatures.TestDrawings" name="test_2_6_K_drawing_retrieve" time="0.105" /><testcase classname="backend.tests.test_iteration130_artwork_products_questionnaires_signatures.TestDrawings" name="test_2_6_L_drawing_file" time="0.191" /><testcase classname="backend.tests.test_iteration130_artwork_products_questionnaires_signatures.TestDrawings" name="test_2_6_M_drawing_delete" time="0.253" /><testcase classname="backend.tests.test_iteration130_artwork_products_questionnaires_signatures.TestWebstores" name="test_2_7_A_slug_name_uniqueness" time="0.230" /><testcase classname="backend.tests.test_iteration130_artwork_products_questionnaires_signatures.TestWebstores" name="test_2_7_F_storefront_seo_og" time="0.797" /><testcase classname="backend.tests.test_iteration130_artwork_products_questionnaires_signatures.TestProducts" name="test_2_7_B_product_create" time="0.109" /><testcase classname="backend.tests.test_iteration130_artwork_products_questionnaires_signatures.TestProducts" name="test_2_7_C_product_edit" time="0.110" /><testcase classname="backend.tests.test_iteration130_artwork_products_questionnaires_signatures.TestProducts" name="test_2_7_D_product_delete" time="0.218" /><testcase classname="backend.tests.test_iteration130_artwork_products_questionnaires_signatures.TestProducts" name="test_2_7_E_apparel_options" time="0.130" /><testcase classname="backend.tests.test_iteration130_artwork_products_questionnaires_signatures.TestProducts" name="test_2_7_G_product_field_round_trip" time="0.363" /><testcase classname="backend.tests.test_iteration130_artwork_products_questionnaires_signatures.TestQuestionnaires" name="test_2_9_A_create_questionnaire" time="0.127" /><testcase classname="backend.tests.test_iteration130_artwork_products_questionnaires_signatures.TestQuestionnaires" name="test_2_9_B_get_questionnaire" time="0.107" /><testcase classname="backend.tests.test_iteration130_artwork_products_questionnaires_signatures.TestQuestionnaires" name="test_2_9_C_activate_and_public_access" time="0.203" /><testcase classname="backend.tests.test_iteration130_artwork_products_questionnaires_signatures.TestQuestionnaires" name="test_2_9_D_submit_questionnaire" time="0.116" /><testcase classname="backend.tests.test_iteration130_artwork_products_questionnaires_signatures.TestQuestionnaires" name="test_2_9_E_submission_in_dashboard" time="0.107" /><testcase classname="backend.tests.test_iteration130_artwork_products_questionnaires_signatures.TestQuestionnaires" name="test_2_9_F_required_field_enforcement" time="0.102" /><testcase classname="backend.tests.test_iteration130_artwork_products_questionnaires_signatures.TestQuestionnaires" name="test_2_9_G_email_validation" time="0.105" /><testcase classname="backend.tests.test_iteration130_artwork_products_questionnaires_signatures.TestSignatures" name="test_2_10_A_create_signature_requirement" time="0.116" /><testcase classname="backend.tests.test_iteration130_artwork_products_questionnaires_signatures.TestSignatures" name="test_2_10_B_get_request_token_from_db" time="0.012" /><testcase classname="backend.tests.test_iteration130_artwork_products_questionnaires_signatures.TestSignatures" name="test_2_10_C_public_token_loads" time="0.161" /><testcase classname="backend.tests.test_iteration130_artwork_products_questionnaires_signatures.TestSignatures" name="test_2_10_D_customer_signs" time="0.289" /><testcase classname="backend.tests.test_iteration130_artwork_products_questionnaires_signatures.TestSignatures" name="test_2_10_E_token_one_time_use" time="0.121" /><testcase classname="backend.tests.test_iteration130_artwork_products_questionnaires_signatures.TestSignatures" name="test_2_10_F_invalid_token" time="0.108" /><testcase classname="backend.tests.test_iteration130_artwork_products_questionnaires_signatures.TestSignatures" name="test_2_10_G_expired_token" time="0.115" /><testcase classname="backend.tests.test_iteration130_artwork_products_questionnaires_signatures.TestCleanup" name="test_cleanup_questionnaire" time="0.121" /><testcase classname="backend.tests.test_iteration130_artwork_products_questionnaires_signatures.TestCleanup" name="test_cleanup_webstore_duplicates" time="0.225" /><testcase classname="backend.tests.test_iteration130_artwork_products_questionnaires_signatures.TestCleanup" name="test_cleanup_remaining_files" time="0.448" /></testsuite></testsuites>