<?xml version="1.0" encoding="utf-8"?><testsuites name="pytest tests"><testsuite name="pytest" errors="0" failures="0" skipped="1" tests="15" time="11.391" timestamp="2026-03-31T22:04:00.909728+00:00" hostname="agent-env-ba3219c3-0812-46c1-8274-8c4f07d1a3eb"><testcase classname="backend.tests.test_iteration82_payroll_admin.TestPayrollAdminOnlyMutations" name="test_01_admin_can_create_manual_hours" time="0.786" /><testcase classname="backend.tests.test_iteration82_payroll_admin.TestPayrollAdminOnlyMutations" name="test_02_admin_can_update_manual_hours" time="0.734" /><testcase classname="backend.tests.test_iteration82_payroll_admin.TestPayrollAdminOnlyMutations" name="test_03_admin_can_delete_manual_hours" time="0.800" /><testcase classname="backend.tests.test_iteration82_payroll_admin.TestPayrollAdminOnlyMutations" name="test_04_admin_can_edit_timeclock_shift" time="0.662"><skipped type="pytest.skip" message="No timeclock shifts available to edit">/app/backend/tests/test_iteration82_payroll_admin.py:137: No timeclock shifts available to edit</skipped></testcase><testcase classname="backend.tests.test_iteration82_payroll_admin.TestPayrollAdminOnlyMutations" name="test_05_admin_can_create_transaction" time="0.718" /><testcase classname="backend.tests.test_iteration82_payroll_admin.TestPayrollAdminOnlyMutations" name="test_06_admin_can_update_transaction" time="0.747" /><testcase classname="backend.tests.test_iteration82_payroll_admin.TestPayrollAdminOnlyMutations" name="test_07_admin_can_delete_transaction" time="0.751" /><testcase classname="backend.tests.test_iteration82_payroll_admin.TestPayrollAdminOnlyMutations" name="test_08_payroll_rollups_after_transaction_changes" time="0.977" /><testcase classname="backend.tests.test_iteration82_payroll_admin.TestPayrollAdminOnlyMutations" name="test_09_timesheet_includes_timeclock_entries" time="0.630" /><testcase classname="backend.tests.test_iteration82_payroll_admin.TestPayrollAdminOnlyMutations" name="test_10_pay_period_includes_all_hour_sources" time="0.718" /><testcase classname="backend.tests.test_iteration82_payroll_admin.TestEmployeePortalPayConnection" name="test_11_employee_portal_pay_reflects_admin_changes" time="0.924" /><testcase classname="backend.tests.test_iteration82_payroll_admin.TestScheduleEndpoint" name="test_12_schedule_endpoint_works" time="0.679" /><testcase classname="backend.tests.test_iteration82_payroll_admin.TestScheduleEndpoint" name="test_13_admin_can_save_schedule" time="0.747" /><testcase classname="backend.tests.test_iteration82_payroll_admin.TestCleanupVerification" name="test_14_cleanup_test_transactions" time="0.701" /><testcase classname="backend.tests.test_iteration82_payroll_admin.TestCleanupVerification" name="test_15_cleanup_test_manual_hours" time="0.755" /></testsuite></testsuites>