<?xml version="1.0" encoding="utf-8"?><testsuites name="pytest tests"><testsuite name="pytest" errors="0" failures="0" skipped="0" tests="5" time="1.778" timestamp="2026-07-16T20:27:10.371930+00:00" hostname="agent-env-32c8e631-2aad-406f-89bf-d619a8bdb652"><testcase classname="backend.tests.test_questionnaire_uploads.TestUploadsEndpoint" name="test_200_valid_questionnaire_with_auth" time="1.050" /><testcase classname="backend.tests.test_questionnaire_uploads.TestUploadsEndpoint" name="test_404_unknown_questionnaire" time="0.198" /><testcase classname="backend.tests.test_questionnaire_uploads.TestUploadsEndpoint" name="test_401_no_auth_token" time="0.134" /><testcase classname="backend.tests.test_questionnaire_uploads.TestUploadsEndpoint" name="test_upload_fields_structure" time="0.165" /><testcase classname="backend.tests.test_questionnaire_uploads.TestResponsesRegression" name="test_responses_endpoint_still_works" time="0.133" /></testsuite></testsuites>