<?xml version="1.0" encoding="utf-8"?><testsuites name="pytest tests"><testsuite name="pytest" errors="0" failures="0" skipped="1" tests="17" time="7.690" timestamp="2026-04-13T03:08:08.390404+00:00" hostname="agent-env-4beddcfd-cd65-4e54-8102-28301f58e229"><testcase classname="backend.tests.test_iteration99_consolidation_pass.TestAuthAndBasicEndpoints" name="test_health_endpoint" time="0.152" /><testcase classname="backend.tests.test_iteration99_consolidation_pass.TestAuthAndBasicEndpoints" name="test_login_success" time="0.580" /><testcase classname="backend.tests.test_iteration99_consolidation_pass.TestProductivityEndpoints" name="test_productivity_items_endpoint" time="0.726" /><testcase classname="backend.tests.test_iteration99_consolidation_pass.TestProductivityEndpoints" name="test_productivity_summary_endpoint" time="0.109" /><testcase classname="backend.tests.test_iteration99_consolidation_pass.TestProductivityEndpoints" name="test_productivity_calendar_range_endpoint" time="0.111" /><testcase classname="backend.tests.test_iteration99_consolidation_pass.TestProductivityEndpoints" name="test_productivity_items_with_filters" time="0.220" /><testcase classname="backend.tests.test_iteration99_consolidation_pass.TestLegacyJobDetailsEndpoint" name="test_jobs_list_endpoint" time="0.717" /><testcase classname="backend.tests.test_iteration99_consolidation_pass.TestLegacyJobDetailsEndpoint" name="test_job_details_endpoint_with_valid_id" time="0.108"><skipped type="pytest.skip" message="No jobs available to test details endpoint">/app/backend/tests/test_iteration99_consolidation_pass.py:159: No jobs available to test details endpoint</skipped></testcase><testcase classname="backend.tests.test_iteration99_consolidation_pass.TestLegacyJobDetailsEndpoint" name="test_job_details_endpoint_with_invalid_id" time="0.111" /><testcase classname="backend.tests.test_iteration99_consolidation_pass.TestAppointmentsEndpoint" name="test_appointment_detail_endpoint_with_invalid_id" time="0.706" /><testcase classname="backend.tests.test_iteration99_consolidation_pass.TestProductivityPatchEndpoint" name="test_productivity_patch_endpoint_exists" time="0.820" /><testcase classname="backend.tests.test_iteration99_consolidation_pass.TestOrdersEndpoint" name="test_orders_list_endpoint" time="0.687" /><testcase classname="backend.tests.test_iteration99_consolidation_pass.TestSignaturePublicFlow" name="test_signature_endpoint_structure" time="0.121" /><testcase classname="backend.tests.test_iteration99_consolidation_pass.TestDrawingEndpoints" name="test_order_drawings_endpoint_exists" time="0.810" /><testcase classname="backend.tests.test_iteration99_consolidation_pass.TestEmployeesEndpoint" name="test_employees_list_endpoint" time="0.697" /><testcase classname="backend.tests.test_iteration99_consolidation_pass.TestTasksEndpoint" name="test_tasks_list_endpoint" time="0.708" /><testcase classname="backend.tests.test_iteration99_consolidation_pass.TestTasksEndpoint" name="test_create_task_endpoint" time="0.223" /></testsuite></testsuites>