<?xml version="1.0" encoding="utf-8"?><testsuites name="pytest tests"><testsuite name="pytest" errors="0" failures="0" skipped="0" tests="19" time="4.638" timestamp="2026-04-09T08:40:04.347536+00:00" hostname="agent-env-4beddcfd-cd65-4e54-8102-28301f58e229"><testcase classname="backend.tests.test_iteration92_object_storage.TestPricingSetupImportsObjectStorage" name="test_create_pricing_import_with_csv_file" time="1.168" /><testcase classname="backend.tests.test_iteration92_object_storage.TestPricingSetupImportsObjectStorage" name="test_get_pricing_import_has_storage_path" time="0.103" /><testcase classname="backend.tests.test_iteration92_object_storage.TestPricingSetupImportsObjectStorage" name="test_migrate_storage_endpoint" time="0.116" /><testcase classname="backend.tests.test_iteration92_object_storage.TestDocumentsObjectStorage" name="test_upload_document_to_object_storage" time="0.264" /><testcase classname="backend.tests.test_iteration92_object_storage.TestDocumentsObjectStorage" name="test_download_document_returns_file_data" time="0.178" /><testcase classname="backend.tests.test_iteration92_object_storage.TestDocumentsObjectStorage" name="test_get_document_metadata" time="0.100" /><testcase classname="backend.tests.test_iteration92_object_storage.TestDocumentsObjectStorage" name="test_cleanup_test_document" time="0.095" /><testcase classname="backend.tests.test_iteration92_object_storage.TestOrderFilesObjectStorage" name="test_create_test_order" time="0.102" /><testcase classname="backend.tests.test_iteration92_object_storage.TestOrderFilesObjectStorage" name="test_upload_order_file_to_object_storage" time="0.300" /><testcase classname="backend.tests.test_iteration92_object_storage.TestOrderFilesObjectStorage" name="test_list_order_files_has_storage_path" time="0.138" /><testcase classname="backend.tests.test_iteration92_object_storage.TestOrderFilesObjectStorage" name="test_get_order_file_content" time="0.181" /><testcase classname="backend.tests.test_iteration92_object_storage.TestOrderFilesObjectStorage" name="test_cleanup_order_file" time="0.557" /><testcase classname="backend.tests.test_iteration92_object_storage.TestOrderFilesObjectStorage" name="test_cleanup_test_order" time="0.122" /><testcase classname="backend.tests.test_iteration92_object_storage.TestBackwardCompatibility" name="test_documents_list_endpoint_works" time="0.100" /><testcase classname="backend.tests.test_iteration92_object_storage.TestBackwardCompatibility" name="test_documents_stats_endpoint_works" time="0.138" /><testcase classname="backend.tests.test_iteration92_object_storage.TestBackwardCompatibility" name="test_pricing_imports_list_endpoint_works" time="0.104" /><testcase classname="backend.tests.test_iteration92_object_storage.TestBackwardCompatibility" name="test_orders_list_endpoint_works" time="0.107" /><testcase classname="backend.tests.test_iteration92_object_storage.TestObjectStorageServiceHealth" name="test_auth_endpoint_works" time="0.579" /><testcase classname="backend.tests.test_iteration92_object_storage.TestObjectStorageServiceHealth" name="test_health_endpoint" time="0.100" /></testsuite></testsuites>