<?xml version="1.0" encoding="utf-8"?><testsuites name="pytest tests"><testsuite name="pytest" errors="0" failures="0" skipped="0" tests="10" time="1.840" timestamp="2026-03-31T02:06:25.234355+00:00" hostname="agent-env-5d15dccb-5532-41f4-a535-c659d1707f04"><testcase classname="backend.tests.test_iteration76_features.TestOrderDraftFeature" name="test_create_order_as_draft" time="0.751" /><testcase classname="backend.tests.test_iteration76_features.TestOrderDraftFeature" name="test_get_draft_orders_filter" time="0.056" /><testcase classname="backend.tests.test_iteration76_features.TestOrderDraftFeature" name="test_update_draft_to_new_intake" time="0.164" /><testcase classname="backend.tests.test_iteration76_features.TestBannerSchemaDefaults" name="test_banner_schema_has_unit_of_measure_default" time="0.047" /><testcase classname="backend.tests.test_iteration76_features.TestBannerSchemaDefaults" name="test_banner_schema_has_sq_footage_calculated" time="0.049" /><testcase classname="backend.tests.test_iteration76_features.TestJobTicketWithBannerSpecs" name="test_create_banner_ticket_with_feet" time="0.166" /><testcase classname="backend.tests.test_iteration76_features.TestJobTicketWithBannerSpecs" name="test_pricing_calculation_with_feet" time="0.214" /><testcase classname="backend.tests.test_iteration76_features.TestLivePricingAPI" name="test_pricing_calculate_with_feet_unit" time="0.065" /><testcase classname="backend.tests.test_iteration76_features.TestOrderStatusColors" name="test_order_list_includes_draft_status" time="0.170" /><testcase classname="backend.tests.test_iteration76_features.TestCleanup" name="test_cleanup_test_orders" time="0.100" /></testsuite></testsuites>