<?xml version="1.0" encoding="utf-8"?><testsuites name="pytest tests"><testsuite name="pytest" errors="0" failures="0" skipped="0" tests="16" time="10.995" timestamp="2026-04-08T05:51:00.794151+00:00" hostname="agent-env-4beddcfd-cd65-4e54-8102-28301f58e229"><testcase classname="backend.tests.test_iteration91_payroll_export.TestPayrollExportFeatures" name="test_auth_login_works" time="1.330" /><testcase classname="backend.tests.test_iteration91_payroll_export.TestPayrollExportFeatures" name="test_payroll_pay_period_endpoint" time="0.642" /><testcase classname="backend.tests.test_iteration91_payroll_export.TestPayrollExportFeatures" name="test_payroll_pay_period_biweekly" time="0.629" /><testcase classname="backend.tests.test_iteration91_payroll_export.TestPayrollExportFeatures" name="test_payroll_timesheet_endpoint" time="0.628" /><testcase classname="backend.tests.test_iteration91_payroll_export.TestPayrollExportFeatures" name="test_payroll_report_with_date_range" time="0.625" /><testcase classname="backend.tests.test_iteration91_payroll_export.TestPayrollExportFeatures" name="test_payroll_report_with_period_type_weekly" time="0.658" /><testcase classname="backend.tests.test_iteration91_payroll_export.TestPayrollExportFeatures" name="test_payroll_report_with_period_type_biweekly" time="0.621" /><testcase classname="backend.tests.test_iteration91_payroll_export.TestPayrollExportFeatures" name="test_payroll_report_with_employee_filter" time="0.688" /><testcase classname="backend.tests.test_iteration91_payroll_export.TestPayrollExportFeatures" name="test_payroll_transactions_endpoint" time="0.621" /><testcase classname="backend.tests.test_iteration91_payroll_export.TestPayrollExportFeatures" name="test_payroll_hours_endpoint" time="0.622" /><testcase classname="backend.tests.test_iteration91_payroll_export.TestPayrollExportFeatures" name="test_payroll_timeclock_shifts_endpoint" time="0.624" /><testcase classname="backend.tests.test_iteration91_payroll_export.TestPayrollExportFeatures" name="test_payroll_schedule_endpoint" time="0.645" /><testcase classname="backend.tests.test_iteration91_payroll_export.TestPayrollExportFeatures" name="test_employees_list_endpoint" time="0.623" /><testcase classname="backend.tests.test_iteration91_payroll_export.TestTimeclockEndpoints" name="test_timeclock_status_requires_employee" time="0.616" /><testcase classname="backend.tests.test_iteration91_payroll_export.TestTimeclockEndpoints" name="test_timeclock_today_requires_employee" time="0.688" /><testcase classname="backend.tests.test_iteration91_payroll_export.TestTimeclockEndpoints" name="test_timeclock_summary_requires_employee" time="0.652" /></testsuite></testsuites>