<?xml version="1.0" encoding="utf-8"?><testsuites name="pytest tests"><testsuite name="pytest" errors="0" failures="0" skipped="0" tests="19" time="4.175" timestamp="2026-04-23T20:06:18.737955+00:00" hostname="agent-env-aaa46428-5edb-414b-8289-31c468bdf903"><testcase classname="backend.tests.test_iteration122_portal_regressions.TestPortalAuthentication" name="test_portal_login_success" time="0.422" /><testcase classname="backend.tests.test_iteration122_portal_regressions.TestPortalDashboard" name="test_dashboard_returns_stats" time="0.563" /><testcase classname="backend.tests.test_iteration122_portal_regressions.TestPortalDashboard" name="test_dashboard_returns_recent_jobs" time="0.116" /><testcase classname="backend.tests.test_iteration122_portal_regressions.TestPortalDashboard" name="test_dashboard_returns_recent_invoices" time="0.130" /><testcase classname="backend.tests.test_iteration122_portal_regressions.TestPortalOrders" name="test_orders_list_returns_data" time="0.128" /><testcase classname="backend.tests.test_iteration122_portal_regressions.TestPortalOrders" name="test_orders_list_with_status_filter" time="0.152" /><testcase classname="backend.tests.test_iteration122_portal_regressions.TestPortalQuotes" name="test_quotes_list_returns_data" time="0.104" /><testcase classname="backend.tests.test_iteration122_portal_regressions.TestPortalInvoices" name="test_invoices_list_returns_data" time="0.117" /><testcase classname="backend.tests.test_iteration122_portal_regressions.TestPortalInvoices" name="test_invoice_status_normalization" time="0.114" /><testcase classname="backend.tests.test_iteration122_portal_regressions.TestPortalMessaging" name="test_conversations_list" time="0.121" /><testcase classname="backend.tests.test_iteration122_portal_regressions.TestPortalMessaging" name="test_create_conversation" time="0.179" /><testcase classname="backend.tests.test_iteration122_portal_regressions.TestPortalMessaging" name="test_send_message_in_conversation" time="0.286" /><testcase classname="backend.tests.test_iteration122_portal_regressions.TestPortalMessaging" name="test_send_message_empty_content_rejected" time="0.281" /><testcase classname="backend.tests.test_iteration122_portal_regressions.TestAdminCustomersPage" name="test_customers_list" time="0.690" /><testcase classname="backend.tests.test_iteration122_portal_regressions.TestAdminCustomersPage" name="test_customer_detail" time="0.238" /><testcase classname="backend.tests.test_iteration122_portal_regressions.TestInvoicesReconciliation" name="test_reconcile_invoices_endpoint" time="0.117" /><testcase classname="backend.tests.test_iteration122_portal_regressions.TestInvoicesReconciliation" name="test_invoices_list_admin" time="0.116" /><testcase classname="backend.tests.test_iteration122_portal_regressions.TestSeededDataVerification" name="test_seeded_customer_exists" time="0.122" /><testcase classname="backend.tests.test_iteration122_portal_regressions.TestSeededDataVerification" name="test_seeded_order_in_portal_orders" time="0.115" /></testsuite></testsuites>