<?xml version="1.0" encoding="utf-8"?><testsuites name="pytest tests"><testsuite name="pytest" errors="0" failures="0" skipped="0" tests="11" time="3.506" timestamp="2026-04-25T21:55:46.327705+00:00" hostname="agent-env-bab31030-6f03-4dbf-b1b7-9e58c1d53b2f"><testcase classname="backend.tests.test_iteration124_stripe_send_payment_link.TestAuth" name="test_login_success" time="0.609" /><testcase classname="backend.tests.test_iteration124_stripe_send_payment_link.TestStripeConnectStatusRegression" name="test_stripe_connect_status_returns_200" time="1.238" /><testcase classname="backend.tests.test_iteration124_stripe_send_payment_link.TestStripeConnectStatusRegression" name="test_stripe_connect_status_has_required_fields" time="0.401" /><testcase classname="backend.tests.test_iteration124_stripe_send_payment_link.TestWebstoresV2Regression" name="test_webstores_v2_returns_200" time="0.111" /><testcase classname="backend.tests.test_iteration124_stripe_send_payment_link.TestWebstoresV2Regression" name="test_webstores_v2_returns_list" time="0.117" /><testcase classname="backend.tests.test_iteration124_stripe_send_payment_link.TestSendPaymentLinkEndpoint" name="test_endpoint_exists_not_404" time="0.111" /><testcase classname="backend.tests.test_iteration124_stripe_send_payment_link.TestSendPaymentLinkEndpoint" name="test_endpoint_returns_404_for_missing_invoice" time="0.133" /><testcase classname="backend.tests.test_iteration124_stripe_send_payment_link.TestSendPaymentLinkEndpoint" name="test_endpoint_with_real_invoice" time="0.386" /><testcase classname="backend.tests.test_iteration124_stripe_send_payment_link.TestSendPaymentLinkEndpoint" name="test_endpoint_requires_auth" time="0.109" /><testcase classname="backend.tests.test_iteration124_stripe_send_payment_link.TestInvoicesEndpoint" name="test_get_invoices_returns_200" time="0.108" /><testcase classname="backend.tests.test_iteration124_stripe_send_payment_link.TestInvoicesEndpoint" name="test_invoices_have_unpaid_items" time="0.114" /></testsuite></testsuites>