<?xml version="1.0" encoding="utf-8"?><testsuites name="pytest tests"><testsuite name="pytest" errors="0" failures="0" skipped="0" tests="20" time="21.287" timestamp="2026-04-26T23:49:38.698662+00:00" hostname="agent-env-370673ea-d174-4dfb-8dd2-b4f95be03015"><testcase classname="tests.test_iteration135_tier6.TestAppointmentRequestEmail" name="test_request_appointment_does_not_crash" time="3.624" /><testcase classname="tests.test_iteration135_tier6.TestAITools" name="test_ai_tools_list_endpoint_not_implemented" time="0.138" /><testcase classname="tests.test_iteration135_tier6.TestAITools" name="test_ai_extract_invoice_not_implemented" time="0.115" /><testcase classname="tests.test_iteration135_tier6.TestAITools" name="test_assistant_clear_chat_not_implemented" time="0.118" /><testcase classname="tests.test_iteration135_tier6.TestAITools" name="test_generate_email" time="6.174" /><testcase classname="tests.test_iteration135_tier6.TestAITools" name="test_assistant_multi_turn_session_persistence" time="2.797" /><testcase classname="tests.test_iteration135_tier6.TestAITools" name="test_assistant_accepts_context_param" time="4.299" /><testcase classname="tests.test_iteration135_tier6.TestAITools" name="test_voice_transcribe" time="1.277" /><testcase classname="tests.test_iteration135_tier6.TestAITools" name="test_image_gen_endpoint_exists" time="0.105" /><testcase classname="tests.test_iteration135_tier6.TestAITools" name="test_ai_usage_collection_has_entries" time="1.144" /><testcase classname="tests.test_iteration135_tier6.TestEmails" name="test_forgot_password_does_not_crash" time="0.116" /><testcase classname="tests.test_iteration135_tier6.TestEmails" name="test_quote_send_route_exists" time="0.138" /><testcase classname="tests.test_iteration135_tier6.TestEmails" name="test_invoice_send_route_exists" time="0.103" /><testcase classname="tests.test_iteration135_tier6.TestEmails" name="test_approval_resend_route_exists" time="0.109" /><testcase classname="tests.test_iteration135_tier6.TestPDFs" name="test_quotes_pdf_endpoint_not_implemented" time="0.102" /><testcase classname="tests.test_iteration135_tier6.TestPDFs" name="test_invoices_pdf_endpoint_not_implemented" time="0.105" /><testcase classname="tests.test_iteration135_tier6.TestPDFs" name="test_orders_work_ticket_pdf_not_implemented" time="0.111" /><testcase classname="tests.test_iteration135_tier6.TestPDFs" name="test_payroll_pdf_not_implemented" time="0.107" /><testcase classname="tests.test_iteration135_tier6.TestPDFs" name="test_portal_invoice_pdf_download" time="0.206" /><testcase classname="tests.test_iteration135_tier6.TestPDFs" name="test_non_ascii_customer_does_not_crash_invoice_create" time="0.341" /></testsuite></testsuites>