<?xml version="1.0" encoding="utf-8"?><testsuites name="pytest tests"><testsuite name="pytest" errors="0" failures="0" skipped="0" tests="11" time="9.991" timestamp="2026-04-23T19:41:52.696856+00:00" hostname="agent-env-aaa46428-5edb-414b-8289-31c468bdf903"><testcase classname="backend.tests.test_iteration121_stripe_invoice_reconcile.TestStripeConnectReconciliation" name="test_auth_login_success" time="0.704" /><testcase classname="backend.tests.test_iteration121_stripe_invoice_reconcile.TestStripeConnectReconciliation" name="test_stripe_connect_status_endpoint" time="1.176" /><testcase classname="backend.tests.test_iteration121_stripe_invoice_reconcile.TestStripeConnectReconciliation" name="test_reconcile_invoices_endpoint" time="0.735" /><testcase classname="backend.tests.test_iteration121_stripe_invoice_reconcile.TestStripeConnectReconciliation" name="test_tenant_dashboard_endpoint" time="1.465" /><testcase classname="backend.tests.test_iteration121_stripe_invoice_reconcile.TestStripeConnectReconciliation" name="test_tenant_dashboard_recent_payments_structure" time="1.370" /><testcase classname="backend.tests.test_iteration121_stripe_invoice_reconcile.TestStripeConnectReconciliation" name="test_payment_status_endpoint_invalid_session" time="0.857" /><testcase classname="backend.tests.test_iteration121_stripe_invoice_reconcile.TestStripeConnectReconciliation" name="test_reconcile_invoices_requires_auth" time="0.714" /><testcase classname="backend.tests.test_iteration121_stripe_invoice_reconcile.TestStripeConnectReconciliation" name="test_tenant_dashboard_requires_auth" time="0.771" /><testcase classname="backend.tests.test_iteration121_stripe_invoice_reconcile.TestStripeConnectReconciliation" name="test_stripe_connect_status_requires_auth" time="0.719" /><testcase classname="backend.tests.test_iteration121_stripe_invoice_reconcile.TestInvoicesPageIntegration" name="test_invoices_list_endpoint" time="0.665" /><testcase classname="backend.tests.test_iteration121_stripe_invoice_reconcile.TestInvoicesPageIntegration" name="test_reconcile_then_fetch_invoices" time="0.732" /></testsuite></testsuites>