<?xml version="1.0" encoding="utf-8"?><testsuites name="pytest tests"><testsuite name="pytest" errors="0" failures="0" skipped="2" tests="25" time="5.893" timestamp="2026-04-26T20:45:26.766416+00:00" hostname="agent-env-370673ea-d174-4dfb-8dd2-b4f95be03015"><testcase classname="backend.tests.test_iteration128_pricing_sections_g_h_i.TestServicesSection" name="test_2_3g_1_hourly_installation" time="0.726" /><testcase classname="backend.tests.test_iteration128_pricing_sections_g_h_i.TestServicesSection" name="test_2_3g_2_flat_fee_graphic_design" time="0.230" /><testcase classname="backend.tests.test_iteration128_pricing_sections_g_h_i.TestServicesSection" name="test_2_3g_3_consultation_minimum" time="0.127" /><testcase classname="backend.tests.test_iteration128_pricing_sections_g_h_i.TestServicesSection" name="test_2_3g_4_delivery_per_mile" time="0.109" /><testcase classname="backend.tests.test_iteration128_pricing_sections_g_h_i.TestServicesSection" name="test_2_3g_5_delivery_per_trip" time="0.108" /><testcase classname="backend.tests.test_iteration128_pricing_sections_g_h_i.TestServicesSection" name="test_2_3g_6_subcontracted_permit" time="0.152" /><testcase classname="backend.tests.test_iteration128_pricing_sections_g_h_i.TestServicesSection" name="test_2_3g_7_equipment_rental_standalone" time="0.128" /><testcase classname="backend.tests.test_iteration128_pricing_sections_g_h_i.TestServicesSection" name="test_2_3g_8_file_cleanup_flat_fee" time="0.124" /><testcase classname="backend.tests.test_iteration128_pricing_sections_g_h_i.TestServicesSection" name="test_2_3g_9_site_survey_with_travel" time="0.115" /><testcase classname="backend.tests.test_iteration128_pricing_sections_g_h_i.TestServicesSection" name="test_2_3g_10_wrap_install_complexity" time="0.219" /><testcase classname="backend.tests.test_iteration128_pricing_sections_g_h_i.TestServicesSection" name="test_2_3g_11_rush_from_foundation" time="0.421" /><testcase classname="backend.tests.test_iteration128_pricing_sections_g_h_i.TestServicesSection" name="test_2_3g_12_rush_fallback_to_services_category" time="0.256" /><testcase classname="backend.tests.test_iteration128_pricing_sections_g_h_i.TestServicesSection" name="test_2_3g_13_explicit_zero_percent_rush" time="0.531" /><testcase classname="backend.tests.test_iteration128_pricing_sections_g_h_i.TestServicesSection" name="test_2_3g_14_breakdown_spec_fields" time="0.119" /><testcase classname="backend.tests.test_iteration128_pricing_sections_g_h_i.TestPromotionalSection" name="test_2_3h_1_magnets" time="0.112" /><testcase classname="backend.tests.test_iteration128_pricing_sections_g_h_i.TestPromotionalSection" name="test_2_3h_2_yard_signs" time="0.124" /><testcase classname="backend.tests.test_iteration128_pricing_sections_g_h_i.TestPromotionalSection" name="test_2_3h_3_stickers" time="0.125" /><testcase classname="backend.tests.test_iteration128_pricing_sections_g_h_i.TestPromotionalSection" name="test_2_3h_4_quantity_tier_discounts" time="0.422" /><testcase classname="backend.tests.test_iteration128_pricing_sections_g_h_i.TestPromotionalSection" name="test_2_3h_5_double_sided_upcharge" time="0.228"><skipped type="pytest.xfail" message="BUG 2.3h-5: double_sided upcharge not implemented in calculate_promotional(). The field double_sided_art is in JobItemPricingData but is never read by the promotional calculator." /></testcase><testcase classname="backend.tests.test_iteration128_pricing_sections_g_h_i.TestPromotionalSection" name="test_2_3h_6_rush_upcharge" time="0.228" /><testcase classname="backend.tests.test_iteration128_pricing_sections_g_h_i.TestCustomOtherSection" name="test_2_3i_1_manual_price_override" time="0.112" /><testcase classname="backend.tests.test_iteration128_pricing_sections_g_h_i.TestCustomOtherSection" name="test_2_3i_2_job_ticket_description_persistence" time="0.559"><skipped type="pytest.xfail" message="BUG 2.3i-2: description NOT persisted in create_job_ticket(). Expected 'Custom laser-cut acrylic award', got ''. Root cause: create_job_ticket() at job_tickets.py lines 1430-1454 constructs JobTicket(...) without passing description=data.description. Fix: add 'description=data.description' (and also 'entry_mode=data.entry_mode', 'manual_quote_override=data.manual_quote_override') to the JobTicket constructor." /></testcase><testcase classname="backend.tests.test_iteration128_pricing_sections_g_h_i.TestCustomOtherSection" name="test_2_3i_3_custom_schema_no_progressive_disclosure" time="0.233" /><testcase classname="backend.tests.test_iteration128_pricing_sections_g_h_i.TestCustomOtherSection" name="test_2_3i_bonus_custom_other_alias" time="0.123" /><testcase classname="backend.tests.test_iteration128_pricing_sections_g_h_i" name="test_services_schema_has_visible_when_rules" time="0.137" /></testsuite></testsuites>