<?xml version="1.0" encoding="utf-8"?><testsuites name="pytest tests"><testsuite name="pytest" errors="0" failures="2" skipped="0" tests="29" time="3.236" timestamp="2026-04-14T05:21:39.791470+00:00" hostname="agent-env-4beddcfd-cd65-4e54-8102-28301f58e229"><testcase classname="backend.tests.test_iteration104_payroll_worksheet_extended.TestHealthAndAuth" name="test_health_endpoint" time="0.253" /><testcase classname="backend.tests.test_iteration104_payroll_worksheet_extended.TestHealthAndAuth" name="test_login_success" time="0.606"><failure message="AssertionError: assert 'user' in {'access_token': 'eyJhbGciOiJIUzI1NiIsInR5cCI6IkpXVCJ9.eyJzdWIiOiJhZGY5YzRjNy1lM2VhLTQ2NGItYmQ0OC1mMGNlNWFlNDYyODQiLCJleHAiOjE3NzYyMzA1MDB9.cYuQ2AqjLfGTMrsr3xoi3dJGhrYBg3EzcGjM5b-UQN4', 'expires_in': 86400, 'token_type': 'bearer'}">backend/tests/test_iteration104_payroll_worksheet_extended.py:69: in test_login_success
    assert "user" in data
E   AssertionError: assert 'user' in {'access_token': 'eyJhbGciOiJIUzI1NiIsInR5cCI6IkpXVCJ9.eyJzdWIiOiJhZGY5YzRjNy1lM2VhLTQ2NGItYmQ0OC1mMGNlNWFlNDYyODQiLCJleHAiOjE3NzYyMzA1MDB9.cYuQ2AqjLfGTMrsr3xoi3dJGhrYBg3EzcGjM5b-UQN4', 'expires_in': 86400, 'token_type': 'bearer'}</failure></testcase><testcase classname="backend.tests.test_iteration104_payroll_worksheet_extended.TestPayrollWorksheetSave" name="test_get_employees" time="0.743" /><testcase classname="backend.tests.test_iteration104_payroll_worksheet_extended.TestPayrollWorksheetSave" name="test_get_employee_by_id" time="0.048" /><testcase classname="backend.tests.test_iteration104_payroll_worksheet_extended.TestPayrollWorksheetSave" name="test_update_employee_meta_fields" time="0.046" /><testcase classname="backend.tests.test_iteration104_payroll_worksheet_extended.TestCustomDateRange" name="test_timeclock_shifts_custom_range" time="0.048" /><testcase classname="backend.tests.test_iteration104_payroll_worksheet_extended.TestCustomDateRange" name="test_transactions_custom_range" time="0.046" /><testcase classname="backend.tests.test_iteration104_payroll_worksheet_extended.TestCustomDateRange" name="test_payroll_report_custom_range" time="0.053" /><testcase classname="backend.tests.test_iteration104_payroll_worksheet_extended.TestCustomDateRange" name="test_timesheet_custom_range" time="0.050" /><testcase classname="backend.tests.test_iteration104_payroll_worksheet_extended.TestBiweeklyPreset" name="test_payroll_report_biweekly" time="0.054" /><testcase classname="backend.tests.test_iteration104_payroll_worksheet_extended.TestBiweeklyPreset" name="test_pay_period_biweekly" time="0.052"><failure message="KeyError: 'start_date'">backend/tests/test_iteration104_payroll_worksheet_extended.py:225: in test_pay_period_biweekly
    start = datetime.fromisoformat(period["start_date"])
                                   ^^^^^^^^^^^^^^^^^^^^
E   KeyError: 'start_date'</failure></testcase><testcase classname="backend.tests.test_iteration104_payroll_worksheet_extended.TestCompanyPayrollSettings" name="test_get_tenant_settings" time="0.050" /><testcase classname="backend.tests.test_iteration104_payroll_worksheet_extended.TestCompanyPayrollSettings" name="test_update_payroll_settings_biweekly_wednesday" time="0.044" /><testcase classname="backend.tests.test_iteration104_payroll_worksheet_extended.TestCompanyPayrollSettings" name="test_verify_payroll_settings_persist" time="0.045" /><testcase classname="backend.tests.test_iteration104_payroll_worksheet_extended.TestPayWeekStartDayCalculations" name="test_payroll_report_respects_pay_week_start" time="0.104" /><testcase classname="backend.tests.test_iteration104_payroll_worksheet_extended.TestPayWeekStartDayCalculations" name="test_timesheet_respects_pay_week_start" time="0.051" /><testcase classname="backend.tests.test_iteration104_payroll_worksheet_extended.TestLegacyManualEntries" name="test_get_legacy_entries_with_range" time="0.047" /><testcase classname="backend.tests.test_iteration104_payroll_worksheet_extended.TestLegacyManualEntries" name="test_legacy_entries_include_required_fields" time="0.046" /><testcase classname="backend.tests.test_iteration104_payroll_worksheet_extended.TestSignoffWithRangeSupport" name="test_get_signoff_with_period_end" time="0.048" /><testcase classname="backend.tests.test_iteration104_payroll_worksheet_extended.TestSignoffWithRangeSupport" name="test_upsert_signoff_with_period_end" time="0.045" /><testcase classname="backend.tests.test_iteration104_payroll_worksheet_extended.TestPayrollSummaryTotals" name="test_report_includes_carryover_balance" time="0.052" /><testcase classname="backend.tests.test_iteration104_payroll_worksheet_extended.TestPayrollSummaryTotals" name="test_timesheet_includes_legacy_manual_pay" time="0.058" /><testcase classname="backend.tests.test_iteration104_payroll_worksheet_extended.TestTimeclockShiftsCRUD" name="test_create_timeclock_shift" time="0.052" /><testcase classname="backend.tests.test_iteration104_payroll_worksheet_extended.TestTimeclockShiftsCRUD" name="test_update_timeclock_shift" time="0.091" /><testcase classname="backend.tests.test_iteration104_payroll_worksheet_extended.TestTimeclockShiftsCRUD" name="test_delete_timeclock_shift" time="0.088" /><testcase classname="backend.tests.test_iteration104_payroll_worksheet_extended.TestTransactionsCRUD" name="test_create_transaction" time="0.049" /><testcase classname="backend.tests.test_iteration104_payroll_worksheet_extended.TestTransactionsCRUD" name="test_update_transaction" time="0.091" /><testcase classname="backend.tests.test_iteration104_payroll_worksheet_extended.TestTransactionsCRUD" name="test_delete_transaction" time="0.090" /><testcase classname="backend.tests.test_iteration104_payroll_worksheet_extended.TestCleanup" name="test_restore_payroll_settings" time="0.044" /></testsuite></testsuites>