<?xml version="1.0" encoding="utf-8"?><testsuites name="pytest tests"><testsuite name="pytest" errors="0" failures="0" skipped="0" tests="6" time="61.676" timestamp="2026-07-17T00:13:27.125769+00:00" hostname="agent-env-32c8e631-2aad-406f-89bf-d619a8bdb652"><testcase classname="backend.tests.test_iteration188_ai_store_description" name="test_store_description_rewrite_no_auth" time="0.256" /><testcase classname="backend.tests.test_iteration188_ai_store_description" name="test_store_description_rewrite_200" time="6.678" /><testcase classname="backend.tests.test_iteration188_ai_store_description" name="test_store_description_rewrite_has_content" time="2.804" /><testcase classname="backend.tests.test_iteration188_ai_store_description" name="test_store_description_rewrite_min_length" time="2.918" /><testcase classname="backend.tests.test_iteration188_ai_store_description" name="test_store_description_rewrite_not_error" time="2.872" /><testcase classname="backend.tests.test_iteration188_ai_store_description" name="test_branding_kit_generator_regression" time="46.086" /></testsuite></testsuites>