<?xml version="1.0" encoding="utf-8"?><testsuites name="pytest tests"><testsuite name="pytest" errors="0" failures="0" skipped="0" tests="9" time="10.365" timestamp="2026-04-21T03:54:39.332262+00:00" hostname="agent-env-17b7095d-a7ff-4c57-ab00-28ba3e043cf7"><testcase classname="backend.tests.test_iteration117_services_extension.TestAIPrefill" name="test_short_description_rejected_422" time="0.930" /><testcase classname="backend.tests.test_iteration117_services_extension.TestAIPrefill" name="test_realistic_prompt_returns_expected_fields" time="4.540" /><testcase classname="backend.tests.test_iteration117_services_extension.TestAIPrefill" name="test_never_overwrites_user_set_fields" time="3.288" /><testcase classname="backend.tests.test_iteration117_services_extension.TestRushSourceAndTotals" name="test_rush_source_services_category_when_foundation_unset" time="0.259" /><testcase classname="backend.tests.test_iteration117_services_extension.TestRushSourceAndTotals" name="test_rush_source_foundation_when_set" time="0.371" /><testcase classname="backend.tests.test_iteration117_services_extension.TestRushSourceAndTotals" name="test_spec_named_totals_present_and_match" time="0.132" /><testcase classname="backend.tests.test_iteration117_services_extension.TestFieldSources" name="test_field_sources_tags" time="0.113" /><testcase classname="backend.tests.test_iteration117_services_extension.TestFullScenario" name="test_install_with_travel_lift_rush" time="0.279" /><testcase classname="backend.tests.test_iteration117_services_extension.TestMinimumCharge" name="test_tiny_consultation_hits_minimum" time="0.379" /></testsuite></testsuites>