<?xml version="1.0" encoding="utf-8"?><testsuites name="pytest tests"><testsuite name="pytest" errors="0" failures="0" skipped="4" tests="29" time="10.426" timestamp="2026-04-26T22:36:09.052962+00:00" hostname="agent-env-370673ea-d174-4dfb-8dd2-b4f95be03015"><testcase classname="backend.tests.test_iteration132_t1_t3_t4_remaining.TestTenantIsolation" name="test_T1_ISO_A_register_tenant_b" time="0.857" /><testcase classname="backend.tests.test_iteration132_t1_t3_t4_remaining.TestTenantIsolation" name="test_T1_ISO_B_tenant_b_empty_customers" time="0.835" /><testcase classname="backend.tests.test_iteration132_t1_t3_t4_remaining.TestTenantIsolation" name="test_T1_ISO_C_cross_tenant_order_blocked" time="0.104" /><testcase classname="backend.tests.test_iteration132_t1_t3_t4_remaining.TestTenantIsolation" name="test_T1_ISO_D_staff_user_created" time="0.695" /><testcase classname="backend.tests.test_iteration132_t1_t3_t4_remaining.TestTenantIsolation" name="test_T1_ISO_E_staff_cannot_access_payroll" time="1.071" /><testcase classname="backend.tests.test_iteration132_t1_t3_t4_remaining.TestTenantIsolation" name="test_T1_ISO_F_staff_can_access_orders" time="0.212" /><testcase classname="backend.tests.test_iteration132_t1_t3_t4_remaining.TestCredits" name="test_T1_CREDITS_check_balance" time="0.120" /><testcase classname="backend.tests.test_iteration132_t1_t3_t4_remaining.TestCredits" name="test_T1_CREDITS_enforcement_mechanism" time="0.221" /><testcase classname="backend.tests.test_iteration132_t1_t3_t4_remaining.TestCustomerCSV" name="test_T1_CSV_A_customer_export" time="0.103"><skipped type="pytest.skip" message="Customer CSV export endpoint not implemented">/app/backend/tests/test_iteration132_t1_t3_t4_remaining.py:331: Customer CSV export endpoint not implemented</skipped></testcase><testcase classname="backend.tests.test_iteration132_t1_t3_t4_remaining.TestCustomerCSV" name="test_T1_CSV_B_customer_export_columns" time="0.124"><skipped type="pytest.skip" message="Customer CSV export endpoint not implemented">/app/backend/tests/test_iteration132_t1_t3_t4_remaining.py:345: Customer CSV export endpoint not implemented</skipped></testcase><testcase classname="backend.tests.test_iteration132_t1_t3_t4_remaining.TestWorkflowTemplates" name="test_T3_WF_A_apply_workflow_template" time="0.224"><skipped type="pytest.skip" message="Workflow template apply endpoint not implemented">/app/backend/tests/test_iteration132_t1_t3_t4_remaining.py:391: Workflow template apply endpoint not implemented</skipped></testcase><testcase classname="backend.tests.test_iteration132_t1_t3_t4_remaining.TestWorkflowTemplates" name="test_T3_WF_B_duplicate_workflow_template" time="0.424" /><testcase classname="backend.tests.test_iteration132_t1_t3_t4_remaining.TestProofRejection" name="test_T3_REJECT_create_and_reject_proof" time="0.881" /><testcase classname="backend.tests.test_iteration132_t1_t3_t4_remaining.TestPayrollExport" name="test_T4_PAYROLL_A_export_csv" time="0.243" /><testcase classname="backend.tests.test_iteration132_t1_t3_t4_remaining.TestPayrollExport" name="test_T4_PAYROLL_B_adjustment" time="0.441" /><testcase classname="backend.tests.test_iteration132_t1_t3_t4_remaining.TestTimeClock" name="test_T4_TC_STALE_cleanup_mechanism" time="0.339" /><testcase classname="backend.tests.test_iteration132_t1_t3_t4_remaining.TestTimeClock" name="test_T4_TC_TZ_timezone_handling" time="0.329" /><testcase classname="backend.tests.test_iteration132_t1_t3_t4_remaining.TestCustomerPortal" name="test_T4_PORTAL_A_order_detail" time="0.230" /><testcase classname="backend.tests.test_iteration132_t1_t3_t4_remaining.TestCustomerPortal" name="test_T4_PORTAL_B_portal_proofs" time="0.112" /><testcase classname="backend.tests.test_iteration132_t1_t3_t4_remaining.TestCustomerPortal" name="test_T4_PORTAL_C_portal_appointments" time="0.102"><skipped type="pytest.skip" message="Portal appointments endpoint not implemented">/app/backend/tests/test_iteration132_t1_t3_t4_remaining.py:695: Portal appointments endpoint not implemented</skipped></testcase><testcase classname="backend.tests.test_iteration132_t1_t3_t4_remaining.TestCustomerPortal" name="test_T4_PORTAL_D_portal_documents" time="0.124" /><testcase classname="backend.tests.test_iteration132_t1_t3_t4_remaining.TestCustomerPortal" name="test_T4_PORTAL_E_portal_profile" time="0.112" /><testcase classname="backend.tests.test_iteration132_t1_t3_t4_remaining.TestCustomerPortal" name="test_T4_PORTAL_F_portal_forms" time="0.103" /><testcase classname="backend.tests.test_iteration132_t1_t3_t4_remaining.TestCustomerPortal" name="test_T4_PORTAL_G_tenant_isolation" time="0.555" /><testcase classname="backend.tests.test_iteration132_t1_t3_t4_remaining.TestEmployeePortal" name="test_T4_EMP_PORTAL_A_dashboard" time="0.665" /><testcase classname="backend.tests.test_iteration132_t1_t3_t4_remaining.TestEmployeePortal" name="test_T4_EMP_PORTAL_B_jobs" time="0.110" /><testcase classname="backend.tests.test_iteration132_t1_t3_t4_remaining.TestEmployeePortal" name="test_T4_EMP_PORTAL_C_tasks" time="0.128" /><testcase classname="backend.tests.test_iteration132_t1_t3_t4_remaining.TestEmployeePortal" name="test_T4_EMP_PORTAL_D_mark_task_complete" time="0.442" /><testcase classname="backend.tests.test_iteration132_t1_t3_t4_remaining.TestEmployeeUserLink" name="test_T4_EMP_LINK_verify_linked_user" time="0.448" /></testsuite></testsuites>