<?xml version="1.0" encoding="utf-8"?><testsuites name="pytest tests"><testsuite name="pytest" errors="0" failures="0" skipped="0" tests="9" time="7.893" timestamp="2026-04-23T10:44:52.318877+00:00" hostname="agent-env-aaa46428-5edb-414b-8289-31c468bdf903"><testcase classname="backend.tests.test_timeclock_status_fix.TestTimeclockStatusFix" name="test_fresh_employee_status_not_started" time="0.864" /><testcase classname="backend.tests.test_timeclock_status_fix.TestTimeclockStatusFix" name="test_clock_in_shows_working" time="0.812" /><testcase classname="backend.tests.test_timeclock_status_fix.TestTimeclockStatusFix" name="test_clock_out_shows_not_working" time="0.860" /><testcase classname="backend.tests.test_timeclock_status_fix.TestTimeclockStatusFix" name="test_full_shift_cycle" time="1.202" /><testcase classname="backend.tests.test_timeclock_status_fix.TestTimeclockStatusFix" name="test_invalid_action_sequence_rejected" time="0.762" /><testcase classname="backend.tests.test_timeclock_status_fix.TestTimeclockStatusFix" name="test_reselecting_employee_after_clock_out" time="0.954" /><testcase classname="backend.tests.test_timeclock_status_fix.TestTimeclockStatusFix" name="test_today_logs_endpoint" time="0.876" /><testcase classname="backend.tests.test_timeclock_status_fix.TestTimeclockStatusFix" name="test_shift_summary_endpoint" time="0.825" /><testcase classname="backend.tests.test_timeclock_status_fix.TestTimeclockStatusWithExistingEmployees" name="test_existing_employees_status_not_false_working" time="0.669" /></testsuite></testsuites>