<?xml version="1.0" encoding="utf-8"?><testsuites name="pytest tests"><testsuite name="pytest" errors="0" failures="1" skipped="0" tests="15" time="3.164" timestamp="2026-06-08T15:59:14.171341+00:00" hostname="agent-env-174c7d1f-afb0-4a95-bdc5-744df1aa7006"><testcase classname="backend.tests.test_p0_fixes_186.TestFinancialsSummary" name="test_summary_returns_200" time="0.882" /><testcase classname="backend.tests.test_p0_fixes_186.TestFinancialsSummary" name="test_summary_has_total_tax" time="0.132" /><testcase classname="backend.tests.test_p0_fixes_186.TestFinancialsSummary" name="test_summary_has_net_income" time="0.131" /><testcase classname="backend.tests.test_p0_fixes_186.TestFinancialsSummary" name="test_summary_has_net_profit" time="0.133" /><testcase classname="backend.tests.test_p0_fixes_186.TestFinancialsSummary" name="test_summary_net_income_equals_net_profit" time="0.148" /><testcase classname="backend.tests.test_p0_fixes_186.TestMagicLinks" name="test_list_magic_links" time="0.115" /><testcase classname="backend.tests.test_p0_fixes_186.TestMagicLinks" name="test_create_magic_link_invalid_type" time="0.128" /><testcase classname="backend.tests.test_p0_fixes_186.TestMagicLinks" name="test_portal_preview_invalid_token" time="0.110" /><testcase classname="backend.tests.test_p0_fixes_186.TestMagicLinks" name="test_create_magic_link_nonexistent_quote" time="0.110" /><testcase classname="backend.tests.test_p0_fixes_186.TestInvoices" name="test_invoices_list_authenticated" time="0.165" /><testcase classname="backend.tests.test_p0_fixes_186.TestInvoices" name="test_invoices_list_unauthenticated" time="0.111" /><testcase classname="backend.tests.test_p0_fixes_186.TestQuotesSend" name="test_quotes_list" time="0.120" /><testcase classname="backend.tests.test_p0_fixes_186.TestQuotesSend" name="test_send_nonexistent_quote" time="0.117" /><testcase classname="backend.tests.test_p0_fixes_186.TestQuotesSend" name="test_send_quote_returns_email_status" time="0.534"><failure message="AssertionError: No status field in response: {'message': 'Quote marked as sent', 'email': {'sent': False, 'reason': 'HTTP Error 401: Unauthorized'}}&#10;assert ('email_status' in {'email': {'reason': 'HTTP Error 401: Unauthorized', 'sent': False}, 'message': 'Quote marked as sent'} or 'status' in {'email': {'reason': 'HTTP Error 401: Unauthorized', 'sent': False}, 'message': 'Quote marked as sent'})">backend/tests/test_p0_fixes_186.py:119: in test_send_quote_returns_email_status
    assert "email_status" in data or "status" in data, f"No status field in response: {data}"
E   AssertionError: No status field in response: {'message': 'Quote marked as sent', 'email': {'sent': False, 'reason': 'HTTP Error 401: Unauthorized'}}
E   assert ('email_status' in {'email': {'reason': 'HTTP Error 401: Unauthorized', 'sent': False}, 'message': 'Quote marked as sent'} or 'status' in {'email': {'reason': 'HTTP Error 401: Unauthorized', 'sent': False}, 'message': 'Quote marked as sent'})</failure></testcase><testcase classname="backend.tests.test_p0_fixes_186.TestPromoCodes" name="test_promo_codes_list" time="0.137" /></testsuite></testsuites>