<?xml version="1.0" encoding="utf-8"?><testsuites name="pytest tests"><testsuite name="pytest" errors="0" failures="0" skipped="0" tests="17" time="7.731" timestamp="2026-04-01T04:25:00.752649+00:00" hostname="agent-env-ba3219c3-0812-46c1-8274-8c4f07d1a3eb"><testcase classname="tests.test_iteration86_auth_storage_hardening.TestAdminAuth" name="test_admin_login_success" time="0.626" /><testcase classname="tests.test_iteration86_auth_storage_hardening.TestAdminAuth" name="test_admin_profile_fetch" time="0.697" /><testcase classname="tests.test_iteration86_auth_storage_hardening.TestTierEndpoints" name="test_tiers_plans_public" time="0.103" /><testcase classname="tests.test_iteration86_auth_storage_hardening.TestTierEndpoints" name="test_tiers_my_plan_authenticated" time="0.674" /><testcase classname="tests.test_iteration86_auth_storage_hardening.TestTierEndpoints" name="test_tiers_usage_authenticated" time="0.111" /><testcase classname="tests.test_iteration86_auth_storage_hardening.TestBillingEndpoints" name="test_billing_pricing_public" time="0.105" /><testcase classname="tests.test_iteration86_auth_storage_hardening.TestBillingEndpoints" name="test_billing_trial_status" time="0.677" /><testcase classname="tests.test_iteration86_auth_storage_hardening.TestBillingEndpoints" name="test_billing_subscription" time="0.102" /><testcase classname="tests.test_iteration86_auth_storage_hardening.TestPromoCodesEndpoint" name="test_promo_codes_list" time="0.702" /><testcase classname="tests.test_iteration86_auth_storage_hardening.TestPricingSetupEndpoint" name="test_pricing_setup_imports" time="0.695" /><testcase classname="tests.test_iteration86_auth_storage_hardening.TestProductionSettingsEndpoint" name="test_production_timeline_settings" time="0.696" /><testcase classname="tests.test_iteration86_auth_storage_hardening.TestProductionSettingsEndpoint" name="test_production_timeline_templates" time="0.099" /><testcase classname="tests.test_iteration86_auth_storage_hardening.TestDashboardEndpoint" name="test_dashboard_stats" time="0.996" /><testcase classname="tests.test_iteration86_auth_storage_hardening.TestTimeClockEndpoint" name="test_employees_list" time="0.677" /><testcase classname="tests.test_iteration86_auth_storage_hardening.TestJobTicketsEndpoint" name="test_job_tickets_schema" time="0.693" /><testcase classname="tests.test_iteration86_auth_storage_hardening.TestCredentialsHelper" name="test_credentials_helper_imports" time="0.000" /><testcase classname="tests.test_iteration86_auth_storage_hardening.TestCredentialsHelper" name="test_credentials_helper_values" time="0.000" /></testsuite></testsuites>