<?xml version="1.0" encoding="utf-8"?><testsuites name="pytest tests"><testsuite name="pytest" errors="0" failures="0" skipped="0" tests="15" time="5.388" timestamp="2026-04-16T07:10:09.181134+00:00" hostname="agent-env-8decda04-f2d9-4e2c-96e3-04cd528c6113"><testcase classname="backend.tests.test_iteration110_payroll_worksheet_rewrite.TestPayrollWorksheetAPIs" name="test_employee_endpoint" time="0.992" /><testcase classname="backend.tests.test_iteration110_payroll_worksheet_rewrite.TestPayrollWorksheetAPIs" name="test_timeclock_shifts_endpoint" time="0.187" /><testcase classname="backend.tests.test_iteration110_payroll_worksheet_rewrite.TestPayrollWorksheetAPIs" name="test_transactions_endpoint" time="0.261" /><testcase classname="backend.tests.test_iteration110_payroll_worksheet_rewrite.TestPayrollWorksheetAPIs" name="test_legacy_manual_entries_endpoint" time="0.251" /><testcase classname="backend.tests.test_iteration110_payroll_worksheet_rewrite.TestPayrollWorksheetAPIs" name="test_payroll_report_endpoint" time="0.239" /><testcase classname="backend.tests.test_iteration110_payroll_worksheet_rewrite.TestPayrollWorksheetAPIs" name="test_payroll_timesheet_endpoint" time="0.267" /><testcase classname="backend.tests.test_iteration110_payroll_worksheet_rewrite.TestPayrollWorksheetAPIs" name="test_signoff_endpoint" time="0.177" /><testcase classname="backend.tests.test_iteration110_payroll_worksheet_rewrite.TestShiftOperations" name="test_create_shift_with_only_start_time" time="0.254" /><testcase classname="backend.tests.test_iteration110_payroll_worksheet_rewrite.TestShiftOperations" name="test_update_shift_add_end_time" time="0.537" /><testcase classname="backend.tests.test_iteration110_payroll_worksheet_rewrite.TestAdjustmentOperations" name="test_create_positive_adjustment" time="0.191" /><testcase classname="backend.tests.test_iteration110_payroll_worksheet_rewrite.TestAdjustmentOperations" name="test_adjustment_sign_change" time="0.798" /><testcase classname="backend.tests.test_iteration110_payroll_worksheet_rewrite.TestEmployeeUpdate" name="test_employee_update" time="0.437" /><testcase classname="backend.tests.test_iteration110_payroll_worksheet_rewrite.TestSignoffUpdate" name="test_signoff_update" time="0.177" /><testcase classname="backend.tests.test_iteration110_payroll_worksheet_rewrite.TestShiftWithNotesOnly" name="test_shift_notes_only_validation" time="0.358" /><testcase classname="backend.tests.test_iteration110_payroll_worksheet_rewrite.TestLegacyEntriesResolution" name="test_legacy_entries_list" time="0.192" /></testsuite></testsuites>