<?xml version="1.0" encoding="utf-8"?><testsuites name="pytest tests"><testsuite name="pytest" errors="0" failures="0" skipped="3" tests="55" time="64.252" timestamp="2026-04-26T22:16:30.404433+00:00" hostname="agent-env-370673ea-d174-4dfb-8dd2-b4f95be03015"><testcase classname="backend.tests.test_iteration131_tier3_tier4.TestSection31ProductionBoard" name="test_3_1_a_get_stages_config" time="0.762" /><testcase classname="backend.tests.test_iteration131_tier3_tier4.TestSection31ProductionBoard" name="test_3_1_b_get_production_board" time="0.102" /><testcase classname="backend.tests.test_iteration131_tier3_tier4.TestSection31ProductionBoard" name="test_3_1_c_production_board_filter" time="0.110" /><testcase classname="backend.tests.test_iteration131_tier3_tier4.TestSection32Tasks" name="test_3_2_a_create_task" time="0.105" /><testcase classname="backend.tests.test_iteration131_tier3_tier4.TestSection32Tasks" name="test_3_2_b_check_off_task" time="0.241" /><testcase classname="backend.tests.test_iteration131_tier3_tier4.TestSection32Tasks" name="test_3_2_c_assign_task" time="0.247" /><testcase classname="backend.tests.test_iteration131_tier3_tier4.TestSection32Tasks" name="test_3_2_d_delete_task" time="0.210" /><testcase classname="backend.tests.test_iteration131_tier3_tier4.TestSection33ProductionTimeline" name="test_3_3_a_get_timeline_settings" time="0.122" /><testcase classname="backend.tests.test_iteration131_tier3_tier4.TestSection33ProductionTimeline" name="test_3_3_b_get_timeline_templates" time="0.096" /><testcase classname="backend.tests.test_iteration131_tier3_tier4.TestSection34WorkflowTemplates" name="test_3_4_a_create_workflow_template" time="0.149" /><testcase classname="backend.tests.test_iteration131_tier3_tier4.TestSection34WorkflowTemplates" name="test_3_4_b_get_workflow_template" time="0.156" /><testcase classname="backend.tests.test_iteration131_tier3_tier4.TestSection34WorkflowTemplates" name="test_3_4_c_edit_workflow_template" time="0.106" /><testcase classname="backend.tests.test_iteration131_tier3_tier4.TestSection34WorkflowTemplates" name="test_3_4_d_delete_workflow_template" time="0.221" /><testcase classname="backend.tests.test_iteration131_tier3_tier4.TestSection34WorkflowTemplates" name="test_3_4_e_seed_defaults" time="0.128" /><testcase classname="backend.tests.test_iteration131_tier3_tier4.TestSection35Approvals" name="test_3_5_a_create_approval" time="0.104" /><testcase classname="backend.tests.test_iteration131_tier3_tier4.TestSection35Approvals" name="test_3_5_b_list_approvals" time="0.118" /><testcase classname="backend.tests.test_iteration131_tier3_tier4.TestSection35Approvals" name="test_3_5_c_approval_stats" time="0.113" /><testcase classname="backend.tests.test_iteration131_tier3_tier4.TestSection35Approvals" name="test_3_5_d_approve_proof" time="0.135" /><testcase classname="backend.tests.test_iteration131_tier3_tier4.TestSection35Approvals" name="test_3_5_e_resend_approval" time="0.107" /><testcase classname="backend.tests.test_iteration131_tier3_tier4.TestSection35Approvals" name="test_3_5_cleanup" time="0.115" /><testcase classname="backend.tests.test_iteration131_tier3_tier4.TestSection36Appointments" name="test_3_6_a_no_post_endpoint" time="0.101"><skipped type="pytest.skip" message="POST /api/appointments not implemented (returns 404)">/app/backend/tests/test_iteration131_tier3_tier4.py:382: POST /api/appointments not implemented (returns 404)</skipped></testcase><testcase classname="backend.tests.test_iteration131_tier3_tier4.TestSection36Appointments" name="test_3_6_b_get_appointments_list" time="0.104"><skipped type="pytest.skip" message="GET /api/appointments list not implemented">/app/backend/tests/test_iteration131_tier3_tier4.py:397: GET /api/appointments list not implemented</skipped></testcase><testcase classname="backend.tests.test_iteration131_tier3_tier4.TestSection36Appointments" name="test_3_6_c_get_single_appointment" time="0.103" /><testcase classname="backend.tests.test_iteration131_tier3_tier4.TestSection38Productivity" name="test_3_8_a_productivity_summary" time="0.118" /><testcase classname="backend.tests.test_iteration131_tier3_tier4.TestSection38Productivity" name="test_3_8_b_productivity_items" time="0.116" /><testcase classname="backend.tests.test_iteration131_tier3_tier4.TestSection38Productivity" name="test_3_8_c_productivity_board" time="0.119" /><testcase classname="backend.tests.test_iteration131_tier3_tier4.TestSection39ProfitAnalytics" name="test_3_9_a_profit_analytics_dashboard" time="0.107" /><testcase classname="backend.tests.test_iteration131_tier3_tier4.TestSection39ProfitAnalytics" name="test_3_9_b_profit_analytics_export" time="0.118" /><testcase classname="backend.tests.test_iteration131_tier3_tier4.TestSection39ProfitAnalytics" name="test_3_9_c_profit_analytics_filter" time="0.118" /><testcase classname="backend.tests.test_iteration131_tier3_tier4.TestSection310Financials" name="test_3_10_a_financials_summary" time="0.106" /><testcase classname="backend.tests.test_iteration131_tier3_tier4.TestSection310Financials" name="test_3_10_b_expense_entry" time="0.116" /><testcase classname="backend.tests.test_iteration131_tier3_tier4.TestSection310Financials" name="test_3_10_c_invoice_aging" time="0.107"><skipped type="pytest.skip" message="/api/financials/invoice-aging endpoint not implemented">/app/backend/tests/test_iteration131_tier3_tier4.py:509: /api/financials/invoice-aging endpoint not implemented</skipped></testcase><testcase classname="backend.tests.test_iteration131_tier3_tier4.TestSection41Employees" name="test_4_1_a_create_employee" time="0.351" /><testcase classname="backend.tests.test_iteration131_tier3_tier4.TestSection41Employees" name="test_4_1_b_list_employees" time="0.101" /><testcase classname="backend.tests.test_iteration131_tier3_tier4.TestSection41Employees" name="test_4_1_c_edit_employee_rate" time="0.135" /><testcase classname="backend.tests.test_iteration131_tier3_tier4.TestSection41Employees" name="test_4_1_d_deactivate_employee" time="0.315" /><testcase classname="backend.tests.test_iteration131_tier3_tier4.TestSection41Employees" name="test_4_1_e_reset_pin" time="0.245" /><testcase classname="backend.tests.test_iteration131_tier3_tier4.TestSection42Payroll" name="test_4_2_a_payroll_worksheet" time="0.107" /><testcase classname="backend.tests.test_iteration131_tier3_tier4.TestSection42Payroll" name="test_4_2_b_carryover_override_set" time="0.113" /><testcase classname="backend.tests.test_iteration131_tier3_tier4.TestSection42Payroll" name="test_4_2_c_carryover_override_clear" time="0.108" /><testcase classname="backend.tests.test_iteration131_tier3_tier4.TestSection42Payroll" name="test_4_2_d_manual_time_entry" time="0.116" /><testcase classname="backend.tests.test_iteration131_tier3_tier4.TestSection43TimeClock" name="test_4_3_a_clock_in" time="0.111" /><testcase classname="backend.tests.test_iteration131_tier3_tier4.TestSection43TimeClock" name="test_4_3_b_clock_status" time="0.108" /><testcase classname="backend.tests.test_iteration131_tier3_tier4.TestSection43TimeClock" name="test_4_3_c_start_lunch" time="19.417" /><testcase classname="backend.tests.test_iteration131_tier3_tier4.TestSection43TimeClock" name="test_4_3_d_end_lunch" time="35.839" /><testcase classname="backend.tests.test_iteration131_tier3_tier4.TestSection43TimeClock" name="test_4_3_e_clock_out" time="0.144" /><testcase classname="backend.tests.test_iteration131_tier3_tier4.TestSection44CustomerPortal" name="test_4_4_a_portal_login" time="0.346" /><testcase classname="backend.tests.test_iteration131_tier3_tier4.TestSection44CustomerPortal" name="test_4_4_b_portal_dashboard" time="0.126" /><testcase classname="backend.tests.test_iteration131_tier3_tier4.TestSection44CustomerPortal" name="test_4_4_c_portal_orders" time="0.106" /><testcase classname="backend.tests.test_iteration131_tier3_tier4.TestSection44CustomerPortal" name="test_4_4_d_portal_quotes" time="0.116" /><testcase classname="backend.tests.test_iteration131_tier3_tier4.TestSection44CustomerPortal" name="test_4_4_e_portal_invoices" time="0.125" /><testcase classname="backend.tests.test_iteration131_tier3_tier4.TestSection45EmployeePortal" name="test_4_5_a_employee_portal_login" time="0.124" /><testcase classname="backend.tests.test_iteration131_tier3_tier4.TestSection45EmployeePortal" name="test_4_5_b_employee_clock_status" time="0.121" /><testcase classname="backend.tests.test_iteration131_tier3_tier4.TestSection45EmployeePortal" name="test_4_5_c_employee_pay_summary" time="0.114" /><testcase classname="backend.tests.test_iteration131_tier3_tier4.TestSection45EmployeePortal" name="test_4_5_d_employee_profile" time="0.996" /></testsuite></testsuites>