<?xml version="1.0" encoding="utf-8"?><testsuites name="pytest tests"><testsuite name="pytest" errors="0" failures="0" skipped="0" tests="23" time="6.158" timestamp="2026-05-20T20:33:53.935231+00:00" hostname="agent-env-538191d3-f513-4300-8915-99e9a9c6e415"><testcase classname="backend.tests.test_iteration155_questionnaire_webstore.TestQuestionnaireTemplate" name="test_template_has_87_questions" time="0.153" /><testcase classname="backend.tests.test_iteration155_questionnaire_webstore.TestQuestionnaireTemplate" name="test_fundraiser_section_heading_exists" time="0.000" /><testcase classname="backend.tests.test_iteration155_questionnaire_webstore.TestQuestionnaireTemplate" name="test_fundraiser_questions_present" time="0.000" /><testcase classname="backend.tests.test_iteration155_questionnaire_webstore.TestQuestionnaireTemplate" name="test_fundraiser_goal_amount_is_optional" time="0.000" /><testcase classname="backend.tests.test_iteration155_questionnaire_webstore.TestQuestionnaireTemplate" name="test_section_5_stripe_connect_shifted" time="0.000" /><testcase classname="backend.tests.test_iteration155_questionnaire_webstore.TestQuestionnaireTemplate" name="test_section_6_final_approval_shifted" time="0.000" /><testcase classname="backend.tests.test_iteration155_questionnaire_webstore.TestGetQuestionnaireStatus" name="test_get_questionnaire_status_before_send" time="0.911" /><testcase classname="backend.tests.test_iteration155_questionnaire_webstore.TestGetQuestionnaireStatus" name="test_get_questionnaire_not_found_for_invalid_store" time="0.175" /><testcase classname="backend.tests.test_iteration155_questionnaire_webstore.TestGetQuestionnaireStatus" name="test_business_store_questionnaire_unaffected" time="0.277" /><testcase classname="backend.tests.test_iteration155_questionnaire_webstore.TestSendQuestionnaire" name="test_send_returns_questionnaire_id" time="0.631" /><testcase classname="backend.tests.test_iteration155_questionnaire_webstore.TestSendQuestionnaire" name="test_send_returns_link" time="0.000" /><testcase classname="backend.tests.test_iteration155_questionnaire_webstore.TestSendQuestionnaire" name="test_status_linked_true_after_send" time="0.130" /><testcase classname="backend.tests.test_iteration155_questionnaire_webstore.TestSendQuestionnaire" name="test_questionnaire_has_87_questions" time="0.363" /><testcase classname="backend.tests.test_iteration155_questionnaire_webstore.TestSendQuestionnaire" name="test_questionnaire_has_prefill_answers" time="0.262" /><testcase classname="backend.tests.test_iteration155_questionnaire_webstore.TestSendQuestionnaire" name="test_questionnaire_has_locked_answer_ids" time="0.253" /><testcase classname="backend.tests.test_iteration155_questionnaire_webstore.TestSendQuestionnaire" name="test_event_name_prefilled" time="0.290" /><testcase classname="backend.tests.test_iteration155_questionnaire_webstore.TestSendQuestionnaire" name="test_profit_field_is_locked" time="0.277" /><testcase classname="backend.tests.test_iteration155_questionnaire_webstore.TestSendQuestionnaire" name="test_idempotency_second_send" time="0.367" /><testcase classname="backend.tests.test_iteration155_questionnaire_webstore.TestApplyQuestionnaireAnswers" name="test_apply_answers_with_no_responses_returns_404" time="0.456" /><testcase classname="backend.tests.test_iteration155_questionnaire_webstore.TestApplyQuestionnaireAnswers" name="test_apply_answers_unlinked_store_returns_404" time="0.122" /><testcase classname="backend.tests.test_iteration155_questionnaire_webstore.TestFundraiserInPublicQuestionnaire" name="test_public_questionnaire_has_fundraiser_section" time="0.583" /><testcase classname="backend.tests.test_iteration155_questionnaire_webstore.TestFundraiserInPublicQuestionnaire" name="test_public_questionnaire_has_fundraiser_name" time="0.276" /><testcase classname="backend.tests.test_iteration155_questionnaire_webstore.TestFundraiserInPublicQuestionnaire" name="test_public_questionnaire_fundraiser_goal_not_required" time="0.543" /></testsuite></testsuites>