<?xml version="1.0" encoding="utf-8"?><testsuites name="pytest tests"><testsuite name="pytest" errors="0" failures="0" skipped="0" tests="16" time="4.247" timestamp="2026-04-15T02:05:34.638502+00:00" hostname="agent-env-8decda04-f2d9-4e2c-96e3-04cd528c6113"><testcase classname="tests.test_iteration109_timeclock_timezone_fix.TestTimeclockStatusFix" name="test_01_cleanup_existing_open_shift" time="0.985" /><testcase classname="tests.test_iteration109_timeclock_timezone_fix.TestTimeclockStatusFix" name="test_02_clock_in_creates_shift_with_working_status" time="0.068" /><testcase classname="tests.test_iteration109_timeclock_timezone_fix.TestTimeclockStatusFix" name="test_03_status_shows_working_after_clock_in" time="0.073" /><testcase classname="tests.test_iteration109_timeclock_timezone_fix.TestTimeclockStatusFix" name="test_04_status_persists_after_multiple_checks" time="1.701" /><testcase classname="tests.test_iteration109_timeclock_timezone_fix.TestTimeclockStatusFix" name="test_05_break_start_changes_status_to_on_break" time="0.153" /><testcase classname="tests.test_iteration109_timeclock_timezone_fix.TestTimeclockStatusFix" name="test_06_break_end_returns_to_working" time="0.142" /><testcase classname="tests.test_iteration109_timeclock_timezone_fix.TestTimeclockStatusFix" name="test_07_clock_out_changes_status_to_finished" time="0.128" /><testcase classname="tests.test_iteration109_timeclock_timezone_fix.TestTimeclockStatusFix" name="test_08_can_clock_in_again_after_clock_out" time="0.135" /><testcase classname="tests.test_iteration109_timeclock_timezone_fix.TestInvalidSequenceRejection" name="test_09_break_end_before_break_start_rejected" time="0.131" /><testcase classname="tests.test_iteration109_timeclock_timezone_fix.TestInvalidSequenceRejection" name="test_10_double_clock_in_rejected" time="0.155" /><testcase classname="tests.test_iteration109_timeclock_timezone_fix.TestTodayLogsEndpoint" name="test_11_today_logs_returns_recent_logs" time="0.069" /><testcase classname="tests.test_iteration109_timeclock_timezone_fix.TestShiftSummary" name="test_12_shift_summary_returns_correct_data" time="0.074" /><testcase classname="tests.test_iteration109_timeclock_timezone_fix.TestPayrollIntegration" name="test_13_payroll_report_loads_for_date_range" time="0.077" /><testcase classname="tests.test_iteration109_timeclock_timezone_fix.TestPayrollIntegration" name="test_14_payroll_transaction_create_works" time="0.066" /><testcase classname="tests.test_iteration109_timeclock_timezone_fix.TestPayrollIntegration" name="test_15_payroll_timeclock_shifts_endpoint" time="0.067" /><testcase classname="tests.test_iteration109_timeclock_timezone_fix.TestCleanup" name="test_99_cleanup_end_shift" time="0.141" /></testsuite></testsuites>