<?xml version="1.0" encoding="utf-8"?><testsuites name="pytest tests"><testsuite name="pytest" errors="0" failures="0" skipped="0" tests="53" time="10.591" timestamp="2026-05-18T03:19:00.669467+00:00" hostname="agent-env-bced7143-ee85-475a-8f6f-0b3805d2bf34"><testcase classname="tests.test_iteration148_wrap_phase2f.TestRefactor" name="test_get_wrap_item_returns_all_blocks" time="0.752" /><testcase classname="tests.test_iteration148_wrap_phase2f.TestRefactor" name="test_recalculate_still_works" time="0.058" /><testcase classname="tests.test_iteration148_wrap_phase2f.TestRefactor" name="test_customer_facing_summary_internal" time="0.050" /><testcase classname="tests.test_iteration148_wrap_phase2f.TestDiagramMarkers" name="test_create_marker_with_position" time="0.057" /><testcase classname="tests.test_iteration148_wrap_phase2f.TestDiagramMarkers" name="test_update_marker_position" time="0.051" /><testcase classname="tests.test_iteration148_wrap_phase2f.TestDiagramMarkers" name="test_cleanup_marker" time="0.050" /><testcase classname="tests.test_iteration148_wrap_phase2f.TestInspectionCustomerVisible" name="test_default_or_set_false" time="0.090" /><testcase classname="tests.test_iteration148_wrap_phase2f.TestInspectionCustomerVisible" name="test_set_true_round_trip" time="0.053" /><testcase classname="tests.test_iteration148_wrap_phase2f.TestWrapFiles" name="test_list_files_initial" time="0.047" /><testcase classname="tests.test_iteration148_wrap_phase2f.TestWrapFiles" name="test_upload_invalid_category" time="0.049" /><testcase classname="tests.test_iteration148_wrap_phase2f.TestWrapFiles" name="test_upload_too_large" time="0.863" /><testcase classname="tests.test_iteration148_wrap_phase2f.TestWrapFiles" name="test_upload_unsupported_mime" time="0.048" /><testcase classname="tests.test_iteration148_wrap_phase2f.TestWrapFiles" name="test_upload_ok" time="0.208" /><testcase classname="tests.test_iteration148_wrap_phase2f.TestWrapFiles" name="test_get_file_content" time="0.149" /><testcase classname="tests.test_iteration148_wrap_phase2f.TestWrapFiles" name="test_update_file" time="0.048" /><testcase classname="tests.test_iteration148_wrap_phase2f.TestWrapFiles" name="test_delete_file" time="0.048" /><testcase classname="tests.test_iteration148_wrap_phase2f.TestWrapFiles" name="test_wrong_tenant_404" time="0.175" /><testcase classname="tests.test_iteration148_wrap_phase2f.TestPDFGenerators" name="test_customer_receipt" time="0.204" /><testcase classname="tests.test_iteration148_wrap_phase2f.TestPDFGenerators" name="test_aftercare" time="0.214" /><testcase classname="tests.test_iteration148_wrap_phase2f.TestPDFGenerators" name="test_final_packet" time="0.233" /><testcase classname="tests.test_iteration148_wrap_phase2f.TestPDFGenerators" name="test_download_pdf" time="0.146" /><testcase classname="tests.test_iteration148_wrap_phase2f.TestPortalOrderWrapItems" name="test_get_order_with_wrap_items" time="0.597" /><testcase classname="tests.test_iteration148_wrap_phase2f.TestPortalActions" name="test_approve_quote" time="0.064" /><testcase classname="tests.test_iteration148_wrap_phase2f.TestPortalActions" name="test_approve_proof" time="0.285" /><testcase classname="tests.test_iteration148_wrap_phase2f.TestPortalActions" name="test_request_revision" time="0.205" /><testcase classname="tests.test_iteration148_wrap_phase2f.TestPortalActions" name="test_acknowledge_contract" time="0.061" /><testcase classname="tests.test_iteration148_wrap_phase2f.TestPortalActions" name="test_acknowledge_inspection_blocked_when_not_visible" time="0.103" /><testcase classname="tests.test_iteration148_wrap_phase2f.TestPortalActions" name="test_acknowledge_inspection_ok_when_visible" time="0.113" /><testcase classname="tests.test_iteration148_wrap_phase2f.TestPortalActions" name="test_acknowledge_aftercare" time="0.058" /><testcase classname="tests.test_iteration148_wrap_phase2f.TestPortalActions" name="test_cross_tenant_404" time="0.061" /><testcase classname="tests.test_iteration148_wrap_phase2f.TestPortalFileDownload" name="test_portal_download_customer_visible" time="0.370" /><testcase classname="tests.test_iteration148_wrap_phase2f.TestPortalFileDownload" name="test_portal_download_blocked_internal_file" time="0.275" /><testcase classname="tests.test_iteration148_wrap_phase2f.TestNoPublicWrapCare" name="test_no_public_wrap_care_get" time="0.120" /><testcase classname="tests.test_iteration148_wrap_phase2f.TestNoPublicWrapCare" name="test_no_public_wrap_care_token" time="0.157" /><testcase classname="tests.test_iteration150_wrap_notifications.TestHelperModuleShape" name="test_module_imports_and_exports" time="1.638" /><testcase classname="tests.test_iteration150_wrap_notifications.TestHelperModuleShape" name="test_action_meta_keys" time="0.000" /><testcase classname="tests.test_iteration150_wrap_notifications.TestHelperModuleShape" name="test_subject_labels" time="0.000" /><testcase classname="tests.test_iteration150_wrap_notifications.TestHelperModuleShape" name="test_resolve_shop_email_priority" time="0.000" /><testcase classname="tests.test_iteration150_wrap_notifications.TestHelperModuleShape" name="test_render_html_body_safety_no_internal_leak" time="0.000" /><testcase classname="tests.test_iteration150_wrap_notifications.TestHelperModuleShape" name="test_helper_unknown_action_returns_safe_dict" time="0.000" /><testcase classname="tests.test_iteration150_wrap_notifications.TestHelperModuleShape" name="test_helper_never_raises_with_garbage_input" time="0.004" /><testcase classname="tests.test_iteration150_wrap_notifications.TestPortalEndpointsFailureIsolation" name="test_approve_quote_returns_200" time="0.470" /><testcase classname="tests.test_iteration150_wrap_notifications.TestPortalEndpointsFailureIsolation" name="test_approve_proof_returns_200_and_persists" time="0.201" /><testcase classname="tests.test_iteration150_wrap_notifications.TestPortalEndpointsFailureIsolation" name="test_request_revision_returns_200" time="0.194" /><testcase classname="tests.test_iteration150_wrap_notifications.TestPortalEndpointsFailureIsolation" name="test_acknowledge_contract_returns_200" time="0.058" /><testcase classname="tests.test_iteration150_wrap_notifications.TestPortalEndpointsFailureIsolation" name="test_acknowledge_inspection_when_visible" time="0.789" /><testcase classname="tests.test_iteration150_wrap_notifications.TestPortalEndpointsFailureIsolation" name="test_acknowledge_aftercare_returns_200" time="0.056" /><testcase classname="tests.test_iteration150_wrap_notifications.TestIdempotencyViaEmailLogs" name="test_second_call_no_new_email_log[approve-proof-None-Wrap Proof Approved]" time="0.264" /><testcase classname="tests.test_iteration150_wrap_notifications.TestIdempotencyViaEmailLogs" name="test_second_call_no_new_email_log[approve-quote-None-Wrap Quote Approved]" time="0.114" /><testcase classname="tests.test_iteration150_wrap_notifications.TestIdempotencyViaEmailLogs" name="test_second_call_no_new_email_log[acknowledge-contract-payload2-Wrap Contract Signed]" time="0.115" /><testcase classname="tests.test_iteration150_wrap_notifications.TestIdempotencyViaEmailLogs" name="test_second_call_no_new_email_log[acknowledge-aftercare-None-Wrap Aftercare Acknowledged]" time="0.117" /><testcase classname="tests.test_iteration150_wrap_notifications.TestIdempotencyViaEmailLogs" name="test_revision_always_dispatches" time="0.396" /><testcase classname="tests.test_iteration150_wrap_notifications.TestDispatchCallOrder" name="test_helper_swallows_internal_exceptions" time="0.004" /></testsuite></testsuites>