<?xml version="1.0" encoding="utf-8"?><testsuites name="pytest tests"><testsuite name="pytest" errors="0" failures="0" skipped="0" tests="30" time="12.053" timestamp="2026-03-31T23:26:51.949371+00:00" hostname="agent-env-ba3219c3-0812-46c1-8274-8c4f07d1a3eb"><testcase classname="backend.tests.test_iteration83_employee_module.TestEmployeeAdminLifecycle" name="test_01_create_employee" time="0.983" /><testcase classname="backend.tests.test_iteration83_employee_module.TestEmployeeAdminLifecycle" name="test_02_get_employee" time="0.236" /><testcase classname="backend.tests.test_iteration83_employee_module.TestEmployeeAdminLifecycle" name="test_03_update_employee" time="0.224" /><testcase classname="backend.tests.test_iteration83_employee_module.TestEmployeeAdminLifecycle" name="test_04_deactivate_employee" time="0.128" /><testcase classname="backend.tests.test_iteration83_employee_module.TestEmployeeAdminLifecycle" name="test_05_reactivate_employee" time="0.129" /><testcase classname="backend.tests.test_iteration83_employee_module.TestEmployeeAdminLifecycle" name="test_06_reset_employee_pin" time="0.119" /><testcase classname="backend.tests.test_iteration83_employee_module.TestEmployeeAdminLifecycle" name="test_07_reset_pin_validation" time="0.216" /><testcase classname="backend.tests.test_iteration83_employee_module.TestEmployeeAdminLifecycle" name="test_08_delete_employee" time="0.456" /><testcase classname="backend.tests.test_iteration83_employee_module.TestEmployeePortalAuth" name="test_01_employee_portal_login_success" time="0.818" /><testcase classname="backend.tests.test_iteration83_employee_module.TestEmployeePortalAuth" name="test_02_employee_portal_login_with_reset_pin" time="0.217" /><testcase classname="backend.tests.test_iteration83_employee_module.TestEmployeePortalAuth" name="test_03_employee_portal_login_wrong_pin" time="0.139" /><testcase classname="backend.tests.test_iteration83_employee_module.TestEmployeePortalAuth" name="test_04_inactive_employee_cannot_login" time="0.478" /><testcase classname="backend.tests.test_iteration83_employee_module.TestEmployeePortalConfig" name="test_01_get_portal_config" time="1.104" /><testcase classname="backend.tests.test_iteration83_employee_module.TestEmployeePortalPermissionEnforcement" name="test_01_employee_portal_profile" time="0.938" /><testcase classname="backend.tests.test_iteration83_employee_module.TestEmployeePortalPermissionEnforcement" name="test_02_employee_portal_timeclock_status" time="0.109" /><testcase classname="backend.tests.test_iteration83_employee_module.TestEmployeePortalPermissionEnforcement" name="test_03_employee_portal_pay_summary" time="0.112" /><testcase classname="backend.tests.test_iteration83_employee_module.TestEmployeePortalPermissionEnforcement" name="test_04_employee_portal_tasks" time="0.116" /><testcase classname="backend.tests.test_iteration83_employee_module.TestEmployeePortalPermissionEnforcement" name="test_05_employee_portal_work_summary" time="0.215" /><testcase classname="backend.tests.test_iteration83_employee_module.TestPayrollAdminOnlyRoutes" name="test_01_admin_can_add_transaction" time="0.817" /><testcase classname="backend.tests.test_iteration83_employee_module.TestPayrollAdminOnlyRoutes" name="test_02_admin_can_edit_transaction" time="0.376" /><testcase classname="backend.tests.test_iteration83_employee_module.TestPayrollAdminOnlyRoutes" name="test_03_admin_can_delete_transaction" time="0.257" /><testcase classname="backend.tests.test_iteration83_employee_module.TestPayrollAdminOnlyRoutes" name="test_04_admin_can_add_manual_hours" time="0.136" /><testcase classname="backend.tests.test_iteration83_employee_module.TestPayrollAdminOnlyRoutes" name="test_05_admin_can_edit_manual_hours" time="0.223" /><testcase classname="backend.tests.test_iteration83_employee_module.TestPayrollAdminOnlyRoutes" name="test_06_admin_can_delete_manual_hours" time="0.448" /><testcase classname="backend.tests.test_iteration83_employee_module.TestEmployeePortalNoRegressions" name="test_01_dashboard_profile" time="0.962" /><testcase classname="backend.tests.test_iteration83_employee_module.TestEmployeePortalNoRegressions" name="test_02_dashboard_jobs" time="0.108" /><testcase classname="backend.tests.test_iteration83_employee_module.TestEmployeePortalNoRegressions" name="test_03_timeclock_punch" time="0.292" /><testcase classname="backend.tests.test_iteration83_employee_module.TestEmployeePortalNoRegressions" name="test_04_timeclock_history" time="0.248" /><testcase classname="backend.tests.test_iteration83_employee_module.TestTimeclockHourlyRateInput" name="test_01_create_employee_with_rate" time="0.869" /><testcase classname="backend.tests.test_iteration83_employee_module.TestTimeclockHourlyRateInput" name="test_02_update_employee_rate" time="0.466" /></testsuite></testsuites>