<?xml version="1.0" encoding="utf-8"?><testsuites name="pytest tests"><testsuite name="pytest" errors="0" failures="0" skipped="0" tests="17" time="12.660" timestamp="2026-04-14T06:08:50.445447+00:00" hostname="agent-env-4beddcfd-cd65-4e54-8102-28301f58e229"><testcase classname="backend.tests.test_iteration105_payroll_features.TestPayrollWorksheetFeatures" name="test_health_check" time="0.719" /><testcase classname="backend.tests.test_iteration105_payroll_features.TestPayrollWorksheetFeatures" name="test_get_employee" time="0.672" /><testcase classname="backend.tests.test_iteration105_payroll_features.TestPayrollWorksheetFeatures" name="test_get_timeclock_shifts" time="0.695" /><testcase classname="backend.tests.test_iteration105_payroll_features.TestPayrollWorksheetFeatures" name="test_get_transactions" time="0.697" /><testcase classname="backend.tests.test_iteration105_payroll_features.TestPayrollWorksheetFeatures" name="test_create_transaction_adjustment" time="0.811" /><testcase classname="backend.tests.test_iteration105_payroll_features.TestPayrollWorksheetFeatures" name="test_update_transaction" time="0.806" /><testcase classname="backend.tests.test_iteration105_payroll_features.TestPayrollWorksheetFeatures" name="test_get_payroll_report" time="0.669" /><testcase classname="backend.tests.test_iteration105_payroll_features.TestPayrollWorksheetFeatures" name="test_get_payroll_timesheet" time="0.695" /><testcase classname="backend.tests.test_iteration105_payroll_features.TestPayrollWorksheetFeatures" name="test_get_legacy_manual_entries" time="0.672" /><testcase classname="backend.tests.test_iteration105_payroll_features.TestPayrollWorksheetFeatures" name="test_get_signoff" time="0.703" /><testcase classname="backend.tests.test_iteration105_payroll_features.TestPayrollWorksheetFeatures" name="test_update_signoff" time="0.857" /><testcase classname="backend.tests.test_iteration105_payroll_features.TestPayrollWorksheetFeatures" name="test_update_employee_rates" time="0.710" /><testcase classname="backend.tests.test_iteration105_payroll_features.TestPayrollWorksheetFeatures" name="test_create_timeclock_shift" time="0.760" /><testcase classname="backend.tests.test_iteration105_payroll_features.TestPayrollWorksheetFeatures" name="test_preset_weekly_range" time="0.668" /><testcase classname="backend.tests.test_iteration105_payroll_features.TestPayrollWorksheetFeatures" name="test_preset_biweekly_range" time="0.693" /><testcase classname="backend.tests.test_iteration105_payroll_features.TestPayrollWorksheetFeatures" name="test_custom_date_range" time="0.844" /><testcase classname="backend.tests.test_iteration105_payroll_features.TestPayrollSaveWorkflow" name="test_full_save_workflow" time="0.903" /></testsuite></testsuites>