<?xml version="1.0" encoding="utf-8"?><testsuites name="pytest tests"><testsuite name="pytest" errors="0" failures="0" skipped="1" tests="21" time="4.401" timestamp="2026-03-15T20:15:41.022204+00:00" hostname="agent-env-625c8273-3fea-4041-8d6a-3e0884a1d50c"><testcase classname="backend.tests.test_iteration_61_portal_invoice_payment.TestAdminJobDetailsPortalData" name="test_job_details_returns_portal_proofs" time="1.102" /><testcase classname="backend.tests.test_iteration_61_portal_invoice_payment.TestAdminJobDetailsPortalData" name="test_job_details_returns_portal_conversations" time="0.119" /><testcase classname="backend.tests.test_iteration_61_portal_invoice_payment.TestAdminJobDetailsPortalData" name="test_job_details_returns_portal_documents" time="0.101" /><testcase classname="backend.tests.test_iteration_61_portal_invoice_payment.TestAdminJobDetailsPortalData" name="test_job_details_returns_portal_forms" time="0.144" /><testcase classname="backend.tests.test_iteration_61_portal_invoice_payment.TestAdminJobDetailsPortalData" name="test_job_details_returns_all_expected_fields" time="0.114" /><testcase classname="backend.tests.test_iteration_61_portal_invoice_payment.TestPortalInvoicePayment" name="test_invoice_pay_validation_order" time="0.275" /><testcase classname="backend.tests.test_iteration_61_portal_invoice_payment.TestPortalInvoicePayment" name="test_invoice_pay_stripe_not_enabled_message" time="0.245" /><testcase classname="backend.tests.test_iteration_61_portal_invoice_payment.TestPortalInvoicePayment" name="test_invoice_pay_already_paid_returns_error" time="0.101"><skipped type="pytest.skip" message="No paid invoices found to test">/app/backend/tests/test_iteration_61_portal_invoice_payment.py:247: No paid invoices found to test</skipped></testcase><testcase classname="backend.tests.test_iteration_61_portal_invoice_payment.TestPortalInvoicePayment" name="test_invoice_not_found" time="0.112" /><testcase classname="backend.tests.test_iteration_61_portal_invoice_payment.TestPortalFormsRegressionIteration60" name="test_portal_forms_list" time="0.111" /><testcase classname="backend.tests.test_iteration_61_portal_invoice_payment.TestPortalFormsRegressionIteration60" name="test_portal_forms_status_filter" time="0.332" /><testcase classname="backend.tests.test_iteration_61_portal_invoice_payment.TestPortalDashboardRegression" name="test_portal_dashboard" time="0.105" /><testcase classname="backend.tests.test_iteration_61_portal_invoice_payment.TestPortalDashboardRegression" name="test_portal_dashboard_arrays" time="0.115" /><testcase classname="backend.tests.test_iteration_61_portal_invoice_payment.TestPortalOrdersDetailRegression" name="test_portal_orders_list" time="0.138" /><testcase classname="backend.tests.test_iteration_61_portal_invoice_payment.TestPortalOrdersDetailRegression" name="test_portal_order_detail_enriched" time="0.273" /><testcase classname="backend.tests.test_iteration_61_portal_invoice_payment.TestPortalProofsRegression" name="test_portal_proofs_list" time="0.112" /><testcase classname="backend.tests.test_iteration_61_portal_invoice_payment.TestPortalMessagesRegression" name="test_portal_conversations_list" time="0.128" /><testcase classname="backend.tests.test_iteration_61_portal_invoice_payment.TestPortalDocumentsRegression" name="test_portal_documents_list" time="0.115" /><testcase classname="backend.tests.test_iteration_61_portal_invoice_payment.TestAdminPortalFormsTabRegression" name="test_admin_portal_forms_list" time="0.119" /><testcase classname="backend.tests.test_iteration_61_portal_invoice_payment.TestPortalInvoicesRegression" name="test_portal_invoices_list" time="0.127" /><testcase classname="backend.tests.test_iteration_61_portal_invoice_payment.TestPortalInvoicesRegression" name="test_portal_invoice_download_pdf" time="0.319" /></testsuite></testsuites>