<?xml version="1.0" encoding="utf-8"?><testsuites name="pytest tests"><testsuite name="pytest" errors="0" failures="0" skipped="0" tests="13" time="2.942" timestamp="2026-05-18T03:18:52.773806+00:00" hostname="agent-env-bced7143-ee85-475a-8f6f-0b3805d2bf34"><testcase classname="tests.test_iteration151_launch_polish.TestRenderHtmlButtons" name="test_all_three_links_render_when_provided" time="1.767" /><testcase classname="tests.test_iteration151_launch_polish.TestRenderHtmlButtons" name="test_no_buttons_when_all_links_missing" time="0.000" /><testcase classname="tests.test_iteration151_launch_polish.TestRenderHtmlButtons" name="test_no_internal_data_in_body" time="0.000" /><testcase classname="tests.test_iteration151_launch_polish.TestDispatchAppUrlPriority" name="test_three_hrefs_present_per_action[proof_approved]" time="0.010" /><testcase classname="tests.test_iteration151_launch_polish.TestDispatchAppUrlPriority" name="test_three_hrefs_present_per_action[revision_requested]" time="0.003" /><testcase classname="tests.test_iteration151_launch_polish.TestDispatchAppUrlPriority" name="test_three_hrefs_present_per_action[contract_signed]" time="0.003" /><testcase classname="tests.test_iteration151_launch_polish.TestDispatchAppUrlPriority" name="test_three_hrefs_present_per_action[quote_approved]" time="0.003" /><testcase classname="tests.test_iteration151_launch_polish.TestDispatchAppUrlPriority" name="test_three_hrefs_present_per_action[inspection_acknowledged]" time="0.003" /><testcase classname="tests.test_iteration151_launch_polish.TestDispatchAppUrlPriority" name="test_three_hrefs_present_per_action[aftercare_acknowledged]" time="0.003" /><testcase classname="tests.test_iteration151_launch_polish.TestDispatchAppUrlPriority" name="test_no_buttons_when_no_app_url" time="0.003" /><testcase classname="tests.test_iteration151_launch_polish.TestPendingCustomerActionsApi" name="test_endpoint_returns_shape" time="0.837" /><testcase classname="tests.test_iteration151_launch_polish.TestPendingCustomerActionsApi" name="test_each_item_has_required_fields" time="0.134" /><testcase classname="tests.test_iteration151_launch_polish.TestPendingCustomerActionsApi" name="test_unauthenticated_rejected" time="0.106" /></testsuite></testsuites>