<?xml version="1.0" encoding="utf-8"?><testsuites name="pytest tests"><testsuite name="pytest" errors="0" failures="0" skipped="0" tests="15" time="3.965" timestamp="2026-04-01T00:57:13.662845+00:00" hostname="agent-env-ba3219c3-0812-46c1-8274-8c4f07d1a3eb"><testcase classname="backend.tests.test_iteration85_code_review_fixes.TestTiersEndpoints" name="test_tiers_plans_public" time="0.130" /><testcase classname="backend.tests.test_iteration85_code_review_fixes.TestTiersEndpoints" name="test_tiers_my_plan_authenticated" time="1.624" /><testcase classname="backend.tests.test_iteration85_code_review_fixes.TestTiersEndpoints" name="test_tiers_usage_authenticated" time="0.149" /><testcase classname="backend.tests.test_iteration85_code_review_fixes.TestBillingEndpoints" name="test_billing_pricing_public" time="0.106" /><testcase classname="backend.tests.test_iteration85_code_review_fixes.TestBillingEndpoints" name="test_billing_founder_status_public" time="0.134" /><testcase classname="backend.tests.test_iteration85_code_review_fixes.TestBillingEndpoints" name="test_billing_trial_status_authenticated" time="0.152" /><testcase classname="backend.tests.test_iteration85_code_review_fixes.TestBillingEndpoints" name="test_billing_subscription_authenticated" time="0.134" /><testcase classname="backend.tests.test_iteration85_code_review_fixes.TestWebstoresEndpoints" name="test_webstores_list_authenticated" time="0.109" /><testcase classname="backend.tests.test_iteration85_code_review_fixes.TestWebstoresEndpoints" name="test_products_list_authenticated" time="0.108" /><testcase classname="backend.tests.test_iteration85_code_review_fixes.TestJobTicketsEndpoints" name="test_job_tickets_list_authenticated" time="0.114" /><testcase classname="backend.tests.test_iteration85_code_review_fixes.TestJobTicketsEndpoints" name="test_job_tickets_schema_authenticated" time="0.616" /><testcase classname="backend.tests.test_iteration85_code_review_fixes.TestAdminUsersEndpoint" name="test_admin_users_list_authenticated" time="0.161" /><testcase classname="backend.tests.test_iteration85_code_review_fixes.TestFoundersEndpoints" name="test_founders_plan_authenticated" time="0.116" /><testcase classname="backend.tests.test_iteration85_code_review_fixes.TestFoundersEndpoints" name="test_founders_spots_public" time="0.114" /><testcase classname="backend.tests.test_iteration85_code_review_fixes.TestMultiProductBilling" name="test_subscription_v2_authenticated" time="0.136" /></testsuite></testsuites>