<?xml version="1.0" encoding="utf-8"?><testsuites name="pytest tests"><testsuite name="pytest" errors="0" failures="0" skipped="0" tests="15" time="2.848" timestamp="2026-06-08T16:09:22.967636+00:00" hostname="agent-env-174c7d1f-afb0-4a95-bdc5-744df1aa7006"><testcase classname="backend.tests.test_p0_fixes_187.TestSignatureSecurity" name="test_sign_invalid_token_returns_404" time="0.282" /><testcase classname="backend.tests.test_p0_fixes_187.TestSignatureSecurity" name="test_decline_invalid_token_returns_404" time="0.159" /><testcase classname="backend.tests.test_p0_fixes_187.TestSignatureSecurity" name="test_signature_file_requires_auth" time="0.130" /><testcase classname="backend.tests.test_p0_fixes_187.TestSignatureSecurity" name="test_signature_file_with_auth_404_for_nonexistent" time="0.753" /><testcase classname="backend.tests.test_p0_fixes_187.TestAppointmentPublicPages" name="test_confirm_get_bad_token_returns_400_html" time="0.140" /><testcase classname="backend.tests.test_p0_fixes_187.TestAppointmentPublicPages" name="test_reject_get_bad_token_returns_400_html" time="0.157" /><testcase classname="backend.tests.test_p0_fixes_187.TestAppointmentPublicPages" name="test_confirm_get_bad_token_does_not_mutate" time="0.121" /><testcase classname="backend.tests.test_p0_fixes_187.TestMagicLinks" name="test_create_magic_link_requires_auth" time="0.154" /><testcase classname="backend.tests.test_p0_fixes_187.TestMagicLinks" name="test_list_magic_links_with_auth" time="0.114" /><testcase classname="backend.tests.test_p0_fixes_187.TestMagicLinks" name="test_portal_preview_invalid_token_404" time="0.113" /><testcase classname="backend.tests.test_p0_fixes_187.TestMagicLinks" name="test_portal_preview_prev_iteration_token" time="0.121" /><testcase classname="backend.tests.test_p0_fixes_187.TestInvoicePermissions" name="test_invoices_without_auth_returns_401" time="0.133" /><testcase classname="backend.tests.test_p0_fixes_187.TestInvoicePermissions" name="test_invoices_with_auth_returns_200" time="0.139" /><testcase classname="backend.tests.test_p0_fixes_187.TestFinancialsSummary" name="test_financials_summary_fields" time="0.138" /><testcase classname="backend.tests.test_p0_fixes_187.TestPromoCodes" name="test_promo_codes_with_auth" time="0.116" /></testsuite></testsuites>