<?xml version="1.0" encoding="utf-8"?><testsuites name="pytest tests"><testsuite name="pytest" errors="0" failures="0" skipped="0" tests="13" time="9.212" timestamp="2026-04-11T05:43:59.766015+00:00" hostname="agent-env-4beddcfd-cd65-4e54-8102-28301f58e229"><testcase classname="backend.tests.test_iteration93_p0_fixes.TestProductionWorkflowDefaults" name="test_workflow_settings_endpoint_exists" time="0.688" /><testcase classname="backend.tests.test_iteration93_p0_fixes.TestProductionWorkflowDefaults" name="test_workflow_defaults_to_simple" time="0.615" /><testcase classname="backend.tests.test_iteration93_p0_fixes.TestProductionWorkflowDefaults" name="test_templates_use_simple_by_default" time="0.645" /><testcase classname="backend.tests.test_iteration93_p0_fixes.TestReportsNavigation" name="test_financials_endpoint_exists" time="0.715" /><testcase classname="backend.tests.test_iteration93_p0_fixes.TestOrderFileUploadAndThumbnails" name="test_order_exists" time="0.622" /><testcase classname="backend.tests.test_iteration93_p0_fixes.TestOrderFileUploadAndThumbnails" name="test_order_files_endpoint" time="0.619" /><testcase classname="backend.tests.test_iteration93_p0_fixes.TestOrderFileUploadAndThumbnails" name="test_order_file_content_endpoint" time="0.837" /><testcase classname="backend.tests.test_iteration93_p0_fixes.TestTenantBrandingIsolation" name="test_tenant_endpoint_returns_branding" time="1.271" /><testcase classname="backend.tests.test_iteration93_p0_fixes.TestTicketSchedulingDialog" name="test_payroll_schedule_endpoint_exists" time="0.620" /><testcase classname="backend.tests.test_iteration93_p0_fixes.TestTicketSchedulingDialog" name="test_employees_endpoint_for_assignment" time="0.627" /><testcase classname="backend.tests.test_iteration93_p0_fixes.TestTicketSchedulingDialog" name="test_job_ticket_update_endpoint" time="0.618" /><testcase classname="backend.tests.test_iteration93_p0_fixes.TestProductivityFilters" name="test_productivity_items_with_job_filter" time="0.626" /><testcase classname="backend.tests.test_iteration93_p0_fixes.TestProductivityFilters" name="test_productivity_calendar_range" time="0.653" /></testsuite></testsuites>