<?xml version="1.0" encoding="utf-8"?><testsuites name="pytest tests"><testsuite name="pytest" errors="0" failures="0" skipped="0" tests="27" time="5.326" timestamp="2026-05-20T21:11:15.814919+00:00" hostname="agent-env-538191d3-f513-4300-8915-99e9a9c6e415"><testcase classname="backend.tests.test_iteration156_fundraiser_fields.TestEventStoreFundraiserFieldsCreate" name="test_event_store_created_with_fundraiser_name" time="0.724" /><testcase classname="backend.tests.test_iteration156_fundraiser_fields.TestEventStoreFundraiserFieldsCreate" name="test_event_name_is_separate_from_fundraiser_name" time="0.000" /><testcase classname="backend.tests.test_iteration156_fundraiser_fields.TestEventStoreFundraiserFieldsCreate" name="test_fundraiser_goal_amount_saved" time="0.000" /><testcase classname="backend.tests.test_iteration156_fundraiser_fields.TestEventStoreFundraiserFieldsCreate" name="test_profit_allocation_type_saved" time="0.000" /><testcase classname="backend.tests.test_iteration156_fundraiser_fields.TestEventStoreFundraiserFieldsCreate" name="test_profit_allocation_percentage_saved" time="0.000" /><testcase classname="backend.tests.test_iteration156_fundraiser_fields.TestEventStoreFundraiserFieldsCreate" name="test_fundraiser_enabled_saved" time="0.000" /><testcase classname="backend.tests.test_iteration156_fundraiser_fields.TestEventStoreFundraiserFieldsCreate" name="test_locked_settings_preserved_on_create" time="0.000" /><testcase classname="backend.tests.test_iteration156_fundraiser_fields.TestEventStoreFundraiserFieldsCreate" name="test_get_store_by_id_fundraiser_fields_persisted" time="0.129" /><testcase classname="backend.tests.test_iteration156_fundraiser_fields.TestEventStoreFundraiserFieldsUpdate" name="test_put_update_fundraiser_name" time="0.116" /><testcase classname="backend.tests.test_iteration156_fundraiser_fields.TestEventStoreFundraiserFieldsUpdate" name="test_put_update_fundraiser_goal_amount" time="0.110" /><testcase classname="backend.tests.test_iteration156_fundraiser_fields.TestEventStoreFundraiserFieldsUpdate" name="test_put_update_multiple_fundraiser_fields" time="0.128" /><testcase classname="backend.tests.test_iteration156_fundraiser_fields.TestEventStoreFundraiserFieldsUpdate" name="test_put_update_does_not_change_locked_settings" time="0.297" /><testcase classname="backend.tests.test_iteration156_fundraiser_fields.TestApplyAnswersSafeMap" name="test_questionnaire_submitted_successfully" time="0.662" /><testcase classname="backend.tests.test_iteration156_fundraiser_fields.TestApplyAnswersSafeMap" name="test_apply_answers_returns_200" time="0.107" /><testcase classname="backend.tests.test_iteration156_fundraiser_fields.TestApplyAnswersSafeMap" name="test_event_name_mapped_correctly" time="0.248" /><testcase classname="backend.tests.test_iteration156_fundraiser_fields.TestApplyAnswersSafeMap" name="test_fundraiser_name_mapped_to_fundraiser_name_not_event_name" time="0.228" /><testcase classname="backend.tests.test_iteration156_fundraiser_fields.TestApplyAnswersSafeMap" name="test_fundraiser_description_mapped_correctly" time="0.205" /><testcase classname="backend.tests.test_iteration156_fundraiser_fields.TestApplyAnswersSafeMap" name="test_fundraiser_goal_amount_mapped_correctly" time="0.255" /><testcase classname="backend.tests.test_iteration156_fundraiser_fields.TestApplyAnswersSafeMap" name="test_event_location_mapped_correctly" time="0.271" /><testcase classname="backend.tests.test_iteration156_fundraiser_fields.TestApplyAnswersSafeMap" name="test_locked_settings_not_modified_by_apply_answers" time="0.253" /><testcase classname="backend.tests.test_iteration156_fundraiser_fields.TestApplyAnswersSafeMap" name="test_apply_answers_response_has_applied_fields" time="0.273" /><testcase classname="backend.tests.test_iteration156_fundraiser_fields.TestNonEventStoresUnaffected" name="test_business_store_created_without_fundraiser_fields" time="0.153" /><testcase classname="backend.tests.test_iteration156_fundraiser_fields.TestNonEventStoresUnaffected" name="test_creator_store_created_without_fundraiser_fields" time="0.115" /><testcase classname="backend.tests.test_iteration156_fundraiser_fields.TestNonEventStoresUnaffected" name="test_business_store_fundraiser_fields_are_defaults" time="0.127" /><testcase classname="backend.tests.test_iteration156_fundraiser_fields.TestNonEventStoresUnaffected" name="test_business_store_questionnaire_endpoint_returns_404" time="0.127" /><testcase classname="backend.tests.test_iteration156_fundraiser_fields.TestApplyAnswersEdgeCases" name="test_apply_answers_no_questionnaire_returns_404" time="0.332" /><testcase classname="backend.tests.test_iteration156_fundraiser_fields.TestApplyAnswersEdgeCases" name="test_fundraiser_name_in_safe_map" time="0.401" /></testsuite></testsuites>