<?xml version="1.0" encoding="utf-8"?><testsuites name="pytest tests"><testsuite name="pytest" errors="0" failures="0" skipped="0" tests="17" time="86.825" timestamp="2026-04-01T00:34:52.339479+00:00" hostname="agent-env-ba3219c3-0812-46c1-8274-8c4f07d1a3eb"><testcase classname="backend.tests.test_iteration84_bug_fixes.TestTenantScopedUserList" name="test_admin_users_returns_only_tenant_users" time="0.839" /><testcase classname="backend.tests.test_iteration84_bug_fixes.TestTenantScopedUserList" name="test_admin_users_does_not_include_other_tenants" time="0.871" /><testcase classname="backend.tests.test_iteration84_bug_fixes.TestAdminCreateUser" name="test_admin_create_user_success" time="1.172" /><testcase classname="backend.tests.test_iteration84_bug_fixes.TestAdminCreateUser" name="test_admin_create_user_appears_in_user_list" time="1.402" /><testcase classname="backend.tests.test_iteration84_bug_fixes.TestEmployeePortalInvite" name="test_invite_portal_returns_metadata" time="1.267" /><testcase classname="backend.tests.test_iteration84_bug_fixes.TestEmployeePortalInvite" name="test_invite_portal_requires_email" time="0.976" /><testcase classname="backend.tests.test_iteration84_bug_fixes.TestTimesheetEntryEditing" name="test_timesheet_entries_include_employee_id" time="1.178" /><testcase classname="backend.tests.test_iteration84_bug_fixes.TestTimesheetEntryEditing" name="test_manual_entry_can_be_edited" time="1.175" /><testcase classname="backend.tests.test_iteration84_bug_fixes.TestTimesheetEntryEditing" name="test_manual_entry_can_be_deleted" time="1.207" /><testcase classname="backend.tests.test_iteration84_bug_fixes.TestTimeclockShiftDelete" name="test_timeclock_shift_can_be_deleted" time="1.429" /><testcase classname="backend.tests.test_iteration84_bug_fixes.TestPayrollTransactionsNoRegression" name="test_create_transaction" time="1.058" /><testcase classname="backend.tests.test_iteration84_bug_fixes.TestPayrollTransactionsNoRegression" name="test_edit_transaction" time="1.195" /><testcase classname="backend.tests.test_iteration84_bug_fixes.TestPayrollTransactionsNoRegression" name="test_delete_transaction" time="69.416" /><testcase classname="backend.tests.test_iteration84_bug_fixes.TestPayrollTransactionsNoRegression" name="test_list_transactions" time="0.741" /><testcase classname="backend.tests.test_iteration84_bug_fixes.TestTimeEntriesNoRegression" name="test_get_manual_hours" time="0.718" /><testcase classname="backend.tests.test_iteration84_bug_fixes.TestTimeEntriesNoRegression" name="test_get_timeclock_shifts" time="0.701" /><testcase classname="backend.tests.test_iteration84_bug_fixes.TestTimeEntriesNoRegression" name="test_manual_hours_crud_flow" time="1.382" /></testsuite></testsuites>