<?xml version="1.0" encoding="utf-8"?><testsuites name="pytest tests"><testsuite name="pytest" errors="0" failures="0" skipped="0" tests="21" time="7.303" timestamp="2026-05-17T23:05:42.041825+00:00" hostname="agent-env-bced7143-ee85-475a-8f6f-0b3805d2bf34"><testcase classname="backend.tests.test_iteration144_wrap_phase2b.TestAuthGating" name="test_no_token_blocked_get" time="0.238" /><testcase classname="backend.tests.test_iteration144_wrap_phase2b.TestAuthGating" name="test_no_token_blocked_pricing" time="0.104" /><testcase classname="backend.tests.test_iteration144_wrap_phase2b.TestAuthGating" name="test_no_token_blocked_materials" time="0.118" /><testcase classname="backend.tests.test_iteration144_wrap_phase2b.TestAuthGating" name="test_no_token_blocked_apply" time="0.153" /><testcase classname="backend.tests.test_iteration144_wrap_phase2b.TestNonWrapGuard" name="test_materials_blocked" time="0.744" /><testcase classname="backend.tests.test_iteration144_wrap_phase2b.TestNonWrapGuard" name="test_pricing_blocked" time="0.102" /><testcase classname="backend.tests.test_iteration144_wrap_phase2b.TestNonWrapGuard" name="test_recalc_blocked" time="0.110" /><testcase classname="backend.tests.test_iteration144_wrap_phase2b.TestNonWrapGuard" name="test_apply_blocked" time="0.127" /><testcase classname="backend.tests.test_iteration144_wrap_phase2b.TestVehicleSync" name="test_vehicle_mirrors_to_ticket_specs" time="0.271" /><testcase classname="backend.tests.test_iteration144_wrap_phase2b.TestMaterials" name="test_create_computes_total" time="0.920" /><testcase classname="backend.tests.test_iteration144_wrap_phase2b.TestMaterials" name="test_update_recomputes_total" time="0.114" /><testcase classname="backend.tests.test_iteration144_wrap_phase2b.TestMaterials" name="test_delete" time="0.114" /><testcase classname="backend.tests.test_iteration144_wrap_phase2b.TestPricingFormulas" name="test_coverage_seeded" time="2.275" /><testcase classname="backend.tests.test_iteration144_wrap_phase2b.TestPricingFormulas" name="test_material_labor_markup" time="0.115" /><testcase classname="backend.tests.test_iteration144_wrap_phase2b.TestPricingFormulas" name="test_per_sqft" time="0.117" /><testcase classname="backend.tests.test_iteration144_wrap_phase2b.TestPricingFormulas" name="test_manual_override" time="0.115" /><testcase classname="backend.tests.test_iteration144_wrap_phase2b.TestPricingFormulas" name="test_recalculate_does_not_overwrite_config" time="0.226" /><testcase classname="backend.tests.test_iteration144_wrap_phase2b.TestPricingFormulas" name="test_coverage_exclude_drops_billable" time="0.489" /><testcase classname="backend.tests.test_iteration144_wrap_phase2b.TestApplyToOrder" name="test_apply_writes_estimated_price_and_recomputes_total" time="0.438" /><testcase classname="backend.tests.test_iteration144_wrap_phase2b.TestPhase2ARegression" name="test_get_items_works" time="0.117" /><testcase classname="backend.tests.test_iteration144_wrap_phase2b.TestPhase2ARegression" name="test_area_math_unchanged" time="0.231" /></testsuite></testsuites>