<?xml version="1.0" encoding="utf-8"?><testsuites name="pytest tests"><testsuite name="pytest" errors="0" failures="0" skipped="1" tests="29" time="6.998" timestamp="2026-04-26T23:34:58.079448+00:00" hostname="agent-env-370673ea-d174-4dfb-8dd2-b4f95be03015"><testcase classname="tests.test_iteration134.TestAppointmentRequestFlow" name="test_01_request_missing_preferred_date" time="0.499" /><testcase classname="tests.test_iteration134.TestAppointmentRequestFlow" name="test_02_create_request" time="0.117" /><testcase classname="tests.test_iteration134.TestAppointmentRequestFlow" name="test_03_portal_upcoming_includes_requested" time="0.114" /><testcase classname="tests.test_iteration134.TestAppointmentRequestFlow" name="test_04_admin_sees_requested" time="0.716" /><testcase classname="tests.test_iteration134.TestAppointmentRequestFlow" name="test_05_admin_confirm" time="0.231" /><testcase classname="tests.test_iteration134.TestAppointmentRequestFlow" name="test_06_admin_reject_new_request" time="0.375" /><testcase classname="tests.test_iteration134.TestAppointmentRequestFlow" name="test_07_cleanup_confirmed_appt" time="0.102" /><testcase classname="tests.test_iteration134.TestTier5_UserManagement" name="test_create_user" time="1.364" /><testcase classname="tests.test_iteration134.TestTier5_UserManagement" name="test_change_role" time="0.119" /><testcase classname="tests.test_iteration134.TestTier5_UserManagement" name="test_delete_user_endpoint_present" time="0.106"><skipped type="pytest.xfail" message="DELETE /admin/users/{id} not implemented (got 404)" /></testcase><testcase classname="tests.test_iteration134.TestTier5_DigestConfig" name="test_get_settings" time="0.129" /><testcase classname="tests.test_iteration134.TestTier5_DigestConfig" name="test_update_settings" time="0.142" /><testcase classname="tests.test_iteration134.TestTier5_DigestConfig" name="test_preview" time="0.106" /><testcase classname="tests.test_iteration134.TestTier5_PromoCodes" name="test_create_percent" time="0.114" /><testcase classname="tests.test_iteration134.TestTier5_PromoCodes" name="test_list" time="0.110" /><testcase classname="tests.test_iteration134.TestTier5_PromoCodes" name="test_update" time="0.114" /><testcase classname="tests.test_iteration134.TestTier5_PromoCodes" name="test_delete" time="0.106" /><testcase classname="tests.test_iteration134.TestTier5_Community" name="test_create_post" time="0.136" /><testcase classname="tests.test_iteration134.TestTier5_Community" name="test_list_posts" time="0.111" /><testcase classname="tests.test_iteration134.TestTier5_Community" name="test_upvote" time="0.143" /><testcase classname="tests.test_iteration134.TestTier5_Community" name="test_delete" time="0.111" /><testcase classname="tests.test_iteration134.TestTier5_PricingFoundation" name="test_get_defaults" time="0.132" /><testcase classname="tests.test_iteration134.TestTier5_PricingFoundation" name="test_update_defaults_and_calculate" time="0.554" /><testcase classname="tests.test_iteration134.TestTier5_TenantSettings" name="test_put_tenant" time="0.429" /><testcase classname="tests.test_iteration134.TestTier5_EmailTemplates" name="test_list" time="0.119" /><testcase classname="tests.test_iteration134.TestTier5_EmailTemplates" name="test_get_one" time="0.105" /><testcase classname="tests.test_iteration134.TestTier5_EmailTemplates" name="test_update" time="0.223" /><testcase classname="tests.test_iteration134.TestTier5_EmailTemplates" name="test_preview" time="0.125" /><testcase classname="tests.test_iteration134.TestTier5_AdminPortal" name="test_dashboard" time="0.136" /></testsuite></testsuites>