<?xml version="1.0" encoding="utf-8"?><testsuites name="pytest tests"><testsuite name="pytest" errors="0" failures="0" skipped="0" tests="24" time="11.595" timestamp="2026-05-18T01:36:14.905272+00:00" hostname="agent-env-bced7143-ee85-475a-8f6f-0b3805d2bf34"><testcase classname="backend.tests.test_iteration147_wrap_phase2e" name="test_get_returns_inspection_aftercare_blocks" time="1.247" /><testcase classname="backend.tests.test_iteration147_wrap_phase2e" name="test_inspection_status_and_notes_persist" time="0.627" /><testcase classname="backend.tests.test_iteration147_wrap_phase2e" name="test_inspection_invalid_status_returns_400" time="0.152" /><testcase classname="backend.tests.test_iteration147_wrap_phase2e" name="test_inspection_acknowledged_mirrors_approvals_and_flips_status" time="0.507" /><testcase classname="backend.tests.test_iteration147_wrap_phase2e" name="test_inspection_acknowledged_false_clears_mirror" time="0.355" /><testcase classname="backend.tests.test_iteration147_wrap_phase2e" name="test_inspection_pipeline_active" time="0.507" /><testcase classname="backend.tests.test_iteration147_wrap_phase2e" name="test_damage_marker_crud" time="0.954" /><testcase classname="backend.tests.test_iteration147_wrap_phase2e" name="test_damage_marker_update_unknown_returns_404" time="0.119" /><testcase classname="backend.tests.test_iteration147_wrap_phase2e" name="test_aftercare_template_and_status_persist" time="0.532" /><testcase classname="backend.tests.test_iteration147_wrap_phase2e" name="test_aftercare_invalid_status_returns_400" time="0.156" /><testcase classname="backend.tests.test_iteration147_wrap_phase2e" name="test_aftercare_sent_autostamps_and_mirrors_approval" time="0.697" /><testcase classname="backend.tests.test_iteration147_wrap_phase2e" name="test_aftercare_viewed_acknowledged_autostamps" time="0.919" /><testcase classname="backend.tests.test_iteration147_wrap_phase2e" name="test_aftercare_followup_toggles_persist_with_timestamps" time="1.634" /><testcase classname="backend.tests.test_iteration147_wrap_phase2e" name="test_aftercare_pipeline_active" time="0.493" /><testcase classname="backend.tests.test_iteration147_wrap_phase2e" name="test_workflow_complete_logic" time="0.618" /><testcase classname="backend.tests.test_iteration147_wrap_phase2e" name="test_production_board_single_mirror_row" time="0.352" /><testcase classname="backend.tests.test_iteration147_wrap_phase2e" name="test_non_wrap_guard[put-/api/wrap/items/e19d6501-f80b-432b-b7b7-76e1d4903f3b/inspection-body0]" time="0.113" /><testcase classname="backend.tests.test_iteration147_wrap_phase2e" name="test_non_wrap_guard[post-/api/wrap/items/e19d6501-f80b-432b-b7b7-76e1d4903f3b/inspection/damage-markers-body1]" time="0.143" /><testcase classname="backend.tests.test_iteration147_wrap_phase2e" name="test_non_wrap_guard[put-/api/wrap/items/e19d6501-f80b-432b-b7b7-76e1d4903f3b/inspection/damage-markers/abc-body2]" time="0.123" /><testcase classname="backend.tests.test_iteration147_wrap_phase2e" name="test_non_wrap_guard[delete-/api/wrap/items/e19d6501-f80b-432b-b7b7-76e1d4903f3b/inspection/damage-markers/abc-None]" time="0.107" /><testcase classname="backend.tests.test_iteration147_wrap_phase2e" name="test_non_wrap_guard[put-/api/wrap/items/e19d6501-f80b-432b-b7b7-76e1d4903f3b/aftercare-body4]" time="0.102" /><testcase classname="backend.tests.test_iteration147_wrap_phase2e" name="test_no_mongo_id_in_responses" time="0.838" /><testcase classname="backend.tests.test_iteration147_wrap_phase2e" name="test_get_returns_all_phase_blocks" time="0.116" /><testcase classname="backend.tests.test_iteration147_wrap_phase2e" name="test_recalculate_still_returns_snapshot" time="0.116" /></testsuite></testsuites>