<?xml version="1.0" encoding="utf-8"?><testsuites name="pytest tests"><testsuite name="pytest" errors="0" failures="0" skipped="0" tests="21" time="8.190" timestamp="2026-06-09T06:15:59.488286+00:00" hostname="agent-env-a25900aa-1bfb-4985-a03a-aec49709e9ed"><testcase classname="backend.tests.test_p0_fixes_188.TestFinancialsSummaryAuth" name="test_summary_returns_200_for_admin" time="0.927" /><testcase classname="backend.tests.test_p0_fixes_188.TestFinancialsSummaryAuth" name="test_summary_returns_401_for_unauthenticated" time="0.241" /><testcase classname="backend.tests.test_p0_fixes_188.TestFinancialsSalesEndpoints" name="test_post_sales_returns_200_for_admin" time="0.222" /><testcase classname="backend.tests.test_p0_fixes_188.TestFinancialsSalesEndpoints" name="test_post_sales_returns_401_for_unauthenticated" time="0.107" /><testcase classname="backend.tests.test_p0_fixes_188.TestFinancialsSalesEndpoints" name="test_get_sales_returns_200_for_admin" time="0.207" /><testcase classname="backend.tests.test_p0_fixes_188.TestFinancialsExpenseEndpoints" name="test_post_expenses_returns_200_for_admin" time="0.112" /><testcase classname="backend.tests.test_p0_fixes_188.TestFinancialsExpenseEndpoints" name="test_post_expenses_returns_401_for_unauthenticated" time="0.146" /><testcase classname="backend.tests.test_p0_fixes_188.TestFinancialsExpenseEndpoints" name="test_get_expenses_returns_200_for_admin" time="0.123" /><testcase classname="backend.tests.test_p0_fixes_188.TestInvoiceAging" name="test_invoice_aging_returns_200_for_admin" time="0.112" /><testcase classname="backend.tests.test_p0_fixes_188.TestInvoiceAging" name="test_invoice_aging_returns_401_for_unauthenticated" time="0.113" /><testcase classname="backend.tests.test_p0_fixes_188.TestStripeConnectPermissions" name="test_stripe_connect_status_returns_200_for_admin" time="0.758" /><testcase classname="backend.tests.test_p0_fixes_188.TestStripeConnectPermissions" name="test_stripe_disconnect_returns_200_or_404_for_admin" time="0.169" /><testcase classname="backend.tests.test_p0_fixes_188.TestStripeConnectPermissions" name="test_stripe_dashboard_link_returns_not_403_for_admin" time="0.110" /><testcase classname="backend.tests.test_p0_fixes_188.TestStripeConnectPermissions" name="test_stripe_create_account_returns_not_403_for_admin" time="3.151" /><testcase classname="backend.tests.test_p0_fixes_188.TestPromoCodesValidate" name="test_validate_invalid_code_returns_valid_false" time="0.229" /><testcase classname="backend.tests.test_p0_fixes_188.TestPromoCodesValidate" name="test_validate_endpoint_exists" time="0.125" /><testcase classname="backend.tests.test_p0_fixes_188.TestProductionTasksTenantScoped" name="test_production_tasks_list_returns_200" time="0.129" /><testcase classname="backend.tests.test_p0_fixes_188.TestProductionTasksTenantScoped" name="test_production_tasks_returns_401_for_unauthenticated" time="0.118" /><testcase classname="backend.tests.test_p0_fixes_188.TestProductionTasksTenantScoped" name="test_production_tasks_data_has_no_foreign_tenants" time="0.310" /><testcase classname="backend.tests.test_p0_fixes_188.TestApplyPromoAtomicMaxUses" name="test_apply_promo_with_valid_free_trial_code" time="0.125" /><testcase classname="backend.tests.test_p0_fixes_188.TestApplyPromoAtomicMaxUses" name="test_apply_promo_creates_and_exhausts_code" time="0.547" /></testsuite></testsuites>