<?xml version="1.0" encoding="utf-8"?><testsuites name="pytest tests"><testsuite name="pytest" errors="0" failures="2" skipped="0" tests="36" time="5.100" timestamp="2026-05-21T04:40:47.973754+00:00" hostname="agent-env-46989894-1505-4438-91fe-f1f4f0395174"><testcase classname="backend.tests.test_iteration160_dashboard_demo_data.TestTotalCustomers" name="test_customers_api_returns_200" time="0.817" /><testcase classname="backend.tests.test_iteration160_dashboard_demo_data.TestTotalCustomers" name="test_customers_count_34_or_more" time="0.122" /><testcase classname="backend.tests.test_iteration160_dashboard_demo_data.TestTotalCustomers" name="test_demo_customers_present" time="0.107" /><testcase classname="backend.tests.test_iteration160_dashboard_demo_data.TestActiveOrders" name="test_orders_api_returns_200" time="0.189" /><testcase classname="backend.tests.test_iteration160_dashboard_demo_data.TestActiveOrders" name="test_demo_orders_exist" time="0.123" /><testcase classname="backend.tests.test_iteration160_dashboard_demo_data.TestActiveOrders" name="test_specific_order_ORD0023_accessible" time="0.105" /><testcase classname="backend.tests.test_iteration160_dashboard_demo_data.TestActiveOrders" name="test_specific_order_ORD0028_accessible" time="0.111" /><testcase classname="backend.tests.test_iteration160_dashboard_demo_data.TestInvoicesAndRevenue" name="test_invoices_api_returns_200" time="0.114" /><testcase classname="backend.tests.test_iteration160_dashboard_demo_data.TestInvoicesAndRevenue" name="test_overdue_invoices_count" time="0.112" /><testcase classname="backend.tests.test_iteration160_dashboard_demo_data.TestInvoicesAndRevenue" name="test_paid_invoices_exist" time="0.108" /><testcase classname="backend.tests.test_iteration160_dashboard_demo_data.TestInvoicesAndRevenue" name="test_sent_invoices_exist" time="0.109" /><testcase classname="backend.tests.test_iteration160_dashboard_demo_data.TestInvoicesAndRevenue" name="test_specific_overdue_cyf_invoice" time="0.113" /><testcase classname="backend.tests.test_iteration160_dashboard_demo_data.TestInvoicesAndRevenue" name="test_specific_overdue_patriot_invoice" time="0.101" /><testcase classname="backend.tests.test_iteration160_dashboard_demo_data.TestInvoicesAndRevenue" name="test_abc_paid_invoice_amount" time="0.101"><failure message="AssertionError: Expected ~$42.40, got 40.0&#10;assert 2.3999999999999986 &lt; 1.0&#10; +  where 2.3999999999999986 = abs((40.0 - 42.4))">backend/tests/test_iteration160_dashboard_demo_data.py:198: in test_abc_paid_invoice_amount
    assert abs(total - 42.40) &lt; 1.0, f"Expected ~$42.40, got {total}"
E   AssertionError: Expected ~$42.40, got 40.0
E   assert 2.3999999999999986 &lt; 1.0
E    +  where 2.3999999999999986 = abs((40.0 - 42.4))</failure></testcase><testcase classname="backend.tests.test_iteration160_dashboard_demo_data.TestInvoicesAndRevenue" name="test_mountain_view_paid_invoice_amount" time="0.131"><failure message="AssertionError: Expected ~$267.12, got 252.0&#10;assert 15.120000000000005 &lt; 1.0&#10; +  where 15.120000000000005 = abs((252.0 - 267.12))">backend/tests/test_iteration160_dashboard_demo_data.py:208: in test_mountain_view_paid_invoice_amount
    assert abs(total - 267.12) &lt; 1.0, f"Expected ~$267.12, got {total}"
E   AssertionError: Expected ~$267.12, got 252.0
E   assert 15.120000000000005 &lt; 1.0
E    +  where 15.120000000000005 = abs((252.0 - 267.12))</failure></testcase><testcase classname="backend.tests.test_iteration160_dashboard_demo_data.TestTodaysSchedule" name="test_appointments_api_returns_200" time="0.108" /><testcase classname="backend.tests.test_iteration160_dashboard_demo_data.TestTodaysSchedule" name="test_today_appointments_exist" time="0.113" /><testcase classname="backend.tests.test_iteration160_dashboard_demo_data.TestTodaysSchedule" name="test_demo_appointments_exist_ungrouped" time="0.110" /><testcase classname="backend.tests.test_iteration160_dashboard_demo_data.TestTodaysSchedule" name="test_productivity_items_today" time="0.120" /><testcase classname="backend.tests.test_iteration160_dashboard_demo_data.TestMessages" name="test_unread_messages_api" time="0.102" /><testcase classname="backend.tests.test_iteration160_dashboard_demo_data.TestPendingApprovals" name="test_pending_approvals_api" time="0.127" /><testcase classname="backend.tests.test_iteration160_dashboard_demo_data.TestTeamStatus" name="test_employees_api_returns_200" time="0.130" /><testcase classname="backend.tests.test_iteration160_dashboard_demo_data.TestTeamStatus" name="test_employees_count_includes_demo" time="0.113" /><testcase classname="backend.tests.test_iteration160_dashboard_demo_data.TestTeamStatus" name="test_team_status_today_api" time="0.105" /><testcase classname="backend.tests.test_iteration160_dashboard_demo_data.TestOverdueBanner" name="test_productivity_summary_returns_200" time="0.112" /><testcase classname="backend.tests.test_iteration160_dashboard_demo_data.TestOverdueBanner" name="test_dashboard_stats_overdue_count" time="0.100" /><testcase classname="backend.tests.test_iteration160_dashboard_demo_data.TestWebstores" name="test_webstores_api_returns_200" time="0.118" /><testcase classname="backend.tests.test_iteration160_dashboard_demo_data.TestWebstores" name="test_4_demo_webstores_exist" time="0.106" /><testcase classname="backend.tests.test_iteration160_dashboard_demo_data.TestWebstores" name="test_event_store_johnson_exists" time="0.109" /><testcase classname="backend.tests.test_iteration160_dashboard_demo_data.TestWebstores" name="test_creator_store_lh_racing_exists" time="0.204" /><testcase classname="backend.tests.test_iteration160_dashboard_demo_data.TestWebstores" name="test_fundraiser_store_mountain_view_exists" time="0.108" /><testcase classname="backend.tests.test_iteration160_dashboard_demo_data.TestPricingVerification" name="test_ord0023_cyf_yard_signs_price" time="0.104" /><testcase classname="backend.tests.test_iteration160_dashboard_demo_data.TestPricingVerification" name="test_ord0028_miller_van_graphics_price" time="0.098" /><testcase classname="backend.tests.test_iteration160_dashboard_demo_data.TestDashboardDataEndpoints" name="test_dashboard_stats_endpoint" time="0.196" /><testcase classname="backend.tests.test_iteration160_dashboard_demo_data.TestDashboardDataEndpoints" name="test_dashboard_clocked_in_endpoint" time="0.108" /><testcase classname="backend.tests.test_iteration160_dashboard_demo_data.TestDashboardDataEndpoints" name="test_dashboard_recent_ai_docs_endpoint" time="0.109" /></testsuite></testsuites>