<?xml version="1.0" encoding="utf-8"?><testsuites name="pytest tests"><testsuite name="pytest" errors="0" failures="3" skipped="0" tests="10" time="5.463" timestamp="2026-04-11T06:30:57.452958+00:00" hostname="agent-env-4beddcfd-cd65-4e54-8102-28301f58e229"><testcase classname="backend.tests.test_iteration95_drawing_order.TestAuth" name="test_login_success" time="0.738"><failure message="AssertionError: assert None == 'signguypa@gmail.com'&#10; +  where None = &lt;built-in method get of dict object at 0xfe42cd8b5fc0&gt;('email')&#10; +    where &lt;built-in method get of dict object at 0xfe42cd8b5fc0&gt; = {}.get&#10; +      where {} = &lt;built-in method get of dict object at 0xfe42cdb9b140&gt;('user', {})&#10; +        where &lt;built-in method get of dict object at 0xfe42cdb9b140&gt; = {'access_token': 'eyJhbGciOiJIUzI1NiIsInR5cCI6IkpXVCJ9.eyJzdWIiOiJhZGY5YzRjNy1lM2VhLTQ2NGItYmQ0OC1mMGNlNWFlNDYyODQiLCJleHAiOjE3NzU5NzU0NTh9.O2yDJO87uLAIM6ztuLw8my4Bhu2j1q-7K7CmlLblvVo', 'expires_in': 86400, 'token_type': 'bearer'}.get">backend/tests/test_iteration95_drawing_order.py:42: in test_login_success
    assert data.get("user", {}).get("email") == "signguypa@gmail.com"
E   AssertionError: assert None == 'signguypa@gmail.com'
E    +  where None = &lt;built-in method get of dict object at 0xfe42cd8b5fc0&gt;('email')
E    +    where &lt;built-in method get of dict object at 0xfe42cd8b5fc0&gt; = {}.get
E    +      where {} = &lt;built-in method get of dict object at 0xfe42cdb9b140&gt;('user', {})
E    +        where &lt;built-in method get of dict object at 0xfe42cdb9b140&gt; = {'access_token': 'eyJhbGciOiJIUzI1NiIsInR5cCI6IkpXVCJ9.eyJzdWIiOiJhZGY5YzRjNy1lM2VhLTQ2NGItYmQ0OC1mMGNlNWFlNDYyODQiLCJleHAiOjE3NzU5NzU0NTh9.O2yDJO87uLAIM6ztuLw8my4Bhu2j1q-7K7CmlLblvVo', 'expires_in': 86400, 'token_type': 'bearer'}.get</failure></testcase><testcase classname="backend.tests.test_iteration95_drawing_order.TestDrawingAPI" name="test_drawing_api_accepts_small_valid_drawing" time="1.069" /><testcase classname="backend.tests.test_iteration95_drawing_order.TestDrawingAPI" name="test_drawing_api_accepts_medium_drawing" time="0.268" /><testcase classname="backend.tests.test_iteration95_drawing_order.TestDrawingAPI" name="test_drawing_api_accepts_large_drawing" time="0.322" /><testcase classname="backend.tests.test_iteration95_drawing_order.TestDrawingAPI" name="test_drawing_api_list_drawings" time="0.217" /><testcase classname="backend.tests.test_iteration95_drawing_order.TestOrderAPI" name="test_create_order" time="0.899" /><testcase classname="backend.tests.test_iteration95_drawing_order.TestOrderAPI" name="test_get_existing_order" time="0.107" /><testcase classname="backend.tests.test_iteration95_drawing_order.TestJobTicketAPI" name="test_create_job_ticket" time="0.792" /><testcase classname="backend.tests.test_iteration95_drawing_order.TestJobTicketAPI" name="test_create_detailed_job_ticket" time="0.252"><failure message="assert 500 in [200, 201]&#10; +  where 500 = &lt;Response [500]&gt;.status_code">backend/tests/test_iteration95_drawing_order.py:280: in test_create_detailed_job_ticket
    assert response.status_code in [200, 201]
E   assert 500 in [200, 201]
E    +  where 500 = &lt;Response [500]&gt;.status_code</failure></testcase><testcase classname="backend.tests.test_iteration95_drawing_order.TestPricingAPI" name="test_pricing_calculator_endpoint" time="0.700"><failure message="assert 500 == 200&#10; +  where 500 = &lt;Response [500]&gt;.status_code">backend/tests/test_iteration95_drawing_order.py:316: in test_pricing_calculator_endpoint
    assert response.status_code == 200
E   assert 500 == 200
E    +  where 500 = &lt;Response [500]&gt;.status_code</failure></testcase></testsuite></testsuites>