<?xml version="1.0" encoding="utf-8"?><testsuites name="pytest tests"><testsuite name="pytest" errors="0" failures="0" skipped="0" tests="7" time="2.508" timestamp="2026-04-01T16:56:17.807981+00:00" hostname="agent-env-ba3219c3-0812-46c1-8274-8c4f07d1a3eb"><testcase classname="backend.tests.test_iteration90_payroll_timeclock_fix.TestTimeclockShiftDeletion" name="test_delete_timeclock_shift_removes_raw_timelogs" time="1.486" /><testcase classname="backend.tests.test_iteration90_payroll_timeclock_fix.TestTimeclockShiftDeletion" name="test_payroll_totals_consistent_after_shift_deletion" time="0.381" /><testcase classname="backend.tests.test_iteration90_payroll_timeclock_fix.TestTimesheetEntryDeletion" name="test_timesheet_entries_not_resurrected" time="0.289" /><testcase classname="backend.tests.test_iteration90_payroll_timeclock_fix.TestPayrollEndpoints" name="test_get_timeclock_shifts" time="0.053" /><testcase classname="backend.tests.test_iteration90_payroll_timeclock_fix.TestPayrollEndpoints" name="test_get_timesheet" time="0.052" /><testcase classname="backend.tests.test_iteration90_payroll_timeclock_fix.TestPayrollEndpoints" name="test_get_pay_period" time="0.056" /><testcase classname="backend.tests.test_iteration90_payroll_timeclock_fix.TestPayrollEndpoints" name="test_delete_nonexistent_shift_returns_404" time="0.123" /></testsuite></testsuites>