<?xml version="1.0" encoding="utf-8"?><testsuites name="pytest tests"><testsuite name="pytest" errors="0" failures="0" skipped="0" tests="13" time="4.736" timestamp="2026-05-24T17:36:51.774226+00:00" hostname="agent-env-43e99e1b-e1f8-495f-88b4-50bbc13499a9"><testcase classname="backend.tests.test_iteration168_phase4_webstore_sync" name="test_A1_templates_exposed" time="0.848" /><testcase classname="backend.tests.test_iteration168_phase4_webstore_sync" name="test_A2_template_dispatch_by_store_type[event-Event Store Setup]" time="0.356" /><testcase classname="backend.tests.test_iteration168_phase4_webstore_sync" name="test_A2_template_dispatch_by_store_type[fundraiser-Fundraiser Store Setup]" time="0.315" /><testcase classname="backend.tests.test_iteration168_phase4_webstore_sync" name="test_A2_template_dispatch_by_store_type[business-Business Store Setup]" time="0.311" /><testcase classname="backend.tests.test_iteration168_phase4_webstore_sync" name="test_A2_template_dispatch_by_store_type[creator-Team / School Store Setup]" time="0.287" /><testcase classname="backend.tests.test_iteration168_phase4_webstore_sync" name="test_A3_business_questionnaire_submission" time="0.571" /><testcase classname="backend.tests.test_iteration168_phase4_webstore_sync" name="test_B1_owner_customer_sync_on_create" time="0.098" /><testcase classname="backend.tests.test_iteration168_phase4_webstore_sync" name="test_B2_email_dedupe" time="0.170" /><testcase classname="backend.tests.test_iteration168_phase4_webstore_sync" name="test_B3_phone_fallback_dedupe" time="0.163" /><testcase classname="backend.tests.test_iteration168_phase4_webstore_sync" name="test_B4_invite_path_tags_customer" time="1.323" /><testcase classname="backend.tests.test_iteration168_phase4_webstore_sync" name="test_C1_orders_filter_source_webstore" time="0.060" /><testcase classname="backend.tests.test_iteration168_phase4_webstore_sync" name="test_C1b_orders_filter_webstore_id" time="0.050" /><testcase classname="backend.tests.test_iteration168_phase4_webstore_sync" name="test_C2_orders_default_no_filter" time="0.101" /></testsuite></testsuites>