<?xml version="1.0" encoding="utf-8"?><testsuites name="pytest tests"><testsuite name="pytest" errors="0" failures="0" skipped="0" tests="14" time="57.476" timestamp="2026-02-17T03:42:11.397848+00:00" hostname="agent-env-ed9b9a23-900c-4b7a-83bd-23ccd469118e"><testcase classname="backend.tests.test_job_time_tracking.TestJobTimeTrackingStart" name="test_start_timer_success" time="1.149" /><testcase classname="backend.tests.test_job_time_tracking.TestJobTimeTrackingStart" name="test_start_timer_duplicate_fails" time="0.361" /><testcase classname="backend.tests.test_job_time_tracking.TestJobTimeTrackingStop" name="test_stop_timer_success" time="0.671" /><testcase classname="backend.tests.test_job_time_tracking.TestJobTimeTrackingStop" name="test_stop_timer_when_none_active" time="0.333" /><testcase classname="backend.tests.test_job_time_tracking.TestJobTimeTrackingEntries" name="test_get_time_entries_list" time="0.561" /><testcase classname="backend.tests.test_job_time_tracking.TestJobTimeTrackingSummary" name="test_get_time_summary" time="0.510" /><testcase classname="backend.tests.test_job_time_tracking.TestJobTimeTrackingActiveTimer" name="test_get_active_timer_status" time="0.517" /><testcase classname="backend.tests.test_job_time_tracking.TestJobTimeTrackingDelete" name="test_delete_time_entry" time="1.778" /><testcase classname="backend.tests.test_job_time_tracking.TestJobTimeTrackingTaskTypes" name="test_task_types_work" time="2.985" /><testcase classname="backend.tests.test_job_time_tracking.TestAIToolsTextGeneration" name="test_tagline_generator" time="8.898" /><testcase classname="backend.tests.test_job_time_tracking.TestAIToolsTextGeneration" name="test_font_identifier" time="28.114" /><testcase classname="backend.tests.test_job_time_tracking.TestAIPricingAdvisor" name="test_pricing_advisor" time="10.218" /><testcase classname="backend.tests.test_job_time_tracking.TestAIHistory" name="test_get_ai_history" time="0.627" /><testcase classname="backend.tests.test_job_time_tracking.TestJobNotFound" name="test_start_timer_invalid_job" time="0.552" /></testsuite></testsuites>