<?xml version="1.0" encoding="utf-8"?><testsuites name="pytest tests"><testsuite name="pytest" errors="0" failures="0" skipped="0" tests="10" time="6.765" timestamp="2026-03-16T16:56:14.150754+00:00" hostname="agent-env-625c8273-3fea-4041-8d6a-3e0884a1d50c"><testcase classname="backend.tests.test_job_line_items_sync.TestJobCreationWithLineItems" name="test_create_job_with_manual_line_items_from_jobs_page" time="1.087" /><testcase classname="backend.tests.test_job_line_items_sync.TestJobCreationWithLineItems" name="test_create_job_via_save_and_add_path" time="0.441" /><testcase classname="backend.tests.test_job_line_items_sync.TestJobCreationWithLineItems" name="test_create_quote_with_line_items_then_approve" time="0.538" /><testcase classname="backend.tests.test_job_line_items_sync.TestGetJobItemsEndpoint" name="test_get_job_items_returns_synced_items" time="0.406" /><testcase classname="backend.tests.test_job_line_items_sync.TestNoDuplicateItems" name="test_no_duplicates_on_repeated_details_calls" time="1.154" /><testcase classname="backend.tests.test_job_line_items_sync.TestInvoiceFromJobWithLineItems" name="test_invoice_from_job_includes_line_items" time="0.522" /><testcase classname="backend.tests.test_job_line_items_sync.TestEditDeleteJobItemsAfterSync" name="test_edit_job_item_after_sync" time="0.680" /><testcase classname="backend.tests.test_job_line_items_sync.TestEditDeleteJobItemsAfterSync" name="test_delete_job_item_after_sync" time="0.712" /><testcase classname="backend.tests.test_job_line_items_sync.TestPricingCalculatorItems" name="test_pricing_calculator_items_persist" time="0.423" /><testcase classname="backend.tests.test_job_line_items_sync.TestJobUpdateWithLineItems" name="test_update_job_line_items_resyncs" time="0.671" /></testsuite></testsuites>