<?xml version="1.0" encoding="utf-8"?><testsuites name="pytest tests"><testsuite name="pytest" errors="0" failures="0" skipped="0" tests="44" time="3.087" timestamp="2026-02-25T06:57:15.410614+00:00" hostname="agent-env-241a95c7-cd86-4f08-b080-ae953dd68e49"><testcase classname="backend.tests.test_multi_product_plans.TestGetAllPlans" name="test_returns_all_product_lines" time="0.154" /><testcase classname="backend.tests.test_multi_product_plans.TestGetAllPlans" name="test_product_line_names" time="0.050" /><testcase classname="backend.tests.test_multi_product_plans.TestGetAllPlans" name="test_each_product_line_has_3_plans" time="0.050" /><testcase classname="backend.tests.test_multi_product_plans.TestGetAllPlans" name="test_total_9_plans" time="0.062" /><testcase classname="backend.tests.test_multi_product_plans.TestOSPlans" name="test_returns_3_os_plans" time="0.048" /><testcase classname="backend.tests.test_multi_product_plans.TestOSPlans" name="test_os_plan_types" time="0.047" /><testcase classname="backend.tests.test_multi_product_plans.TestOSPlans" name="test_all_os_plans_founder_eligible" time="0.046" /><testcase classname="backend.tests.test_multi_product_plans.TestOSPlans" name="test_os_pricing_tiers" time="0.048" /><testcase classname="backend.tests.test_multi_product_plans.TestWebstorePlans" name="test_returns_3_webstore_plans" time="0.052" /><testcase classname="backend.tests.test_multi_product_plans.TestWebstorePlans" name="test_webstore_plan_types" time="0.047" /><testcase classname="backend.tests.test_multi_product_plans.TestWebstorePlans" name="test_no_founder_pricing" time="0.049" /><testcase classname="backend.tests.test_multi_product_plans.TestWebstorePlans" name="test_webstore_pricing_tiers" time="0.044" /><testcase classname="backend.tests.test_multi_product_plans.TestAIStudioPlans" name="test_returns_3_ai_studio_plans" time="0.049" /><testcase classname="backend.tests.test_multi_product_plans.TestAIStudioPlans" name="test_ai_studio_plan_types" time="0.055" /><testcase classname="backend.tests.test_multi_product_plans.TestAIStudioPlans" name="test_no_founder_pricing" time="0.052" /><testcase classname="backend.tests.test_multi_product_plans.TestAIStudioPlans" name="test_ai_studio_pricing_tiers" time="0.045" /><testcase classname="backend.tests.test_multi_product_plans.TestFounderStatus" name="test_returns_founder_status" time="0.051" /><testcase classname="backend.tests.test_multi_product_plans.TestFounderStatus" name="test_founder_spots_total_is_100" time="0.051" /><testcase classname="backend.tests.test_multi_product_plans.TestFounderStatus" name="test_founder_spots_math" time="0.056" /><testcase classname="backend.tests.test_multi_product_plans.TestFounderStatus" name="test_founder_available_flag" time="0.047" /><testcase classname="backend.tests.test_multi_product_plans.TestPlanDetails" name="test_ws_launch_ui_visibility" time="0.049" /><testcase classname="backend.tests.test_multi_product_plans.TestPlanDetails" name="test_ai_max_ui_visibility" time="0.048" /><testcase classname="backend.tests.test_multi_product_plans.TestPlanDetails" name="test_os_business_all_features_on" time="0.055" /><testcase classname="backend.tests.test_multi_product_plans.TestPlanDetails" name="test_invalid_plan_type_returns_404" time="0.045" /><testcase classname="backend.tests.test_multi_product_plans.TestPlanDetails" name="test_plan_details_include_features" time="0.050" /><testcase classname="backend.tests.test_multi_product_plans.TestPlanDetails" name="test_plan_details_include_processing_fees" time="0.048" /><testcase classname="backend.tests.test_multi_product_plans.TestAuthenticatedEndpoints" name="test_my_plan_returns_current_plan" time="0.349" /><testcase classname="backend.tests.test_multi_product_plans.TestAuthenticatedEndpoints" name="test_my_ui_visibility_returns_flags" time="0.050" /><testcase classname="backend.tests.test_multi_product_plans.TestAuthenticatedEndpoints" name="test_check_feature_allowed" time="0.048" /><testcase classname="backend.tests.test_multi_product_plans.TestAuthenticatedEndpoints" name="test_check_feature_not_allowed" time="0.046" /><testcase classname="backend.tests.test_multi_product_plans.TestAuthenticatedEndpoints" name="test_unauthenticated_my_plan_fails" time="0.127" /><testcase classname="backend.tests.test_multi_product_plans.TestWebstoreUIVisibility" name="test_ws_launch_hides_jobs_ui" time="0.052" /><testcase classname="backend.tests.test_multi_product_plans.TestWebstoreUIVisibility" name="test_ws_growth_hides_jobs_ui" time="0.055" /><testcase classname="backend.tests.test_multi_product_plans.TestWebstoreUIVisibility" name="test_ws_scale_hides_jobs_ui" time="0.046" /><testcase classname="backend.tests.test_multi_product_plans.TestWebstoreUIVisibility" name="test_webstore_plans_have_webstore_access" time="0.144" /><testcase classname="backend.tests.test_multi_product_plans.TestAIStudioUIVisibility" name="test_ai_basic_has_ai_access" time="0.046" /><testcase classname="backend.tests.test_multi_product_plans.TestAIStudioUIVisibility" name="test_ai_pro_has_image_generation" time="0.045" /><testcase classname="backend.tests.test_multi_product_plans.TestAIStudioUIVisibility" name="test_ai_max_no_business_data_aware" time="0.049" /><testcase classname="backend.tests.test_multi_product_plans.TestAIStudioUIVisibility" name="test_ai_studio_plans_no_webstore_access" time="0.143" /><testcase classname="backend.tests.test_multi_product_plans.TestProcessingFees" name="test_os_starter_no_webstore_fee" time="0.044" /><testcase classname="backend.tests.test_multi_product_plans.TestProcessingFees" name="test_os_pro_has_processing_fees" time="0.046" /><testcase classname="backend.tests.test_multi_product_plans.TestProcessingFees" name="test_os_business_lower_fees" time="0.045" /><testcase classname="backend.tests.test_multi_product_plans.TestProcessingFees" name="test_ws_launch_webstore_fee" time="0.045" /><testcase classname="backend.tests.test_multi_product_plans.TestProcessingFees" name="test_ai_plans_no_fees" time="0.136" /></testsuite></testsuites>