<?xml version="1.0" encoding="utf-8"?><testsuites name="pytest tests"><testsuite name="pytest" errors="0" failures="0" skipped="0" tests="21" time="13.102" timestamp="2026-02-07T22:23:43.025191+00:00" hostname="agent-env-4b274706-937a-4991-aa15-1b49fef48e44"><testcase classname="backend.tests.test_new_auth_features.TestRememberMe" name="test_login_without_remember_me" time="0.648" /><testcase classname="backend.tests.test_new_auth_features.TestRememberMe" name="test_login_with_remember_me" time="0.551" /><testcase classname="backend.tests.test_new_auth_features.TestAdminUserManagement" name="test_list_all_users" time="0.651" /><testcase classname="backend.tests.test_new_auth_features.TestAdminUserManagement" name="test_list_users_requires_auth" time="0.635" /><testcase classname="backend.tests.test_new_auth_features.TestAdminUserManagement" name="test_admin_reset_password" time="1.129" /><testcase classname="backend.tests.test_new_auth_features.TestAdminUserManagement" name="test_reset_password_short_password_fails" time="0.668" /><testcase classname="backend.tests.test_new_auth_features.TestAdminUserManagement" name="test_reset_password_nonexistent_user" time="0.652" /><testcase classname="backend.tests.test_new_auth_features.TestAdminUserManagement" name="test_admin_disable_user" time="1.011" /><testcase classname="backend.tests.test_new_auth_features.TestAdminUserManagement" name="test_admin_enable_user" time="1.023" /><testcase classname="backend.tests.test_new_auth_features.TestAdminUserManagement" name="test_admin_cannot_disable_own_account" time="0.701" /><testcase classname="backend.tests.test_new_auth_features.TestMagicLinks" name="test_create_magic_link_for_quote" time="0.414" /><testcase classname="backend.tests.test_new_auth_features.TestMagicLinks" name="test_create_magic_link_requires_auth" time="0.380" /><testcase classname="backend.tests.test_new_auth_features.TestMagicLinks" name="test_create_magic_link_invalid_resource" time="0.381" /><testcase classname="backend.tests.test_new_auth_features.TestMagicLinks" name="test_access_portal_via_magic_link" time="0.469" /><testcase classname="backend.tests.test_new_auth_features.TestMagicLinks" name="test_portal_invalid_token" time="0.430" /><testcase classname="backend.tests.test_new_auth_features.TestMagicLinks" name="test_list_magic_links" time="0.526" /><testcase classname="backend.tests.test_new_auth_features.TestMagicLinks" name="test_list_magic_links_filtered" time="0.436" /><testcase classname="backend.tests.test_new_auth_features.TestMagicLinks" name="test_revoke_magic_link" time="0.495" /><testcase classname="backend.tests.test_new_auth_features.TestCustomerPortal" name="test_portal_shows_quote_details" time="0.609" /><testcase classname="backend.tests.test_new_auth_features.TestCustomerPortal" name="test_portal_shows_job_details" time="0.584" /><testcase classname="backend.tests.test_new_auth_features.TestCustomerPortal" name="test_portal_shows_invoice_details" time="0.517" /></testsuite></testsuites>