<?xml version="1.0" encoding="utf-8"?><testsuites name="pytest tests"><testsuite name="pytest" errors="0" failures="1" skipped="0" tests="14" time="4.835" timestamp="2026-03-16T00:01:38.124170+00:00" hostname="agent-env-625c8273-3fea-4041-8d6a-3e0884a1d50c"><testcase classname="backend.tests.test_onboarding_portal_invite.TestOnboardingSystem" name="test_get_onboarding_status" time="0.610" /><testcase classname="backend.tests.test_onboarding_portal_invite.TestOnboardingSystem" name="test_update_onboarding_step_to_completed" time="0.305" /><testcase classname="backend.tests.test_onboarding_portal_invite.TestOnboardingSystem" name="test_update_onboarding_step_to_finish_later" time="0.117" /><testcase classname="backend.tests.test_onboarding_portal_invite.TestOnboardingSystem" name="test_update_onboarding_step_to_incomplete" time="0.181" /><testcase classname="backend.tests.test_onboarding_portal_invite.TestOnboardingSystem" name="test_update_onboarding_step_invalid_status" time="0.123" /><testcase classname="backend.tests.test_onboarding_portal_invite.TestPortalInvite" name="test_invite_customer_to_portal_success" time="0.923" /><testcase classname="backend.tests.test_onboarding_portal_invite.TestPortalInvite" name="test_invite_customer_to_portal_customer_not_found" time="0.117" /><testcase classname="backend.tests.test_onboarding_portal_invite.TestPortalInvite" name="test_invite_customer_without_email_fails" time="0.389" /><testcase classname="backend.tests.test_onboarding_portal_invite.TestPortalInvite" name="test_customer_portal_enabled_persisted" time="0.191"><failure message="AssertionError: Customer should have portal_invited_at timestamp&#10;assert 'portal_invited_at' in {'company': None, 'created_at': '2026-03-16T00:01:40.030573+00:00', 'email': 'test_portal_ba43e280@example.com', 'id': 'b0af75fe-4557-41f2-a04b-b37bdcc3634c', ...}">backend/tests/test_onboarding_portal_invite.py:237: in test_customer_portal_enabled_persisted
    assert "portal_invited_at" in customer, "Customer should have portal_invited_at timestamp"
E   AssertionError: Customer should have portal_invited_at timestamp
E   assert 'portal_invited_at' in {'company': None, 'created_at': '2026-03-16T00:01:40.030573+00:00', 'email': 'test_portal_ba43e280@example.com', 'id': 'b0af75fe-4557-41f2-a04b-b37bdcc3634c', ...}</failure></testcase><testcase classname="backend.tests.test_onboarding_portal_invite.TestDashboardOnboarding" name="test_dashboard_stats_endpoint" time="0.488" /><testcase classname="backend.tests.test_onboarding_portal_invite.TestProductionWorkflowSettings" name="test_get_workflow_settings" time="0.478" /><testcase classname="backend.tests.test_onboarding_portal_invite.TestProductionWorkflowSettings" name="test_update_workflow_mode" time="0.118" /><testcase classname="backend.tests.test_onboarding_portal_invite.TestPricingDefaults" name="test_get_pricing_defaults" time="0.535" /><testcase classname="backend.tests.test_onboarding_portal_invite.TestPortalLoginPage" name="test_portal_auth_login_endpoint_exists" time="0.123" /></testsuite></testsuites>