<?xml version="1.0" encoding="utf-8"?><testsuites name="pytest tests"><testsuite name="pytest" errors="0" failures="0" skipped="0" tests="21" time="9.555" timestamp="2026-03-22T22:37:41.370090+00:00" hostname="agent-env-7c2ed179-8773-4dba-bb7c-61aed0f9a8a2"><testcase classname="backend.tests.test_order_system_phase1.TestOrderSystemPhase1" name="test_workflow_templates_list_and_seed" time="1.433" /><testcase classname="backend.tests.test_order_system_phase1.TestOrderSystemPhase1" name="test_create_order_with_auto_number" time="0.110" /><testcase classname="backend.tests.test_order_system_phase1.TestOrderSystemPhase1" name="test_list_orders_with_filters" time="0.862" /><testcase classname="backend.tests.test_order_system_phase1.TestOrderSystemPhase1" name="test_get_order_with_enriched_tickets" time="0.507" /><testcase classname="backend.tests.test_order_system_phase1.TestOrderSystemPhase1" name="test_update_order_and_log_status_change" time="0.653" /><testcase classname="backend.tests.test_order_system_phase1.TestOrderSystemPhase1" name="test_create_job_ticket_with_production_flow" time="0.303" /><testcase classname="backend.tests.test_order_system_phase1.TestOrderSystemPhase1" name="test_get_job_ticket_with_production_tasks" time="0.179" /><testcase classname="backend.tests.test_order_system_phase1.TestOrderSystemPhase1" name="test_list_job_tickets_with_filters" time="0.471" /><testcase classname="backend.tests.test_order_system_phase1.TestOrderSystemPhase1" name="test_update_job_ticket_enable_production_flow" time="0.377" /><testcase classname="backend.tests.test_order_system_phase1.TestOrderSystemPhase1" name="test_list_production_tasks_with_filters" time="0.682" /><testcase classname="backend.tests.test_order_system_phase1.TestOrderSystemPhase1" name="test_update_production_task_status_with_timestamp" time="0.220" /><testcase classname="backend.tests.test_order_system_phase1.TestOrderSystemPhase1" name="test_production_board_grouped_by_department" time="0.125" /><testcase classname="backend.tests.test_order_system_phase1.TestOrderSystemPhase1" name="test_generate_quote_from_order" time="0.227" /><testcase classname="backend.tests.test_order_system_phase1.TestOrderSystemPhase1" name="test_start_production_activates_workflow" time="0.243" /><testcase classname="backend.tests.test_order_system_phase1.TestOrderSystemPhase1" name="test_get_order_activity_log" time="0.138" /><testcase classname="backend.tests.test_order_system_phase1.TestOrderSystemPhase1" name="test_status_rollup_ticket_completion" time="0.940" /><testcase classname="backend.tests.test_order_system_phase1.TestOrderSystemPhase1" name="test_status_rollup_order_partial_completion" time="0.123" /><testcase classname="backend.tests.test_order_system_phase1.TestOrderSystemPhase1" name="test_delete_order_cascades" time="0.765" /><testcase classname="backend.tests.test_order_system_phase1.TestOrderSystemPhase1" name="test_cleanup_test_data" time="0.116" /><testcase classname="backend.tests.test_order_system_phase1.TestExistingOrderData" name="test_find_existing_order_ord_0001" time="0.706" /><testcase classname="backend.tests.test_order_system_phase1.TestExistingOrderData" name="test_verify_existing_order_tickets" time="0.134" /></testsuite></testsuites>