<?xml version="1.0" encoding="utf-8"?><testsuites name="pytest tests"><testsuite name="pytest" errors="0" failures="0" skipped="0" tests="15" time="5.171" timestamp="2026-03-30T20:25:12.624184+00:00" hostname="agent-env-5d15dccb-5532-41f4-a535-c659d1707f04"><testcase classname="backend.tests.test_order_drawings.TestOrderDrawingsListEndpoint" name="test_list_drawings_success" time="0.874" /><testcase classname="backend.tests.test_order_drawings.TestOrderDrawingsListEndpoint" name="test_list_drawings_nonexistent_order" time="0.132" /><testcase classname="backend.tests.test_order_drawings.TestOrderDrawingsListEndpoint" name="test_list_drawings_unauthorized" time="0.122" /><testcase classname="backend.tests.test_order_drawings.TestOrderDrawingsCreateEndpoint" name="test_create_drawing_success" time="0.436" /><testcase classname="backend.tests.test_order_drawings.TestOrderDrawingsCreateEndpoint" name="test_create_drawing_blank_rejected" time="0.149" /><testcase classname="backend.tests.test_order_drawings.TestOrderDrawingsCreateEndpoint" name="test_create_drawing_invalid_type" time="0.156" /><testcase classname="backend.tests.test_order_drawings.TestOrderDrawingsCreateEndpoint" name="test_create_drawing_invalid_image_data" time="0.112" /><testcase classname="backend.tests.test_order_drawings.TestOrderDrawingsCreateEndpoint" name="test_create_drawing_nonexistent_order" time="0.140" /><testcase classname="backend.tests.test_order_drawings.TestOrderDrawingsCreateEndpoint" name="test_create_drawing_all_types" time="0.963" /><testcase classname="backend.tests.test_order_drawings.TestOrderDrawingsFileEndpoint" name="test_get_drawing_file_success" time="0.211" /><testcase classname="backend.tests.test_order_drawings.TestOrderDrawingsFileEndpoint" name="test_get_drawing_file_nonexistent" time="0.141" /><testcase classname="backend.tests.test_order_drawings.TestOrderDrawingsDeleteEndpoint" name="test_delete_drawing_admin_success" time="0.936" /><testcase classname="backend.tests.test_order_drawings.TestOrderDrawingsDeleteEndpoint" name="test_delete_drawing_nonexistent" time="0.134" /><testcase classname="backend.tests.test_order_drawings.TestOrderDrawingsUpdateEndpoint" name="test_update_drawing_label" time="0.444" /><testcase classname="backend.tests.test_order_drawings.TestOrderDrawingsUpdateEndpoint" name="test_update_drawing_notes" time="0.134" /></testsuite></testsuites>