<?xml version="1.0" encoding="utf-8"?><testsuites name="pytest tests"><testsuite name="pytest" errors="0" failures="0" skipped="0" tests="11" time="34.864" timestamp="2026-02-20T22:16:49.999930+00:00" hostname="agent-env-3ea01ac0-1817-4a02-8bbe-913434c9ebdd"><testcase classname="tests.test_portal_documents_ai.TestAIBusinessAssistant" name="test_ai_assistant_returns_response" time="2.743" /><testcase classname="tests.test_portal_documents_ai.TestAIBusinessAssistant" name="test_ai_assistant_context_awareness" time="0.778" /><testcase classname="tests.test_portal_documents_ai.TestAIBusinessAssistant" name="test_ai_assistant_with_conversation_history" time="28.182" /><testcase classname="tests.test_portal_documents_ai.TestDocumentSendToPortal" name="test_create_test_customer_with_portal" time="0.504" /><testcase classname="tests.test_portal_documents_ai.TestDocumentSendToPortal" name="test_upload_test_document" time="0.129" /><testcase classname="tests.test_portal_documents_ai.TestDocumentSendToPortal" name="test_send_document_to_portal" time="0.143" /><testcase classname="tests.test_portal_documents_ai.TestPortalDocumentsEndpoint" name="test_portal_documents_endpoint_returns_list" time="1.196" /><testcase classname="tests.test_portal_documents_ai.TestPortalDocumentsEndpoint" name="test_portal_documents_requires_auth" time="0.138" /><testcase classname="tests.test_portal_documents_ai.TestPortalNavigation" name="test_portal_login" time="0.477" /><testcase classname="tests.test_portal_documents_ai.TestHealthCheck" name="test_api_health" time="0.154" /><testcase classname="tests.test_portal_documents_ai.TestHealthCheck" name="test_auth_endpoint" time="0.356" /></testsuite></testsuites>