<?xml version="1.0" encoding="utf-8"?><testsuites name="pytest tests"><testsuite name="pytest" errors="0" failures="0" skipped="0" tests="15" time="18.671" timestamp="2026-03-15T02:04:00.536575+00:00" hostname="agent-env-625c8273-3fea-4041-8d6a-3e0884a1d50c"><testcase classname="backend.tests.test_pricing_setup.TestPricingSetup" name="test_01_get_imports_list_empty_or_existing" time="0.580" /><testcase classname="backend.tests.test_pricing_setup.TestPricingSetup" name="test_02_create_import_with_csv" time="0.115" /><testcase classname="backend.tests.test_pricing_setup.TestPricingSetup" name="test_03_get_import_by_id" time="0.127" /><testcase classname="backend.tests.test_pricing_setup.TestPricingSetup" name="test_04_update_mapping" time="0.145" /><testcase classname="backend.tests.test_pricing_setup.TestPricingSetup" name="test_05_run_analysis" time="15.307" /><testcase classname="backend.tests.test_pricing_setup.TestPricingSetup" name="test_06_review_suggestions_save_to_benchmarks" time="0.158" /><testcase classname="backend.tests.test_pricing_setup.TestPricingSetup" name="test_07_verify_benchmarks_separate_from_cost_settings" time="0.105" /><testcase classname="backend.tests.test_pricing_setup.TestPricingSetup" name="test_08_tenant_isolation_check" time="0.603" /><testcase classname="backend.tests.test_pricing_setup.TestPricingSetup" name="test_09_no_regression_pricing_settings" time="0.401" /><testcase classname="backend.tests.test_pricing_setup.TestPricingSetup" name="test_10_verify_confidence_levels_in_suggestions" time="0.111" /><testcase classname="backend.tests.test_pricing_setup.TestPricingSetup" name="test_11_category_override_mapping" time="0.259" /><testcase classname="backend.tests.test_pricing_setup.TestPricingSetup" name="test_12_upload_xlsx_file" time="0.112" /><testcase classname="backend.tests.test_pricing_setup.TestPricingSetup" name="test_13_verify_import_status_flow" time="0.154" /><testcase classname="backend.tests.test_pricing_setup.TestPricingSetup" name="test_14_admin_access_required" time="0.158" /><testcase classname="backend.tests.test_pricing_setup.TestPricingSetup" name="test_99_cleanup" time="0.125" /></testsuite></testsuites>