<?xml version="1.0" encoding="utf-8"?><testsuites name="pytest tests"><testsuite name="pytest" errors="0" failures="0" skipped="0" tests="11" time="2.781" timestamp="2026-06-05T21:51:20.202808+00:00" hostname="agent-env-a7152711-5565-4a6f-b92f-d7040759b9ff"><testcase classname="backend.tests.test_iteration174_owner_stripe_connect_buttons.TestOwnerStatus" name="test_owner_status_returns_200" time="1.069" /><testcase classname="backend.tests.test_iteration174_owner_stripe_connect_buttons.TestOwnerStatus" name="test_owner_status_response_has_required_fields" time="0.117" /><testcase classname="backend.tests.test_iteration174_owner_stripe_connect_buttons.TestOwnerStatus" name="test_owner_status_not_connected_for_test_store" time="0.107" /><testcase classname="backend.tests.test_iteration174_owner_stripe_connect_buttons.TestOwnerStatus" name="test_owner_status_bool_types" time="0.139" /><testcase classname="backend.tests.test_iteration174_owner_stripe_connect_buttons.TestOwnerStatus" name="test_owner_status_unauthenticated_returns_401" time="0.124" /><testcase classname="backend.tests.test_iteration174_owner_stripe_connect_buttons.TestOwnerStatus" name="test_owner_status_unknown_store_returns_404" time="0.117" /><testcase classname="backend.tests.test_iteration174_owner_stripe_connect_buttons.TestOwnerInviteQuick" name="test_invite_unauthenticated_returns_401" time="0.174" /><testcase classname="backend.tests.test_iteration174_owner_stripe_connect_buttons.TestOwnerInviteQuick" name="test_invite_invalid_email_returns_422" time="0.116" /><testcase classname="backend.tests.test_iteration174_owner_stripe_connect_buttons.TestOwnerInviteQuick" name="test_invite_unknown_store_returns_404" time="0.168" /><testcase classname="backend.tests.test_iteration174_owner_stripe_connect_buttons.TestOwnerInviteQuick" name="test_invite_response_shape_or_clear_error" time="0.448" /><testcase classname="backend.tests.test_iteration174_owner_stripe_connect_buttons.TestOwnerInviteQuick" name="test_invite_missing_email_returns_422" time="0.122" /></testsuite></testsuites>