<?xml version="1.0" encoding="utf-8"?><testsuites name="pytest tests"><testsuite name="pytest" errors="0" failures="0" skipped="0" tests="12" time="17.250" timestamp="2026-03-16T17:40:34.765965+00:00" hostname="agent-env-625c8273-3fea-4041-8d6a-3e0884a1d50c"><testcase classname="tests.test_qol_features_iteration67.TestCustomerCreation" name="test_create_customer_with_company_only" time="0.772" /><testcase classname="tests.test_qol_features_iteration67.TestCustomerCreation" name="test_create_customer_blocks_both_blank" time="0.165" /><testcase classname="tests.test_qol_features_iteration67.TestCustomerCreation" name="test_create_customer_with_name_only" time="0.361" /><testcase classname="tests.test_qol_features_iteration67.TestCustomerCreation" name="test_create_customer_with_both_name_and_company" time="0.300" /><testcase classname="tests.test_qol_features_iteration67.TestJobCreation" name="test_create_job_with_customer" time="0.613" /><testcase classname="tests.test_qol_features_iteration67.TestJobStatusUpdate" name="test_update_job_status" time="1.175" /><testcase classname="tests.test_qol_features_iteration67.TestCustomerPortalInvite" name="test_invite_customer_to_portal" time="0.721" /><testcase classname="tests.test_qol_features_iteration67.TestCustomerPortalInvite" name="test_invite_customer_without_email_fails" time="0.413" /><testcase classname="tests.test_qol_features_iteration67.TestVoiceEndpoints" name="test_voice_speak_endpoint_returns_audio" time="3.524" /><testcase classname="tests.test_qol_features_iteration67.TestVoiceEndpoints" name="test_voice_transcribe_endpoint_exists" time="0.173" /><testcase classname="tests.test_qol_features_iteration67.TestAIAssistantTextChat" name="test_ai_assistant_chat" time="8.357" /><testcase classname="tests.test_qol_features_iteration67.TestQuoteCreation" name="test_create_quote" time="0.594" /></testsuite></testsuites>