<?xml version="1.0" encoding="utf-8"?><testsuites name="pytest tests"><testsuite name="pytest" errors="0" failures="0" skipped="0" tests="24" time="4.944" timestamp="2026-02-27T22:26:36.847457+00:00" hostname="agent-env-9fa36e13-f8ae-4278-92df-b861d573a8e9"><testcase classname="backend.tests.test_questionnaires.TestHealthCheck" name="test_api_accessible" time="0.603" /><testcase classname="backend.tests.test_questionnaires.TestTemplatesEndpoint" name="test_get_templates_requires_auth" time="0.152" /><testcase classname="backend.tests.test_questionnaires.TestTemplatesEndpoint" name="test_get_templates_returns_three_templates" time="0.113" /><testcase classname="backend.tests.test_questionnaires.TestTemplatesEndpoint" name="test_vehicle_wrap_template_has_14_questions" time="0.167" /><testcase classname="backend.tests.test_questionnaires.TestTemplatesEndpoint" name="test_sign_request_template_has_9_questions" time="0.115" /><testcase classname="backend.tests.test_questionnaires.TestTemplatesEndpoint" name="test_apparel_order_template_has_9_questions" time="0.105" /><testcase classname="backend.tests.test_questionnaires.TestCreateFromTemplate" name="test_create_from_vehicle_wrap_template" time="0.141" /><testcase classname="backend.tests.test_questionnaires.TestCreateFromTemplate" name="test_create_from_sign_request_template" time="0.133" /><testcase classname="backend.tests.test_questionnaires.TestCreateFromTemplate" name="test_create_from_nonexistent_template_returns_404" time="0.120" /><testcase classname="backend.tests.test_questionnaires.TestQuestionnaireCRUD" name="test_list_questionnaires" time="0.123" /><testcase classname="backend.tests.test_questionnaires.TestQuestionnaireCRUD" name="test_list_questionnaires_requires_auth" time="0.117" /><testcase classname="backend.tests.test_questionnaires.TestQuestionnaireCRUD" name="test_create_questionnaire" time="0.113" /><testcase classname="backend.tests.test_questionnaires.TestQuestionnaireCRUD" name="test_get_single_questionnaire" time="0.098" /><testcase classname="backend.tests.test_questionnaires.TestQuestionnaireCRUD" name="test_update_questionnaire" time="0.110" /><testcase classname="backend.tests.test_questionnaires.TestQuestionnaireCRUD" name="test_update_questionnaire_status_to_active" time="0.138" /><testcase classname="backend.tests.test_questionnaires.TestPublicQuestionnaireEndpoints" name="test_get_public_questionnaire_inactive_returns_404" time="0.282" /><testcase classname="backend.tests.test_questionnaires.TestPublicQuestionnaireEndpoints" name="test_get_public_questionnaire_active" time="0.115" /><testcase classname="backend.tests.test_questionnaires.TestPublicQuestionnaireEndpoints" name="test_submit_public_questionnaire" time="0.235" /><testcase classname="backend.tests.test_questionnaires.TestResponseManagement" name="test_get_questionnaire_responses" time="0.137" /><testcase classname="backend.tests.test_questionnaires.TestResponseManagement" name="test_responses_requires_auth" time="0.112" /><testcase classname="backend.tests.test_questionnaires.TestDeleteQuestionnaire" name="test_delete_questionnaire" time="0.875" /><testcase classname="backend.tests.test_questionnaires.TestDeleteQuestionnaire" name="test_delete_nonexistent_returns_404" time="0.135" /><testcase classname="backend.tests.test_questionnaires.TestQuestionnaireValidation" name="test_create_questionnaire_without_name_fails" time="0.187" /><testcase classname="backend.tests.test_questionnaires.TestQuestionnaireValidation" name="test_question_types_supported" time="0.378" /></testsuite></testsuites>