<?xml version="1.0" encoding="utf-8"?><testsuites name="pytest tests"><testsuite name="pytest" errors="0" failures="0" skipped="0" tests="12" time="4.553" timestamp="2026-05-12T03:25:12.135311+00:00" hostname="agent-env-37c5acec-3a25-464b-b63c-298b9107f4da"><testcase classname="backend.tests.test_questionnaire_send_email.TestSendEmailErrors" name="test_send_email_requires_auth" time="0.232" /><testcase classname="backend.tests.test_questionnaire_send_email.TestSendEmailErrors" name="test_send_email_unknown_id_returns_404" time="0.718" /><testcase classname="backend.tests.test_questionnaire_send_email.TestSendEmailErrors" name="test_send_email_invalid_email_returns_422" time="0.227" /><testcase classname="backend.tests.test_questionnaire_send_email.TestSendEmailErrors" name="test_send_email_draft_returns_400" time="0.243" /><testcase classname="backend.tests.test_questionnaire_send_email.TestSendEmailHappyPath" name="test_send_email_active_success" time="0.637" /><testcase classname="backend.tests.test_questionnaire_send_email.TestQuestionnaireRegression" name="test_list_includes_created" time="0.251" /><testcase classname="backend.tests.test_questionnaire_send_email.TestQuestionnaireRegression" name="test_get_by_id" time="0.107" /><testcase classname="backend.tests.test_questionnaire_send_email.TestQuestionnaireRegression" name="test_put_status_active_and_revert" time="0.221" /><testcase classname="backend.tests.test_questionnaire_send_email.TestQuestionnaireRegression" name="test_public_get_when_active" time="0.351" /><testcase classname="backend.tests.test_questionnaire_send_email.TestQuestionnaireRegression" name="test_public_submit_and_responses" time="0.744" /><testcase classname="backend.tests.test_questionnaire_send_email.TestQuestionnaireRegression" name="test_send_email_returns_link_for_created_q" time="0.619" /><testcase classname="backend.tests.test_questionnaire_send_email.TestTemplates" name="test_list_templates" time="0.125" /></testsuite></testsuites>