<?xml version="1.0" encoding="utf-8"?><testsuites name="pytest tests"><testsuite name="pytest" errors="0" failures="7" skipped="0" tests="14" time="167.759" timestamp="2026-02-27T21:55:31.223671+00:00" hostname="agent-env-9fa36e13-f8ae-4278-92df-b861d573a8e9"><testcase classname="backend.tests.test_racing_tools.TestRacingToolsBackend" name="test_health_check" time="0.854" /><testcase classname="backend.tests.test_racing_tools.TestRacingToolsBackend" name="test_race_number_designer_text_generation" time="39.345" /><testcase classname="backend.tests.test_racing_tools.TestRacingToolsBackend" name="test_race_number_designer_fields_validation" time="42.529" /><testcase classname="backend.tests.test_racing_tools.TestRacingToolsBackend" name="test_driver_name_plate_text_generation" time="23.687" /><testcase classname="backend.tests.test_racing_tools.TestRacingToolsBackend" name="test_driver_name_plate_minimal_fields" time="29.727" /><testcase classname="backend.tests.test_racing_tools.TestRacingToolsBackend" name="test_wrap_cost_calculator_detailed_pricing" time="27.447" /><testcase classname="backend.tests.test_racing_tools.TestRacingToolsBackend" name="test_wrap_cost_calculator_race_car_types" time="0.471"><failure message="AssertionError: Failed for race_car_stock: {&quot;detail&quot;:{&quot;error&quot;:&quot;feature_not_available&quot;,&quot;feature&quot;:&quot;ai_tools.monthly_generations&quot;,&quot;status&quot;:&quot;limited&quot;,&quot;message&quot;:&quot;You've reached the limit of 25 for this feature. Please upgrade for more.&quot;,&quot;limit&quot;:25,&quot;current_usage&quot;:25}}&#10;assert 403 == 200&#10; +  where 403 = &lt;Response [403]&gt;.status_code">backend/tests/test_racing_tools.py:215: in test_wrap_cost_calculator_race_car_types
    assert response.status_code == 200, f"Failed for {car_type}: {response.text}"
E   AssertionError: Failed for race_car_stock: {"detail":{"error":"feature_not_available","feature":"ai_tools.monthly_generations","status":"limited","message":"You've reached the limit of 25 for this feature. Please upgrade for more.","limit":25,"current_usage":25}}
E   assert 403 == 200
E    +  where 403 = &lt;Response [403]&gt;.status_code</failure></testcase><testcase classname="backend.tests.test_racing_tools.TestRacingToolsBackend" name="test_wrap_cost_calculator_text_only_no_images" time="0.462"><failure message="assert 403 == 200&#10; +  where 403 = &lt;Response [403]&gt;.status_code">backend/tests/test_racing_tools.py:236: in test_wrap_cost_calculator_text_only_no_images
    assert response.status_code == 200
E   assert 403 == 200
E    +  where 403 = &lt;Response [403]&gt;.status_code</failure></testcase><testcase classname="backend.tests.test_racing_tools.TestRacingToolsBackend" name="test_race_team_branding_text_generation" time="0.440"><failure message="AssertionError: Expected 200, got 403: {&quot;detail&quot;:{&quot;error&quot;:&quot;feature_not_available&quot;,&quot;feature&quot;:&quot;ai_tools.monthly_generations&quot;,&quot;status&quot;:&quot;limited&quot;,&quot;message&quot;:&quot;You've reached the limit of 25 for this feature. Please upgrade for more.&quot;,&quot;limit&quot;:25,&quot;current_usage&quot;:25}}&#10;assert 403 == 200&#10; +  where 403 = &lt;Response [403]&gt;.status_code">backend/tests/test_racing_tools.py:266: in test_race_team_branding_text_generation
    assert response.status_code == 200, f"Expected 200, got {response.status_code}: {response.text}"
E   AssertionError: Expected 200, got 403: {"detail":{"error":"feature_not_available","feature":"ai_tools.monthly_generations","status":"limited","message":"You've reached the limit of 25 for this feature. Please upgrade for more.","limit":25,"current_usage":25}}
E   assert 403 == 200
E    +  where 403 = &lt;Response [403]&gt;.status_code</failure></testcase><testcase classname="backend.tests.test_racing_tools.TestRacingToolsBackend" name="test_race_team_branding_all_racing_series" time="0.447"><failure message="AssertionError: Failed for nascar_regional: {&quot;detail&quot;:{&quot;error&quot;:&quot;feature_not_available&quot;,&quot;feature&quot;:&quot;ai_tools.monthly_generations&quot;,&quot;status&quot;:&quot;limited&quot;,&quot;message&quot;:&quot;You've reached the limit of 25 for this feature. Please upgrade for more.&quot;,&quot;limit&quot;:25,&quot;current_usage&quot;:25}}&#10;assert 403 == 200&#10; +  where 403 = &lt;Response [403]&gt;.status_code">backend/tests/test_racing_tools.py:301: in test_race_team_branding_all_racing_series
    assert response.status_code == 200, f"Failed for {series}: {response.text}"
E   AssertionError: Failed for nascar_regional: {"detail":{"error":"feature_not_available","feature":"ai_tools.monthly_generations","status":"limited","message":"You've reached the limit of 25 for this feature. Please upgrade for more.","limit":25,"current_usage":25}}
E   assert 403 == 200
E    +  where 403 = &lt;Response [403]&gt;.status_code</failure></testcase><testcase classname="backend.tests.test_racing_tools.TestRacingToolsBackend" name="test_racing_tools_require_auth" time="0.785" /><testcase classname="backend.tests.test_racing_tools.TestRacingToolsBackend" name="test_race_number_designer_image_generation" time="0.505"><failure message="AssertionError: Expected 200, got 403: {&quot;detail&quot;:{&quot;error&quot;:&quot;feature_not_available&quot;,&quot;feature&quot;:&quot;ai_tools.image_generation&quot;,&quot;status&quot;:&quot;off&quot;,&quot;message&quot;:&quot;This feature is not available on your current plan. Please upgrade.&quot;,&quot;limit&quot;:null,&quot;current_usage&quot;:null}}&#10;assert 403 == 200&#10; +  where 403 = &lt;Response [403]&gt;.status_code">backend/tests/test_racing_tools.py:347: in test_race_number_designer_image_generation
    assert response.status_code == 200, f"Expected 200, got {response.status_code}: {response.text}"
E   AssertionError: Expected 200, got 403: {"detail":{"error":"feature_not_available","feature":"ai_tools.image_generation","status":"off","message":"This feature is not available on your current plan. Please upgrade.","limit":null,"current_usage":null}}
E   assert 403 == 200
E    +  where 403 = &lt;Response [403]&gt;.status_code</failure></testcase><testcase classname="backend.tests.test_racing_tools.TestRacingToolsBackend" name="test_driver_name_plate_image_generation" time="0.444"><failure message="AssertionError: Expected 200, got 403: {&quot;detail&quot;:{&quot;error&quot;:&quot;feature_not_available&quot;,&quot;feature&quot;:&quot;ai_tools.image_generation&quot;,&quot;status&quot;:&quot;off&quot;,&quot;message&quot;:&quot;This feature is not available on your current plan. Please upgrade.&quot;,&quot;limit&quot;:null,&quot;current_usage&quot;:null}}&#10;assert 403 == 200&#10; +  where 403 = &lt;Response [403]&gt;.status_code">backend/tests/test_racing_tools.py:378: in test_driver_name_plate_image_generation
    assert response.status_code == 200, f"Expected 200, got {response.status_code}: {response.text}"
E   AssertionError: Expected 200, got 403: {"detail":{"error":"feature_not_available","feature":"ai_tools.image_generation","status":"off","message":"This feature is not available on your current plan. Please upgrade.","limit":null,"current_usage":null}}
E   assert 403 == 200
E    +  where 403 = &lt;Response [403]&gt;.status_code</failure></testcase><testcase classname="backend.tests.test_racing_tools.TestRacingToolsBackend" name="test_race_team_branding_image_generation" time="0.440"><failure message="AssertionError: Expected 200, got 403: {&quot;detail&quot;:{&quot;error&quot;:&quot;feature_not_available&quot;,&quot;feature&quot;:&quot;ai_tools.image_generation&quot;,&quot;status&quot;:&quot;off&quot;,&quot;message&quot;:&quot;This feature is not available on your current plan. Please upgrade.&quot;,&quot;limit&quot;:null,&quot;current_usage&quot;:null}}&#10;assert 403 == 200&#10; +  where 403 = &lt;Response [403]&gt;.status_code">backend/tests/test_racing_tools.py:405: in test_race_team_branding_image_generation
    assert response.status_code == 200, f"Expected 200, got {response.status_code}: {response.text}"
E   AssertionError: Expected 200, got 403: {"detail":{"error":"feature_not_available","feature":"ai_tools.image_generation","status":"off","message":"This feature is not available on your current plan. Please upgrade.","limit":null,"current_usage":null}}
E   assert 403 == 200
E    +  where 403 = &lt;Response [403]&gt;.status_code</failure></testcase></testsuite></testsuites>