<?xml version="1.0" encoding="utf-8"?><testsuites name="pytest tests"><testsuite name="pytest" errors="0" failures="0" skipped="0" tests="10" time="3.379" timestamp="2026-04-23T06:31:01.098511+00:00" hostname="agent-env-aaa46428-5edb-414b-8289-31c468bdf903"><testcase classname="backend.tests.test_section1_prelaunch.TestSection1Prelaunch" name="test_1_1B_backup_export_size_exceeds_50kb" time="0.795" /><testcase classname="backend.tests.test_section1_prelaunch.TestSection1Prelaunch" name="test_1_1C_backup_includes_legacy_keys" time="0.121" /><testcase classname="backend.tests.test_section1_prelaunch.TestSection1Prelaunch" name="test_1_3A_billing_subscription_returns_plan_and_date" time="0.155" /><testcase classname="backend.tests.test_section1_prelaunch.TestSection1Prelaunch" name="test_1_6D_empty_customer_import_returns_error" time="0.111" /><testcase classname="backend.tests.test_section1_prelaunch.TestSection1Prelaunch" name="test_1_6K_phone_search_parentheses_format" time="0.425" /><testcase classname="backend.tests.test_section1_prelaunch.TestSection1Prelaunch" name="test_1_6L_phone_search_dot_format" time="0.373" /><testcase classname="backend.tests.test_section1_prelaunch.TestSection1Prelaunch" name="test_1_6M_phone_search_dash_format" time="0.318" /><testcase classname="backend.tests.test_section1_prelaunch.TestSection1Prelaunch" name="test_1_6N_phone_search_plus_space_format" time="0.308" /><testcase classname="backend.tests.test_section1_prelaunch.TestSection1Prelaunch" name="test_1_6O_phone_search_plus_no_space_format" time="0.358" /><testcase classname="backend.tests.test_section1_prelaunch.TestSection1Prelaunch" name="test_1_6P_invalid_email_skipped_valid_imports" time="0.345" /></testsuite></testsuites>