<?xml version="1.0" encoding="utf-8"?><testsuites name="pytest tests"><testsuite name="pytest" errors="0" failures="0" skipped="5" tests="27" time="4.504" timestamp="2026-03-31T07:46:00.856576+00:00" hostname="agent-env-ba3219c3-0812-46c1-8274-8c4f07d1a3eb"><testcase classname="backend.tests.test_signature_drawing_system.TestSignatureFeatureToggle" name="test_get_tenant_settings" time="0.751" /><testcase classname="backend.tests.test_signature_drawing_system.TestSignatureFeatureToggle" name="test_enable_signature_feature" time="0.062" /><testcase classname="backend.tests.test_signature_drawing_system.TestSignatureFeatureToggle" name="test_signature_settings_persist" time="0.058" /><testcase classname="backend.tests.test_signature_drawing_system.TestSignatureAPIs" name="test_list_signatures_empty_or_existing" time="0.054" /><testcase classname="backend.tests.test_signature_drawing_system.TestSignatureAPIs" name="test_create_signature_requirement" time="0.055" /><testcase classname="backend.tests.test_signature_drawing_system.TestSignatureAPIs" name="test_request_signature_via_email" time="0.210" /><testcase classname="backend.tests.test_signature_drawing_system.TestPublicSignatureFlow" name="test_public_signature_endpoint_requires_valid_token" time="0.101" /><testcase classname="backend.tests.test_signature_drawing_system.TestInternalSignatureCapture" name="test_capture_signature_internal" time="0.170" /><testcase classname="backend.tests.test_signature_drawing_system.TestOrderDrawings" name="test_list_order_drawings" time="0.053" /><testcase classname="backend.tests.test_signature_drawing_system.TestOrderDrawings" name="test_create_order_level_drawing" time="0.343" /><testcase classname="backend.tests.test_signature_drawing_system.TestOrderDrawings" name="test_create_draft_drawing_autosave" time="0.544" /><testcase classname="backend.tests.test_signature_drawing_system.TestOrderDrawings" name="test_get_drawing_file" time="0.168" /><testcase classname="backend.tests.test_signature_drawing_system.TestItemLevelDrawings" name="test_create_item_level_drawing" time="0.046"><skipped type="pytest.skip" message="No job tickets in test order">/app/backend/tests/test_signature_drawing_system.py:332: No job tickets in test order</skipped></testcase><testcase classname="backend.tests.test_signature_drawing_system.TestItemLevelDrawings" name="test_query_drawings_by_job_ticket" time="0.048"><skipped type="pytest.skip" message="No job tickets in test order">/app/backend/tests/test_signature_drawing_system.py:354: No job tickets in test order</skipped></testcase><testcase classname="backend.tests.test_signature_drawing_system.TestImageMarkupDrawings" name="test_create_image_markup_drawing" time="0.046"><skipped type="pytest.skip" message="No image files in test order">/app/backend/tests/test_signature_drawing_system.py:388: No image files in test order</skipped></testcase><testcase classname="backend.tests.test_signature_drawing_system.TestImageMarkupDrawings" name="test_query_drawings_by_uploaded_image" time="0.046"><skipped type="pytest.skip" message="No image files in test order">/app/backend/tests/test_signature_drawing_system.py:411: No image files in test order</skipped></testcase><testcase classname="backend.tests.test_signature_drawing_system.TestDrawingTypes" name="test_create_drawing_with_type[sketch]" time="0.151" /><testcase classname="backend.tests.test_signature_drawing_system.TestDrawingTypes" name="test_create_drawing_with_type[markup]" time="0.165" /><testcase classname="backend.tests.test_signature_drawing_system.TestDrawingTypes" name="test_create_drawing_with_type[measurement_note]" time="0.181" /><testcase classname="backend.tests.test_signature_drawing_system.TestDrawingTypes" name="test_create_drawing_with_type[install_note]" time="0.149" /><testcase classname="backend.tests.test_signature_drawing_system.TestDrawingTypes" name="test_create_drawing_with_type[layout_note]" time="0.165" /><testcase classname="backend.tests.test_signature_drawing_system.TestDrawingTypes" name="test_create_drawing_with_type[other]" time="0.161" /><testcase classname="backend.tests.test_signature_drawing_system.TestSignatureFeatureDisabled" name="test_disable_signature_feature" time="0.049" /><testcase classname="backend.tests.test_signature_drawing_system.TestSignatureFeatureDisabled" name="test_signature_apis_return_404_when_disabled" time="0.046" /><testcase classname="backend.tests.test_signature_drawing_system.TestSignatureFeatureDisabled" name="test_reenable_signature_feature" time="0.047" /><testcase classname="backend.tests.test_signature_drawing_system.TestQuoteSignatureFlow" name="test_create_quote_signature_requirement" time="0.133"><skipped type="pytest.skip" message="Could not get or create quote">/app/backend/tests/test_signature_drawing_system.py:508: Could not get or create quote</skipped></testcase><testcase classname="backend.tests.test_signature_drawing_system.TestCleanup" name="test_cleanup_test_drawings" time="0.426" /></testsuite></testsuites>