<?xml version="1.0" encoding="utf-8"?><testsuites name="pytest tests"><testsuite name="pytest" errors="0" failures="0" skipped="0" tests="22" time="7.092" timestamp="2026-02-20T21:15:39.183761+00:00" hostname="agent-env-0be06ae0-5088-47d5-965b-bacfcee1c6c5"><testcase classname="backend.tests.test_stripe_connect.TestStripeConnectAuth" name="test_health_check" time="0.237" /><testcase classname="backend.tests.test_stripe_connect.TestStripeConnectAuth" name="test_stripe_status_requires_auth" time="0.130" /><testcase classname="backend.tests.test_stripe_connect.TestStripeConnectStatus" name="test_get_connect_status" time="0.568" /><testcase classname="backend.tests.test_stripe_connect.TestStripeConnectStatus" name="test_status_response_fields" time="0.163" /><testcase classname="backend.tests.test_stripe_connect.TestStripeConnectCreateAccount" name="test_create_account_requires_auth" time="0.129" /><testcase classname="backend.tests.test_stripe_connect.TestStripeConnectCreateAccount" name="test_create_account_endpoint_works" time="0.892" /><testcase classname="backend.tests.test_stripe_connect.TestStripeConnectCreateAccount" name="test_create_account_validates_request" time="0.168" /><testcase classname="backend.tests.test_stripe_connect.TestStripeConnectRefreshLink" name="test_refresh_link_requires_auth" time="0.128" /><testcase classname="backend.tests.test_stripe_connect.TestStripeConnectRefreshLink" name="test_refresh_link_handles_no_account" time="0.477" /><testcase classname="backend.tests.test_stripe_connect.TestStripeConnectDisconnect" name="test_disconnect_requires_auth" time="0.105" /><testcase classname="backend.tests.test_stripe_connect.TestStripeConnectDisconnect" name="test_disconnect_stripe_account" time="0.729" /><testcase classname="backend.tests.test_stripe_connect.TestStripeConnectInvoicePayment" name="test_invoice_pay_requires_auth" time="0.105" /><testcase classname="backend.tests.test_stripe_connect.TestStripeConnectInvoicePayment" name="test_invoice_pay_not_found" time="0.533" /><testcase classname="backend.tests.test_stripe_connect.TestStripeConnectInvoicePayment" name="test_invoice_pay_without_stripe_connected" time="0.545" /><testcase classname="backend.tests.test_stripe_connect.TestStripeConnectWebstoreCheckout" name="test_webstore_checkout_with_invalid_store" time="0.112" /><testcase classname="backend.tests.test_stripe_connect.TestStripeConnectWebstoreCheckout" name="test_webstore_checkout_validates_items" time="0.140" /><testcase classname="backend.tests.test_stripe_connect.TestStripeConnectWebstoreCheckout" name="test_webstore_checkout_requires_customer_info" time="0.104" /><testcase classname="backend.tests.test_stripe_connect.TestStripeConnectPaymentStatus" name="test_payment_status_invalid_session" time="0.266" /><testcase classname="backend.tests.test_stripe_connect.TestStripeConnectPaymentStatus" name="test_payment_status_nonexistent_session" time="0.218" /><testcase classname="backend.tests.test_stripe_connect.TestStripeConnectDashboardLink" name="test_dashboard_link_requires_auth" time="0.122" /><testcase classname="backend.tests.test_stripe_connect.TestStripeConnectDashboardLink" name="test_dashboard_link_without_stripe_connected" time="0.644" /><testcase classname="backend.tests.test_stripe_connect.TestPlatformFeeByTier" name="test_platform_fee_valid_range" time="0.506" /></testsuite></testsuites>