<?xml version="1.0" encoding="utf-8"?><testsuites name="pytest tests"><testsuite name="pytest" errors="0" failures="0" skipped="0" tests="30" time="4.113" timestamp="2026-02-13T05:36:46.330388+00:00" hostname="agent-env-26812b9c-785e-4f90-8a82-b45a3ae126f4"><testcase classname="backend.tests.test_tiers.TestTierPlansPublic" name="test_get_plans_returns_all_tiers" time="0.082" /><testcase classname="backend.tests.test_tiers.TestTierPlansPublic" name="test_starter_plan_details" time="0.045" /><testcase classname="backend.tests.test_tiers.TestTierPlansPublic" name="test_pro_plan_details" time="0.042" /><testcase classname="backend.tests.test_tiers.TestTierPlansPublic" name="test_business_plan_details" time="0.051" /><testcase classname="backend.tests.test_tiers.TestTierAuthentication" name="test_my_plan_requires_auth" time="0.050" /><testcase classname="backend.tests.test_tiers.TestTierAuthentication" name="test_check_feature_requires_auth" time="0.041" /><testcase classname="backend.tests.test_tiers.TestTierAuthentication" name="test_use_feature_requires_auth" time="0.042" /><testcase classname="backend.tests.test_tiers.TestTierAuthentication" name="test_usage_requires_auth" time="0.034" /><testcase classname="backend.tests.test_tiers.TestTierAuthentication" name="test_upgrade_prompt_requires_auth" time="0.039" /><testcase classname="backend.tests.test_tiers.TestMyPlan" name="test_get_my_plan_success" time="0.402" /><testcase classname="backend.tests.test_tiers.TestMyPlan" name="test_my_plan_has_feature_categories" time="0.042" /><testcase classname="backend.tests.test_tiers.TestFeatureCheckON" name="test_check_on_feature_ai_text_tools" time="0.344" /><testcase classname="backend.tests.test_tiers.TestFeatureCheckON" name="test_check_on_feature_customer_portal" time="0.046" /><testcase classname="backend.tests.test_tiers.TestFeatureCheckON" name="test_check_on_feature_core_modules_jobs" time="0.052" /><testcase classname="backend.tests.test_tiers.TestFeatureCheckOFF" name="test_check_off_feature_image_generation" time="0.385" /><testcase classname="backend.tests.test_tiers.TestFeatureCheckOFF" name="test_check_off_feature_kanban" time="0.067" /><testcase classname="backend.tests.test_tiers.TestFeatureCheckOFF" name="test_check_off_feature_time_clock" time="0.047" /><testcase classname="backend.tests.test_tiers.TestFeatureCheckLIMITED" name="test_check_limited_feature_monthly_generations" time="0.318" /><testcase classname="backend.tests.test_tiers.TestFeatureCheckLIMITED" name="test_check_limited_feature_num_stores" time="0.051" /><testcase classname="backend.tests.test_tiers.TestFeatureCheckLIMITED" name="test_check_limited_feature_team_members" time="0.051" /><testcase classname="backend.tests.test_tiers.TestUseFeature" name="test_use_limited_feature_increments_usage" time="0.409" /><testcase classname="backend.tests.test_tiers.TestUseFeature" name="test_use_on_feature_succeeds" time="0.042" /><testcase classname="backend.tests.test_tiers.TestUseFeature" name="test_use_off_feature_fails" time="0.053" /><testcase classname="backend.tests.test_tiers.TestUsageTracking" name="test_get_usage_returns_list" time="0.352" /><testcase classname="backend.tests.test_tiers.TestUsageTracking" name="test_usage_record_structure" time="0.090" /><testcase classname="backend.tests.test_tiers.TestUpgradePrompt" name="test_upgrade_prompt_for_off_feature" time="0.303" /><testcase classname="backend.tests.test_tiers.TestUpgradePrompt" name="test_upgrade_prompt_shows_correct_tier" time="0.049" /><testcase classname="backend.tests.test_tiers.TestUpgradePrompt" name="test_upgrade_prompt_for_business_only_feature" time="0.059" /><testcase classname="backend.tests.test_tiers.TestInvalidFeatures" name="test_check_invalid_category" time="0.307" /><testcase classname="backend.tests.test_tiers.TestInvalidFeatures" name="test_check_invalid_feature" time="0.042" /></testsuite></testsuites>