<?xml version="1.0" encoding="utf-8"?><testsuites name="pytest tests"><testsuite name="pytest" errors="0" failures="1" skipped="0" tests="10" time="6.082" timestamp="2026-02-24T05:43:14.945490+00:00" hostname="agent-env-43cc3b9f-d223-41fe-98c1-b22beaba3ee6"><testcase classname="tests.test_unified_jobs_iteration36.TestJobsUnifiedSystem" name="test_create_job_as_quote" time="0.603" /><testcase classname="tests.test_unified_jobs_iteration36.TestJobsUnifiedSystem" name="test_create_job_as_approved" time="0.541" /><testcase classname="tests.test_unified_jobs_iteration36.TestJobsUnifiedSystem" name="test_filter_quotes_only" time="0.616" /><testcase classname="tests.test_unified_jobs_iteration36.TestJobsUnifiedSystem" name="test_filter_active_only" time="0.561" /><testcase classname="tests.test_unified_jobs_iteration36.TestJobsUnifiedSystem" name="test_filter_all_jobs" time="0.518"><failure message="assert 520 == 200&#10; +  where 520 = &lt;Response [520]&gt;.status_code">tests/test_unified_jobs_iteration36.py:195: in test_filter_all_jobs
    assert response.status_code == 200
E   assert 520 == 200
E    +  where 520 = &lt;Response [520]&gt;.status_code</failure></testcase><testcase classname="tests.test_unified_jobs_iteration36.TestJobsUnifiedSystem" name="test_approve_job_endpoint" time="0.655" /><testcase classname="tests.test_unified_jobs_iteration36.TestJobsUnifiedSystem" name="test_approve_already_approved_fails" time="0.559" /><testcase classname="tests.test_unified_jobs_iteration36.TestJobsUnifiedSystem" name="test_dashboard_active_jobs_excludes_quotes" time="0.695" /><testcase classname="tests.test_unified_jobs_iteration36.TestJobsUnifiedSystem" name="test_send_quote" time="0.648" /><testcase classname="tests.test_unified_jobs_iteration36.TestJobsUnifiedSystem" name="test_update_job_line_items" time="0.541" /></testsuite></testsuites>