<?xml version="1.0" encoding="utf-8"?><testsuites name="pytest tests"><testsuite name="pytest" errors="0" failures="0" skipped="0" tests="20" time="8.119" timestamp="2026-04-20T04:38:04.924276+00:00" hostname="agent-env-17b7095d-a7ff-4c57-ab00-28ba3e043cf7"><testcase classname="backend.tests.test_vehicle_graphics" name="test_defaults_has_vehicle_wraps" time="0.827" /><testcase classname="backend.tests.test_vehicle_graphics" name="test_schema_vehicle_wrap" time="0.115" /><testcase classname="backend.tests.test_vehicle_graphics" name="test_baseline_has_all_fields" time="0.106" /><testcase classname="backend.tests.test_vehicle_graphics" name="test_vehicle_type_change" time="0.222" /><testcase classname="backend.tests.test_vehicle_graphics" name="test_coverage_spot_vs_full" time="0.207" /><testcase classname="backend.tests.test_vehicle_graphics" name="test_custom_coverage" time="0.317" /><testcase classname="backend.tests.test_vehicle_graphics" name="test_material_calendared_vs_cast" time="0.543" /><testcase classname="backend.tests.test_vehicle_graphics" name="test_laminate_toggle" time="3.382" /><testcase classname="backend.tests.test_vehicle_graphics" name="test_laminate_type_gloss_vs_satin" time="0.244" /><testcase classname="backend.tests.test_vehicle_graphics" name="test_window_perf_rear" time="0.121" /><testcase classname="backend.tests.test_vehicle_graphics" name="test_window_perf_side" time="0.107" /><testcase classname="backend.tests.test_vehicle_graphics" name="test_design_complexity" time="0.209" /><testcase classname="backend.tests.test_vehicle_graphics" name="test_surface_prep" time="0.203" /><testcase classname="backend.tests.test_vehicle_graphics" name="test_removal_scope" time="0.220" /><testcase classname="backend.tests.test_vehicle_graphics" name="test_install_off" time="0.101" /><testcase classname="backend.tests.test_vehicle_graphics" name="test_install_difficulty" time="0.248" /><testcase classname="backend.tests.test_vehicle_graphics" name="test_seam_complexity" time="0.201" /><testcase classname="backend.tests.test_vehicle_graphics" name="test_second_installer" time="0.221" /><testcase classname="backend.tests.test_vehicle_graphics" name="test_rush_order" time="0.224" /><testcase classname="backend.tests.test_vehicle_graphics" name="test_quantity_scaling" time="0.222" /></testsuite></testsuites>