<?xml version="1.0" encoding="utf-8"?><testsuites name="pytest tests"><testsuite name="pytest" errors="0" failures="0" skipped="0" tests="13" time="0.847" timestamp="2026-02-05T08:51:48.810033+00:00" hostname="agent-env-b9388e20-b89b-4979-a731-872f0de723ef"><testcase classname="backend.tests.test_webstores.TestWebstoreAPI" name="test_get_webstores" time="0.106" /><testcase classname="backend.tests.test_webstores.TestWebstoreAPI" name="test_get_webstore_by_id" time="0.041" /><testcase classname="backend.tests.test_webstores.TestWebstoreAPI" name="test_webstore_branding_fields" time="0.036" /><testcase classname="backend.tests.test_webstores.TestWebstoreAPI" name="test_create_webstore_with_branding" time="0.077" /><testcase classname="backend.tests.test_webstores.TestWebstoreAPI" name="test_update_webstore_branding" time="0.112" /><testcase classname="backend.tests.test_webstores.TestWebstoreProducts" name="test_get_webstore_products" time="0.037" /><testcase classname="backend.tests.test_webstores.TestWebstoreProducts" name="test_product_has_details" time="0.039" /><testcase classname="backend.tests.test_webstores.TestWebstoreOrders" name="test_get_webstore_orders" time="0.039" /><testcase classname="backend.tests.test_webstores.TestWebstoreOrders" name="test_create_order" time="0.119" /><testcase classname="backend.tests.test_webstores.TestWebstoreOrders" name="test_order_profit_calculation" time="0.036" /><testcase classname="backend.tests.test_webstores.TestStorefrontPublicAccess" name="test_public_store_accessible" time="0.032" /><testcase classname="backend.tests.test_webstores.TestStorefrontPublicAccess" name="test_store_products_accessible" time="0.032" /><testcase classname="backend.tests.test_webstores.TestWebstorePayouts" name="test_get_payouts" time="0.035" /></testsuite></testsuites>