<?xml version="1.0" encoding="utf-8"?><testsuites name="pytest tests"><testsuite name="pytest" errors="0" failures="2" skipped="1" tests="10" time="4.146" timestamp="2026-02-24T04:56:06.235350+00:00" hostname="agent-env-43cc3b9f-d223-41fe-98c1-b22beaba3ee6"><testcase classname="backend.tests.test_webstore_bugs_iteration35.TestAuth" name="test_login_success" time="0.530" /><testcase classname="backend.tests.test_webstore_bugs_iteration35.TestStripeConnectStatus" name="test_stripe_connect_status_not_connected" time="0.457" /><testcase classname="backend.tests.test_webstore_bugs_iteration35.TestProductCRUDWithImages" name="test_create_product_with_base64_image" time="0.448" /><testcase classname="backend.tests.test_webstore_bugs_iteration35.TestProductCRUDWithImages" name="test_create_product_with_multiple_images" time="0.156" /><testcase classname="backend.tests.test_webstore_bugs_iteration35.TestProductCRUDWithImages" name="test_update_product_images" time="0.342" /><testcase classname="backend.tests.test_webstore_bugs_iteration35.TestWebstoreCreation" name="test_create_webstore_with_branding" time="0.444"><failure message="AssertionError: Create webstore failed: {&quot;detail&quot;:[{&quot;type&quot;:&quot;missing&quot;,&quot;loc&quot;:[&quot;body&quot;,&quot;store_type&quot;],&quot;msg&quot;:&quot;Field required&quot;,&quot;input&quot;:{&quot;name&quot;:&quot;TEST_Webstore_Branding&quot;,&quot;description&quot;:&quot;Test webstore with custom branding&quot;,&quot;type&quot;:&quot;business&quot;,&quot;branding&quot;:{&quot;primary_color&quot;:&quot;#FF5733&quot;,&quot;logo_url&quot;:null},&quot;is_public&quot;:true},&quot;url&quot;:&quot;https://errors.pydantic.dev/2.12/v/missing&quot;},{&quot;type&quot;:&quot;missing&quot;,&quot;loc&quot;:[&quot;body&quot;,&quot;owner_name&quot;],&quot;msg&quot;:&quot;Field required&quot;,&quot;input&quot;:{&quot;name&quot;:&quot;TEST_Webstore_Branding&quot;,&quot;description&quot;:&quot;Test webstore with custom branding&quot;,&quot;type&quot;:&quot;business&quot;,&quot;branding&quot;:{&quot;primary_color&quot;:&quot;#FF5733&quot;,&quot;logo_url&quot;:null},&quot;is_public&quot;:true},&quot;url&quot;:&quot;https://errors.pydantic.dev/2.12/v/missing&quot;}]}&#10;assert 422 == 200&#10; +  where 422 = &lt;Response [422]&gt;.status_code">backend/tests/test_webstore_bugs_iteration35.py:245: in test_create_webstore_with_branding
    assert response.status_code == 200, f"Create webstore failed: {response.text}"
E   AssertionError: Create webstore failed: {"detail":[{"type":"missing","loc":["body","store_type"],"msg":"Field required","input":{"name":"TEST_Webstore_Branding","description":"Test webstore with custom branding","type":"business","branding":{"primary_color":"#FF5733","logo_url":null},"is_public":true},"url":"https://errors.pydantic.dev/2.12/v/missing"},{"type":"missing","loc":["body","owner_name"],"msg":"Field required","input":{"name":"TEST_Webstore_Branding","description":"Test webstore with custom branding","type":"business","branding":{"primary_color":"#FF5733","logo_url":null},"is_public":true},"url":"https://errors.pydantic.dev/2.12/v/missing"}]}
E   assert 422 == 200
E    +  where 422 = &lt;Response [422]&gt;.status_code</failure></testcase><testcase classname="backend.tests.test_webstore_bugs_iteration35.TestWebstoreCreation" name="test_update_webstore_color" time="0.115"><failure message="assert 422 == 200&#10; +  where 422 = &lt;Response [422]&gt;.status_code">backend/tests/test_webstore_bugs_iteration35.py:274: in test_update_webstore_color
    assert create_response.status_code == 200
E   assert 422 == 200
E    +  where 422 = &lt;Response [422]&gt;.status_code</failure></testcase><testcase classname="backend.tests.test_webstore_bugs_iteration35.TestWebstoreCheckoutStripeGate" name="test_checkout_returns_error_when_stripe_not_connected" time="0.469"><skipped type="pytest.skip" message="Could not create webstore for checkout test">/app/backend/tests/test_webstore_bugs_iteration35.py:332: Could not create webstore for checkout test</skipped></testcase><testcase classname="backend.tests.test_webstore_bugs_iteration35.TestCleanup" name="test_cleanup_test_products" time="0.925" /><testcase classname="backend.tests.test_webstore_bugs_iteration35.TestCleanup" name="test_cleanup_test_webstores" time="0.114" /></testsuite></testsuites>