<?xml version="1.0" encoding="utf-8"?><testsuites name="pytest tests"><testsuite name="pytest" errors="0" failures="0" skipped="0" tests="16" time="8.366" timestamp="2026-02-19T21:32:53.923541+00:00" hostname="agent-env-319d9b1a-f887-4ead-b690-b915cc137eaa"><testcase classname="backend.tests.test_webstores_v3.TestPublicStorefrontNoAuth" name="test_public_store_endpoint" time="0.293" /><testcase classname="backend.tests.test_webstores_v3.TestPublicStorefrontNoAuth" name="test_public_store_products_endpoint" time="0.158" /><testcase classname="backend.tests.test_webstores_v3.TestPublicStorefrontNoAuth" name="test_public_store_nonexistent" time="0.171" /><testcase classname="backend.tests.test_webstores_v3.TestProductMultipleImages" name="test_create_product_with_three_images" time="0.568" /><testcase classname="backend.tests.test_webstores_v3.TestProductMultipleImages" name="test_create_product_images_limit_to_three" time="0.561" /><testcase classname="backend.tests.test_webstores_v3.TestProductApparelVariants" name="test_get_apparel_defaults_endpoint" time="0.482" /><testcase classname="backend.tests.test_webstores_v3.TestProductApparelVariants" name="test_create_product_with_apparel_variants" time="0.516" /><testcase classname="backend.tests.test_webstores_v3.TestProductApparelVariants" name="test_existing_product_has_apparel_variants" time="0.546" /><testcase classname="backend.tests.test_webstores_v3.TestWebstoreCreationAndProducts" name="test_create_business_webstore" time="0.456" /><testcase classname="backend.tests.test_webstores_v3.TestWebstoreCreationAndProducts" name="test_add_product_to_webstore" time="0.585" /><testcase classname="backend.tests.test_webstores_v3.TestWebstoreCreationAndProducts" name="test_webstore_shows_sales_stats" time="0.404" /><testcase classname="backend.tests.test_webstores_v3.TestOrderCreationAndJobAutoCreate" name="test_create_order_creates_job" time="0.242" /><testcase classname="backend.tests.test_webstores_v3.TestOrderCreationAndJobAutoCreate" name="test_job_appears_in_jobs_list" time="0.562" /><testcase classname="backend.tests.test_webstores_v3.TestOrderCreationAndJobAutoCreate" name="test_order_has_correct_customer_info" time="0.553" /><testcase classname="backend.tests.test_webstores_v3.TestDecalSizeVariants" name="test_create_decal_with_size_variants" time="0.482" /><testcase classname="backend.tests.test_webstores_v3.TestWebstoreIntegration" name="test_complete_flow" time="1.552" /></testsuite></testsuites>