<?xml version="1.0" encoding="utf-8"?><testsuites name="pytest tests"><testsuite name="pytest" errors="0" failures="0" skipped="0" tests="10" time="4.750" timestamp="2026-02-24T04:56:43.090761+00:00" hostname="agent-env-43cc3b9f-d223-41fe-98c1-b22beaba3ee6"><testcase classname="backend.tests.test_webstore_bugs_iteration35.TestAuth" name="test_login_success" time="0.416" /><testcase classname="backend.tests.test_webstore_bugs_iteration35.TestStripeConnectStatus" name="test_stripe_connect_status_not_connected" time="0.471" /><testcase classname="backend.tests.test_webstore_bugs_iteration35.TestProductCRUDWithImages" name="test_create_product_with_base64_image" time="0.433" /><testcase classname="backend.tests.test_webstore_bugs_iteration35.TestProductCRUDWithImages" name="test_create_product_with_multiple_images" time="0.105" /><testcase classname="backend.tests.test_webstore_bugs_iteration35.TestProductCRUDWithImages" name="test_update_product_images" time="0.353" /><testcase classname="backend.tests.test_webstore_bugs_iteration35.TestWebstoreCreation" name="test_create_webstore_with_branding" time="0.450" /><testcase classname="backend.tests.test_webstore_bugs_iteration35.TestWebstoreCreation" name="test_update_webstore_color" time="0.221" /><testcase classname="backend.tests.test_webstore_bugs_iteration35.TestWebstoreCheckoutStripeGate" name="test_checkout_returns_error_when_stripe_not_connected" time="0.871" /><testcase classname="backend.tests.test_webstore_bugs_iteration35.TestCleanup" name="test_cleanup_test_products" time="0.879" /><testcase classname="backend.tests.test_webstore_bugs_iteration35.TestCleanup" name="test_cleanup_test_webstores" time="0.449" /></testsuite></testsuites>